@I [LIC-101] Checked out feature [VIVADO_HLS]
@I [HLS-10] Running 'D:/Xilinx/Vivado_HLS/2014.4/bin/unwrapped/win32.o/vivado_hls.exe'
            for user 'Administrator' on host 'mq-pc' (Windows NT_intel version 6.1) on Wed Jun 24 09:33:38 +0800 2015
            in directory 'E:/HLS'
@I [HLS-10] Opening project 'E:/HLS/mpc_pso'.
@I [HLS-10] Opening solution 'E:/HLS/mpc_pso/solution1'.
@I [SYN-201] Setting up clock 'default' with a period of 8ns.
@I [LIC-101] Checked out feature [VIVADO_HLS]
@I [HLS-10] Setting target device to 'xc7z010clg400-1'
@I [SIM-47] Using XSIM for RTL simulation.
@I [SIM-14] Instrumenting C test bench ...
   Build using "D:/Xilinx/Vivado_HLS/2014.4/msys/bin/g++.exe"
   Compiling apatb_Compult.cpp
   Compiling mpc.cpp_pre.cpp.tb.cpp
   Compiling mpc_test.cpp_pre.cpp.tb.cpp
   Generating cosim.tv.exe
@I [SIM-302] Starting C TB testing ... 
打开文件成功
打开文件成功
txt_u[0]=0.834582567214966
txt_u[1]=0.034687072038651
txt_u[2]=-0.005027651786804
txt_u[3]=-0.007562696933746
txt_u[4]=-0.001917749643326
txt_u[5]=-0.000640809535980
txt_u[6]=-0.000765800476074
txt_u[7]=-0.000855505466461
txt_u[8]=-0.001043289899826
txt_u[9]=-0.000955551862717
txt_u[10]=-0.001011967658997
txt_u[11]=-0.000985115766525
txt_u[12]=-0.000953644514084
txt_u[13]=-0.000115454196930
txt_u[14]=0.000973761081696
txt_u[15]=-0.000736176967621
txt_u[16]=-0.001030087471008
txt_u[17]=-0.000860214233398
txt_u[18]=-0.000852465629578
txt_u[19]=-0.000893652439117
txt_u[20]=-0.000619888305664
txt_u[21]=-0.000887870788574
txt_u[22]=-0.000740945339203
txt_u[23]=-0.000805884599686
txt_u[24]=-0.000868797302246
txt_u[25]=-0.000856399536133
txt_u[26]=-0.000875473022461
txt_u[27]=-0.000739097595215
txt_u[28]=-0.000778228044510
txt_u[29]=-0.000645697116852
txt_u[30]=-0.000861227512360
txt_u[31]=-0.000545680522919
txt_u[32]=-0.001064062118530
txt_u[33]=-0.000789523124695
txt_u[34]=-0.000880241394043
txt_u[35]=-0.000815510749817
txt_u[36]=-0.000588327646255
txt_u[37]=-0.000762939453125
txt_u[38]=-0.000656127929688
txt_u[39]=-0.000926017761230
txt_u[40]=-0.000713437795639
txt_u[41]=-0.000764757394791
txt_u[42]=-0.000515162944794
txt_u[43]=-0.000898152589798
txt_u[44]=-0.000931978225708
txt_u[45]=-0.000548243522644
txt_u[46]=-0.000789612531662
txt_u[47]=-0.000762999057770
txt_u[48]=-0.000676155090332
txt_u[49]=-0.000707596540451
txt_u[50]=-0.000686585903168
txt_u[51]=-0.000759094953537
txt_u[52]=-0.000792503356934
txt_u[53]=-0.000648558139801
txt_u[54]=-0.000722020864487
txt_u[55]=-0.000742912292480
txt_u[56]=-0.000653237104416
txt_u[57]=-0.000865817070007
txt_u[58]=-0.000610649585724
txt_u[59]=-0.000687271356583
txt_u[60]=-0.000646770000458
txt_u[61]=-0.000761985778809
txt_u[62]=-0.000783771276474
txt_u[63]=-0.000693321228027
txt_u[64]=-0.000568389892578
txt_u[65]=-0.000686764717102
txt_u[66]=-0.000737994909286
txt_u[67]=-0.000653386116028
txt_u[68]=-0.000640779733658
txt_u[69]=-0.000686675310135
txt_u[70]=-0.000705122947693
txt_u[71]=-0.000642478466034
txt_u[72]=-0.000686705112457
txt_u[73]=-0.000624537467957
txt_u[74]=-0.000674545764923
txt_u[75]=-0.000687479972839
txt_u[76]=-0.000611126422882
txt_u[77]=-0.000698506832123
txt_u[78]=-0.000609964132309
txt_u[79]=-0.000713497400284
txt_u[80]=-0.000279009342194
txt_u[81]=-0.024746090173721
txt_u[82]=-0.037844657897949
txt_u[83]=-0.030158221721649
txt_u[84]=-0.018295586109161
txt_u[85]=-0.005393385887146
txt_u[86]=-0.004732757806778
txt_u[87]=-0.012279033660889
txt_u[88]=-0.016064673662186
txt_u[89]=-0.006448000669479
txt_u[90]=-0.013334989547729
txt_u[91]=-0.007758766412735
txt_u[92]=-0.003165543079376
txt_u[93]=0.001929193735123
txt_u[94]=-0.001122176647186
txt_u[95]=0.000644803047180
txt_u[96]=0.003407299518585
txt_u[97]=0.002947986125946
txt_u[98]=0.000543534755707
txt_u[99]=-0.002387225627899
txt_u[100]=-0.006182134151459
txt_u[101]=-0.012265861034393
txt_u[102]=-0.009616136550903
txt_u[103]=-0.003907412290573
txt_u[104]=0.004126876592636
txt_u[105]=0.010317742824554
txt_u[106]=0.004168570041656
txt_u[107]=0.000091493129730
txt_u[108]=-0.013411968946457
txt_u[109]=-0.017988473176956
txt_u[110]=-0.012601822614670
txt_u[111]=0.002925693988800
txt_u[112]=0.012338489294052
txt_u[113]=0.008850485086441
txt_u[114]=0.016701012849808
txt_u[115]=0.000158458948135
txt_u[116]=-0.017779767513275
txt_u[117]=-0.033199578523636
txt_u[118]=-0.031243205070496
txt_u[119]=0.002880454063416
txt_u[120]=0.002846181392670
txt_u[121]=0.030867040157318
txt_u[122]=0.000999391078949
txt_u[123]=-0.004648864269257
txt_u[124]=-0.002063989639282
txt_u[125]=0.003236383199692
txt_u[126]=0.004700660705566
txt_u[127]=-0.005619138479233
txt_u[128]=0.006284564733505
txt_u[129]=0.005406856536865
txt_u[130]=0.003901124000549
txt_u[131]=-0.005043625831604
txt_u[132]=-0.007568418979645
txt_u[133]=-0.002694249153137
txt_u[134]=0.001600027084351
txt_u[135]=0.006504982709885
txt_u[136]=0.004446268081665
txt_u[137]=-0.001261234283447
txt_u[138]=-0.003566712141037
txt_u[139]=-0.004413664340973
txt_u[140]=-0.001737475395203
txt_u[141]=0.003919333219528
txt_u[142]=-0.000260442495346
txt_u[143]=-0.014608561992645
txt_u[144]=0.003078818321228
txt_u[145]=0.002427875995636
txt_u[146]=-0.001124382019043
txt_u[147]=0.002785623073578
txt_u[148]=-0.004603981971741
txt_u[149]=-0.006904423236847
txt_u[150]=0.002963662147522
txt_u[151]=0.000858932733536
txt_u[152]=0.003101706504822
txt_u[153]=-0.005990087985992
txt_u[154]=-0.000329613685608
txt_u[155]=0.000579386949539
txt_u[156]=-0.004988133907318
txt_u[157]=-0.005926847457886
txt_u[158]=0.004287302494049
txt_u[159]=-0.000838816165924
txt_u[160]=-0.000885605812073
txt_u[161]=-0.000014603137970
txt_u[162]=-0.001185894012451
txt_u[163]=-0.000609695911407
txt_u[164]=0.000002622604370
txt_u[165]=0.000615805387497
txt_u[166]=0.000813722610474
txt_u[167]=0.001116573810577
txt_u[168]=0.000995397567749
txt_u[169]=0.000947892665863
txt_u[170]=0.000830948352814
txt_u[171]=0.000009685754776
txt_u[172]=-0.000190526247025
txt_u[173]=-0.000337898731232
txt_u[174]=0.000348150730133
txt_u[175]=0.000141799449921
txt_u[176]=-0.000763624906540
txt_u[177]=-0.000281482934952
txt_u[178]=-0.000169336795807
txt_u[179]=0.000401377677917
txt_u[180]=0.000128328800201
txt_u[181]=0.000095516443253
txt_u[182]=0.000188469886780
txt_u[183]=0.000361323356628
txt_u[184]=0.000266432762146
txt_u[185]=0.000111639499664
txt_u[186]=0.000202596187592
txt_u[187]=0.000004053115845
txt_u[188]=-0.000148415565491
txt_u[189]=-0.000170946121216
txt_u[190]=-0.000206649303436
txt_u[191]=0.000113457441330
txt_u[192]=0.000243127346039
txt_u[193]=0.000049263238907
txt_u[194]=-0.000379443168640
txt_u[195]=0.000095307826996
txt_u[196]=0.000091284513474
txt_u[197]=0.000116705894470
txt_u[198]=0.000003844499588
txt_u[199]=0.000115036964417
txt_u[200]=-0.000044763088226
txt_u[201]=0.000090688467026
txt_u[202]=0.000004291534424
txt_u[203]=-0.000081419944763
txt_u[204]=0.000071018934250
txt_u[205]=0.000137567520142
txt_u[206]=0.000349640846252
txt_u[207]=0.000001728534698
txt_u[208]=0.000022739171982
txt_u[209]=0.000222444534302
txt_u[210]=0.000156462192535
txt_u[211]=0.000003993511200
txt_u[212]=0.000121682882309
txt_u[213]=0.000137269496918
txt_u[214]=0.000070035457611
txt_u[215]=0.000008463859558
txt_u[216]=0.000092744827271
txt_u[217]=0.000049054622650
txt_u[218]=0.000135421752930
txt_u[219]=0.000222682952881
txt_u[220]=-0.000273644924164
txt_u[221]=0.000091284513474
txt_u[222]=0.000194817781448
txt_u[223]=0.000048935413361
txt_u[224]=0.000070512294769
txt_u[225]=0.000047326087952
txt_u[226]=0.000214546918869
txt_u[227]=0.000089108943939
txt_u[228]=-0.000452131032944
txt_u[229]=0.000025749206543
txt_u[230]=0.000100493431091
txt_u[231]=0.000089347362518
txt_u[232]=-0.000574171543121
txt_u[233]=0.000158011913300
txt_u[234]=-0.000275194644928
txt_u[235]=0.000001221895218
txt_u[236]=0.000114977359772
txt_u[237]=0.000175595283508
txt_u[238]=0.000111222267151
txt_u[239]=0.000059545040131
txt_u[240]=-0.000086426734924
txt_u[241]=0.000091731548309
txt_u[242]=0.000091612339020
txt_u[243]=0.000049322843552
txt_u[244]=0.000157177448273
txt_u[245]=0.000005453824997
txt_u[246]=0.000086158514023
txt_u[247]=0.000179469585419
txt_u[248]=-0.000029265880585
txt_u[249]=0.000282406806946
txt_u[250]=0.000090003013611
txt_u[251]=0.000048160552979
txt_u[252]=0.000025808811188
txt_u[253]=0.000223934650421
txt_u[254]=0.000043362379074
txt_u[255]=0.000114321708679
txt_u[256]=0.000114738941193
txt_u[257]=-0.000283479690552
txt_u[258]=0.000003218650818
txt_u[259]=0.000156342983246
txt_u[260]=0.000154465436935
txt_u[261]=0.000200986862183
txt_u[262]=0.000102519989014
txt_u[263]=-0.000523984432220
txt_u[264]=0.000067472457886
txt_u[265]=0.000022768974304
txt_u[266]=0.000023394823074
txt_u[267]=0.000180125236511
txt_u[268]=0.000158905982971
txt_u[269]=0.000200629234314
txt_u[270]=0.000222265720367
txt_u[271]=0.000026822090149
txt_u[272]=0.000178426504135
txt_u[273]=-0.000554889440536
txt_u[274]=0.000113189220428
txt_u[275]=0.000025093555450
txt_u[276]=0.000177860260010
txt_u[277]=0.000005602836609
txt_u[278]=0.000156879425049
txt_u[279]=0.000202149152756
txt_u[280]=0.000201791524887
txt_u[281]=-0.000179678201675
txt_u[282]=0.000045001506805
txt_u[283]=-0.000143855810165
txt_u[284]=0.000114858150482
txt_u[285]=0.000071406364441
txt_u[286]=-0.000399649143219
txt_u[287]=0.000200688838959
txt_u[288]=0.000067591667175
txt_u[289]=-0.000065922737122
txt_u[290]=0.000044524669647
txt_u[291]=0.000136464834213
txt_u[292]=0.000002413988113
txt_u[293]=0.000068843364716
txt_u[294]=0.000114500522614
txt_u[295]=0.000045388936996
txt_u[296]=0.000024944543839
txt_u[297]=0.000092536211014
txt_u[298]=0.000113844871521
txt_u[299]=0.000135987997055
txt_u[300]=0.000114500522614
txt_u[301]=0.000179350376129
txt_u[302]=-0.000140845775604
txt_u[303]=0.000251352787018
txt_u[304]=-0.000047594308853
txt_u[305]=0.000176608562469
txt_u[306]=0.000135242938995
txt_u[307]=0.000045239925385
txt_u[308]=0.000178992748260
txt_u[309]=-0.000327199697495
txt_u[310]=0.000090241432190
txt_u[311]=0.000157892704010
txt_u[312]=0.000044703483582
txt_u[313]=0.000111699104309
txt_u[314]=0.000068545341492
txt_u[315]=0.000222802162170
txt_u[316]=0.000025957822800
txt_u[317]=0.000111311674118
txt_u[318]=0.000025779008865
txt_u[319]=0.000092148780823
txt_u[320]=0.000178933143616
txt_u[321]=0.000202894210815
txt_u[322]=0.000037729740143
txt_u[323]=0.000025510787964
txt_u[324]=0.000156074762344
txt_u[325]=0.000181555747986
txt_u[326]=0.000003457069397
txt_u[327]=-0.000068247318268
txt_u[328]=-0.000240206718445
txt_u[329]=0.000000774860382
txt_u[330]=0.000001519918442
txt_u[331]=0.000135570764542
txt_u[332]=0.000257283449173
txt_u[333]=0.000194698572159
txt_u[334]=-0.000104844570160
txt_u[335]=0.000111401081085
txt_u[336]=0.000024914741516
txt_u[337]=0.000115483999252
txt_u[338]=0.000115066766739
txt_u[339]=0.000001460313797
txt_u[340]=0.000115573406219
txt_u[341]=-0.000213831663132
txt_u[342]=0.000157535076141
txt_u[343]=0.000022262334824
txt_u[344]=0.000133454799652
txt_u[345]=0.000027537345886
txt_u[346]=0.000024318695068
txt_u[347]=0.000112056732178
txt_u[348]=0.000156104564667
txt_u[349]=0.000003069639206
txt_u[350]=0.000003814697266
txt_u[351]=-0.000050485134125
txt_u[352]=0.000156164169312
txt_u[353]=0.000367522239685
txt_u[354]=0.000070035457611
txt_u[355]=0.000505387783051
txt_u[356]=0.000071138143539
txt_u[357]=0.000137627124786
txt_u[358]=0.000213861465454
txt_u[359]=-0.000316083431244
txt_u[360]=0.000134527683258
txt_u[361]=-0.000129938125610
txt_u[362]=0.000022888183594
txt_u[363]=-0.000044524669647
txt_u[364]=0.000115573406219
txt_u[365]=0.000001192092896
txt_u[366]=0.000046491622925
txt_u[367]=0.000260293483734
txt_u[368]=0.000303924083710
txt_u[369]=-0.000103771686554
txt_u[370]=0.000000774860382
txt_u[371]=0.000223696231842
txt_u[372]=0.000180989503860
txt_u[373]=0.000136137008667
txt_u[374]=-0.000552266836166
txt_u[375]=0.000186562538147
txt_u[376]=0.000023424625397
txt_u[377]=0.000202298164368
txt_u[378]=0.000045359134674
txt_u[379]=-0.000051707029343
txt_u[380]=-0.000125586986542
txt_u[381]=0.000222921371460
txt_u[382]=0.000090837478638
txt_u[383]=0.000114858150482
txt_u[384]=0.000423580408096
txt_u[385]=0.000239789485931
txt_u[386]=0.000114440917969
txt_u[387]=0.000046461820602
txt_u[388]=0.000070095062256
txt_u[389]=0.000089108943939
txt_u[390]=0.000132739543915
txt_u[391]=0.000113010406494
txt_u[392]=-0.000092267990112
txt_u[393]=0.000087082386017
txt_u[394]=0.000136673450470
txt_u[395]=0.000048577785492
txt_u[396]=0.000179469585419
txt_u[397]=0.000157654285431
txt_u[398]=0.000027388334274
txt_u[399]=0.000122368335724
txt_u[400]=-1.000000000000000
txt_u[401]=-0.419424414634705
txt_u[402]=0.006323039531708
txt_u[403]=0.007225990295410
txt_u[404]=0.007511168718338
txt_u[405]=0.000865876674652
txt_u[406]=0.000374168157578
txt_u[407]=0.000783652067184
txt_u[408]=0.000840157270432
txt_u[409]=0.000930756330490
txt_u[410]=0.000887870788574
txt_u[411]=0.000969946384430
txt_u[412]=0.000601828098297
txt_u[413]=0.001301705837250
txt_u[414]=0.001245439052582
txt_u[415]=0.000975638628006
txt_u[416]=0.001122534275055
txt_u[417]=0.001058548688889
txt_u[418]=0.001241683959961
txt_u[419]=0.001247376203537
txt_u[420]=0.001017689704895
txt_u[421]=0.001085162162781
txt_u[422]=0.001221656799316
txt_u[423]=0.001033872365952
txt_u[424]=0.001224517822266
txt_u[425]=0.001142442226410
txt_u[426]=0.001332223415375
txt_u[427]=0.000926047563553
txt_u[428]=0.001092940568924
txt_u[429]=0.001042336225510
txt_u[430]=0.001202642917633
txt_u[431]=0.001176834106445
txt_u[432]=0.001137793064117
txt_u[433]=0.001198619604111
txt_u[434]=0.001089274883270
txt_u[435]=0.001166343688965
txt_u[436]=0.001091778278351
txt_u[437]=0.001274138689041
txt_u[438]=0.001153230667114
txt_u[439]=0.001054167747498
txt_u[440]=0.001216351985931
txt_u[441]=0.001107901334763
txt_u[442]=0.001207023859024
txt_u[443]=0.001057386398315
txt_u[444]=0.001717209815979
txt_u[445]=0.052106440067291
txt_u[446]=0.086896538734436
txt_u[447]=0.101292550563812
txt_u[448]=0.189768165349960
txt_u[449]=0.196408957242966
txt_u[450]=0.176341772079468
txt_u[451]=0.230671584606171
txt_u[452]=0.283863663673401
txt_u[453]=0.189065158367157
txt_u[454]=0.091747373342514
txt_u[455]=-0.073265016078949
txt_u[456]=-0.244132578372955
txt_u[457]=-0.145359694957733
txt_u[458]=-0.123679339885712
txt_u[459]=-0.010042697191238
txt_u[460]=-0.003190308809280
txt_u[461]=0.003061532974243
txt_u[462]=0.007341772317886
txt_u[463]=0.019248783588409
txt_u[464]=0.014063149690628
txt_u[465]=0.023265123367310
txt_u[466]=0.032861679792404
txt_u[467]=0.022209167480469
txt_u[468]=0.048445284366608
txt_u[469]=0.046083420515060
txt_u[470]=0.046435147523880
txt_u[471]=0.026748299598694
txt_u[472]=0.046255528926849
txt_u[473]=0.048153936862946
txt_u[474]=0.045152992010117
txt_u[475]=0.031678348779678
txt_u[476]=-0.001432865858078
txt_u[477]=-0.033177167177200
txt_u[478]=-0.082079380750656
txt_u[479]=-0.003992438316345
txt_u[480]=0.022228211164474
txt_u[481]=0.006516516208649
txt_u[482]=-0.000164180994034
txt_u[483]=-0.004850387573242
txt_u[484]=0.002351373434067
txt_u[485]=0.002812683582306
txt_u[486]=0.003132700920105
txt_u[487]=0.012641012668610
txt_u[488]=-0.002694278955460
txt_u[489]=-0.004379689693451
txt_u[490]=0.002926468849182
txt_u[491]=0.003799974918365
txt_u[492]=0.003135651350021
txt_u[493]=0.003043591976166
txt_u[494]=0.011910676956177
txt_u[495]=-0.004063546657562
txt_u[496]=0.000046998262405
txt_u[497]=0.006652891635895
txt_u[498]=-0.000286996364594
txt_u[499]=0.005699276924133
txt_u[500]=0.004764646291733
txt_u[501]=0.004873037338257
txt_u[502]=0.001442402601242
txt_u[503]=-0.000272363424301
txt_u[504]=0.007924199104309
txt_u[505]=0.008519768714905
txt_u[506]=0.009634256362915
txt_u[507]=0.002889454364777
txt_u[508]=-0.002322167158127
txt_u[509]=-0.010112434625626
txt_u[510]=0.009778797626495
txt_u[511]=0.002006709575653
txt_u[512]=-0.004657000303268
txt_u[513]=-0.006274521350861
txt_u[514]=0.007882565259933
txt_u[515]=0.000891566276550
txt_u[516]=-0.000962346792221
txt_u[517]=0.004225283861160
txt_u[518]=0.001629829406738
txt_u[519]=0.000157713890076
txt_u[520]=0.007650136947632
txt_u[521]=-0.002413928508759
txt_u[522]=0.000670075416565
txt_u[523]=-0.001155734062195
txt_u[524]=0.000695586204529
txt_u[525]=0.000450253486633
txt_u[526]=0.000409007072449
txt_u[527]=-0.000805020332336
txt_u[528]=-0.000893861055374
txt_u[529]=-0.001570105552673
txt_u[530]=-0.000702500343323
txt_u[531]=0.000064134597778
txt_u[532]=0.001632720232010
txt_u[533]=0.001781910657883
txt_u[534]=0.000587642192841
txt_u[535]=-0.001260340213776
txt_u[536]=-0.002315938472748
txt_u[537]=-0.002243310213089
txt_u[538]=-0.000094115734100
txt_u[539]=0.003402113914490
txt_u[540]=-0.003962010145187
txt_u[541]=-0.004173278808594
txt_u[542]=0.001943171024323
txt_u[543]=0.004869610071182
txt_u[544]=0.000753104686737
txt_u[545]=-0.005059063434601
txt_u[546]=-0.002379357814789
txt_u[547]=0.000974565744400
txt_u[548]=-0.002929985523224
txt_u[549]=-0.013051569461823
txt_u[550]=0.006197452545166
txt_u[551]=-0.001462101936340
txt_u[552]=0.001203417778015
txt_u[553]=-0.000096023082733
txt_u[554]=-0.009275496006012
txt_u[555]=-0.000760793685913
txt_u[556]=0.001898765563965
txt_u[557]=-0.000881969928741
txt_u[558]=-0.002871930599213
txt_u[559]=-0.004382491111755
txt_u[560]=-0.001634597778320
txt_u[561]=-0.001120388507843
txt_u[562]=0.000232666730881
txt_u[563]=0.001062393188477
txt_u[564]=0.002152740955353
txt_u[565]=-0.007632911205292
txt_u[566]=0.000419586896896
txt_u[567]=0.001347541809082
txt_u[568]=0.004055678844452
txt_u[569]=-0.005477011203766
txt_u[570]=-0.009737730026245
txt_u[571]=0.001604437828064
txt_u[572]=0.004530787467957
txt_u[573]=-0.001504242420197
txt_u[574]=-0.004293143749237
txt_u[575]=0.006256699562073
txt_u[576]=-0.001308143138885
txt_u[577]=-0.002478182315826
txt_u[578]=0.005207419395447
txt_u[579]=-0.001382708549500
txt_u[580]=-0.001463115215302
txt_u[581]=0.003615379333496
txt_u[582]=-0.000969767570496
txt_u[583]=-0.003852188587189
txt_u[584]=0.005780577659607
txt_u[585]=-0.002552658319473
txt_u[586]=-0.003627479076385
txt_u[587]=0.002760589122772
txt_u[588]=-0.002336025238037
txt_u[589]=-0.003672957420349
txt_u[590]=0.006506204605103
txt_u[591]=-0.002256155014038
txt_u[592]=0.006562441587448
txt_u[593]=-0.005038827657700
txt_u[594]=0.003081977367401
txt_u[595]=-0.002697676420212
txt_u[596]=0.003044933080673
txt_u[597]=-0.006895005702972
txt_u[598]=0.003001302480698
txt_u[599]=0.003702431917191
txt_u[600]=0.004273742437363
txt_u[601]=-0.002684473991394
txt_u[602]=0.001718223094940
txt_u[603]=0.001140534877777
txt_u[604]=0.002654284238815
txt_u[605]=0.001068651676178
txt_u[606]=0.000995963811874
txt_u[607]=0.000056564807892
txt_u[608]=-0.000032901763916
txt_u[609]=-0.000782579183578
txt_u[610]=-0.001466155052185
txt_u[611]=-0.000591158866882
txt_u[612]=-0.001475185155869
txt_u[613]=-0.000645667314529
txt_u[614]=-0.000304818153381
txt_u[615]=0.000291883945465
txt_u[616]=0.000299364328384
txt_u[617]=0.000721842050552
txt_u[618]=0.000064074993134
txt_u[619]=0.000256657600403
txt_u[620]=0.000256836414337
txt_u[621]=0.000208258628845
txt_u[622]=0.000158786773682
txt_u[623]=-0.000100374221802
txt_u[624]=-0.000113368034363
txt_u[625]=-0.000580132007599
txt_u[626]=-0.000105321407318
txt_u[627]=0.000019907951355
txt_u[628]=0.000273883342743
txt_u[629]=0.000112712383270
txt_u[630]=0.000356882810593
txt_u[631]=0.000136554241180
txt_u[632]=0.000195860862732
txt_u[633]=0.000027537345886
txt_u[634]=0.000028580427170
txt_u[635]=0.000157773494720
txt_u[636]=-0.000298410654068
txt_u[637]=0.000137507915497
txt_u[638]=0.000181764364243
txt_u[639]=0.000044763088226
txt_u[640]=0.000059604644775
txt_u[641]=0.000178992748260
txt_u[642]=0.000026047229767
txt_u[643]=-0.000056564807892
txt_u[644]=0.000159323215485
txt_u[645]=0.000093162059784
txt_u[646]=0.000223755836487
txt_u[647]=0.000158816576004
txt_u[648]=0.000112563371658
txt_u[649]=0.000309795141220
txt_u[650]=0.000045478343964
txt_u[651]=0.000380516052246
txt_u[652]=0.000027596950531
txt_u[653]=0.000071704387665
txt_u[654]=0.000003933906555
txt_u[655]=0.000109106302261
txt_u[656]=0.000135362148285
txt_u[657]=-0.000107854604721
txt_u[658]=-0.000297844409943
txt_u[659]=0.000322341918945
txt_u[660]=0.000238001346588
txt_u[661]=0.000093758106232
txt_u[662]=0.000201165676117
txt_u[663]=0.000114947557449
txt_u[664]=0.000089764595032
txt_u[665]=0.000048041343689
txt_u[666]=0.000090181827545
txt_u[667]=0.000238358974457
txt_u[668]=0.000048428773880
txt_u[669]=0.000112354755402
txt_u[670]=-0.000227063894272
txt_u[671]=0.000090390443802
txt_u[672]=0.000198364257813
txt_u[673]=0.000135302543640
txt_u[674]=0.000111281871796
txt_u[675]=-0.000133603811264
txt_u[676]=0.000000476837158
txt_u[677]=-0.000586926937103
txt_u[678]=0.000181794166565
txt_u[679]=-0.000562041997910
txt_u[680]=0.000201791524887
txt_u[681]=0.000178277492523
txt_u[682]=0.000194847583771
txt_u[683]=0.000661015510559
txt_u[684]=0.000134468078613
txt_u[685]=0.000067174434662
txt_u[686]=0.000202536582947
txt_u[687]=0.000232875347137
txt_u[688]=0.000062555074692
txt_u[689]=0.000201940536499
txt_u[690]=0.000312179327011
txt_u[691]=0.000178784132004
txt_u[692]=0.000092029571533
txt_u[693]=-0.000330686569214
txt_u[694]=0.000000298023224
txt_u[695]=0.000136256217957
txt_u[696]=0.000117361545563
txt_u[697]=0.000068545341492
txt_u[698]=0.000024795532227
txt_u[699]=0.000400453805923
txt_u[700]=0.000027120113373
txt_u[701]=0.000178277492523
txt_u[702]=0.000181555747986
txt_u[703]=0.000191897153854
txt_u[704]=0.000081628561020
txt_u[705]=-0.000021219253540
txt_u[706]=0.000311523675919
txt_u[707]=0.000069111585617
txt_u[708]=0.000134557485580
txt_u[709]=0.000030875205994
txt_u[710]=0.000025659799576
txt_u[711]=0.000201404094696
txt_u[712]=0.000115364789963
txt_u[713]=-0.000045090913773
txt_u[714]=0.000212550163269
txt_u[715]=0.000188171863556
txt_u[716]=-0.000223398208618
txt_u[717]=0.000244975090027
txt_u[718]=0.000200599431992
txt_u[719]=0.000069022178650
txt_u[720]=0.000005602836609
txt_u[721]=0.000115185976028
txt_u[722]=0.000180780887604
txt_u[723]=0.000093460083008
txt_u[724]=0.000049173831940
txt_u[725]=0.000001013278961
txt_u[726]=0.000187575817108
txt_u[727]=0.000113517045975
txt_u[728]=0.000067621469498
txt_u[729]=0.000089049339294
txt_u[730]=0.000156015157700
txt_u[731]=0.000149488449097
txt_u[732]=0.000003337860107
txt_u[733]=0.000135719776154
txt_u[734]=0.000178933143616
txt_u[735]=0.000223219394684
txt_u[736]=-0.000102639198303
txt_u[737]=0.000180423259735
txt_u[738]=0.000004410743713
txt_u[739]=-0.000377297401428
txt_u[740]=0.000004708766937
txt_u[741]=-0.000006079673767
txt_u[742]=0.000049054622650
txt_u[743]=0.000201553106308
txt_u[744]=0.000001251697540
txt_u[745]=0.000093191862106
txt_u[746]=-0.000289976596832
txt_u[747]=0.000003337860107
txt_u[748]=0.000178486108780
txt_u[749]=0.000049144029617
txt_u[750]=0.000092267990112
txt_u[751]=0.000113725662231
txt_u[752]=0.000071138143539
txt_u[753]=-0.000395327806473
txt_u[754]=0.000005364418030
txt_u[755]=-0.000348418951035
txt_u[756]=0.000202298164368
txt_u[757]=0.000212132930756
txt_u[758]=-0.000052988529205
txt_u[759]=0.000210762023926
txt_u[760]=0.000181674957275
txt_u[761]=0.000191748142242
txt_u[762]=0.000047147274017
txt_u[763]=0.000164568424225
txt_u[764]=0.000004112720490
txt_u[765]=-0.000201404094696
txt_u[766]=0.000047266483307
txt_u[767]=0.000201344490051
txt_u[768]=0.000113725662231
txt_u[769]=0.000068724155426
txt_u[770]=0.000132679939270
txt_u[771]=-0.000017404556274
txt_u[772]=0.000222504138947
txt_u[773]=0.000000178813934
txt_u[774]=0.000159651041031
txt_u[775]=0.000089049339294
txt_u[776]=0.000047028064728
txt_u[777]=0.000188767910004
txt_u[778]=-0.000351995229721
txt_u[779]=0.000134885311127
txt_u[780]=0.000137209892273
txt_u[781]=-0.000033527612686
txt_u[782]=0.000159204006195
txt_u[783]=-0.000269532203674
txt_u[784]=0.000120282173157
txt_u[785]=0.000112652778625
txt_u[786]=0.000202804803848
txt_u[787]=0.000115156173706
txt_u[788]=0.000046104192734
txt_u[789]=0.000049233436584
txt_u[790]=0.000001698732376
txt_u[791]=0.000200510025024
txt_u[792]=0.000045955181122
txt_u[793]=0.000249087810516
txt_u[794]=0.000223338603973
txt_u[795]=0.000180929899216
txt_u[796]=-0.000039488077164
txt_u[797]=0.000023365020752
txt_u[798]=0.000002026557922
txt_u[799]=0.000088930130005
txt_u[800]=0.140013337135315
txt_u[801]=0.104009836912155
txt_u[802]=-0.025213479995728
txt_u[803]=-0.007084786891937
txt_u[804]=-0.003058433532715
txt_u[805]=-0.000448286533356
txt_u[806]=-0.000487297773361
txt_u[807]=-0.000533103942871
txt_u[808]=-0.000724792480469
txt_u[809]=-0.000809669494629
txt_u[810]=-0.000665664672852
txt_u[811]=-0.000796377658844
txt_u[812]=-0.000758081674576
txt_u[813]=-0.000799238681793
txt_u[814]=-0.000705033540726
txt_u[815]=-0.000363051891327
txt_u[816]=-0.001224517822266
txt_u[817]=-0.000692337751389
txt_u[818]=-0.000906944274902
txt_u[819]=-0.000807762145996
txt_u[820]=-0.000597000122070
txt_u[821]=-0.000816404819489
txt_u[822]=-0.000746697187424
txt_u[823]=-0.000801205635071
txt_u[824]=-0.000956386327744
txt_u[825]=-0.000577926635742
txt_u[826]=-0.000789701938629
txt_u[827]=-0.000735253095627
txt_u[828]=-0.000654309988022
txt_u[829]=-0.000792503356934
txt_u[830]=-0.000726640224457
txt_u[831]=-0.000754386186600
txt_u[832]=-0.000797241926193
txt_u[833]=-0.000729620456696
txt_u[834]=-0.000769853591919
txt_u[835]=-0.000704497098923
txt_u[836]=-0.000758111476898
txt_u[837]=-0.000639915466309
txt_u[838]=-0.000773429870605
txt_u[839]=-0.000632256269455
txt_u[840]=-0.000810623168945
txt_u[841]=-0.000684767961502
txt_u[842]=-0.000674366950989
txt_u[843]=-0.000717997550964
txt_u[844]=-0.000720977783203
txt_u[845]=-0.000667631626129
txt_u[846]=-0.000755459070206
txt_u[847]=-0.000613093376160
txt_u[848]=-0.000779092311859
txt_u[849]=-0.000679105520248
txt_u[850]=-0.000681787729263
txt_u[851]=-0.000815361738205
txt_u[852]=-0.000566601753235
txt_u[853]=-0.000678896903992
txt_u[854]=-0.000746011734009
txt_u[855]=-0.000653326511383
txt_u[856]=-0.000505328178406
txt_u[857]=-0.000801980495453
txt_u[858]=-0.000703781843185
txt_u[859]=-0.000617951154709
txt_u[860]=-0.000640839338303
txt_u[861]=-0.000652313232422
txt_u[862]=-0.000676631927490
txt_u[863]=-0.000729143619537
txt_u[864]=-0.000641494989395
txt_u[865]=-0.000632494688034
txt_u[866]=-0.000652521848679
txt_u[867]=-0.000287234783173
txt_u[868]=-0.018358767032623
txt_u[869]=-0.043814301490784
txt_u[870]=-0.018943011760712
txt_u[871]=-0.012183487415314
txt_u[872]=-0.018934488296509
txt_u[873]=-0.012229949235916
txt_u[874]=-0.007300317287445
txt_u[875]=-0.011649698019028
txt_u[876]=-0.013017147779465
txt_u[877]=-0.004872858524323
txt_u[878]=-0.001615107059479
txt_u[879]=0.001978099346161
txt_u[880]=-0.001447439193726
txt_u[881]=-0.000135481357574
txt_u[882]=-0.000330746173859
txt_u[883]=-0.001056849956512
txt_u[884]=-0.000898659229279
txt_u[885]=-0.001137793064117
txt_u[886]=-0.004230797290802
txt_u[887]=-0.005205243825912
txt_u[888]=-0.007590979337692
txt_u[889]=-0.007540702819824
txt_u[890]=-0.003125190734863
txt_u[891]=0.002307444810867
txt_u[892]=0.007447004318237
txt_u[893]=0.004813045263290
txt_u[894]=-0.003099650144577
txt_u[895]=-0.012074887752533
txt_u[896]=-0.019114404916763
txt_u[897]=-0.016181766986847
txt_u[898]=0.002567887306213
txt_u[899]=0.015704363584518
txt_u[900]=0.017310351133347
txt_u[901]=0.013437092304230
txt_u[902]=-0.007867187261581
txt_u[903]=-0.016404092311859
txt_u[904]=-0.026871711015701
txt_u[905]=-0.012297689914703
txt_u[906]=0.001680850982666
txt_u[907]=0.016990363597870
txt_u[908]=0.026736736297607
txt_u[909]=-0.000091642141342
txt_u[910]=-0.003219932317734
txt_u[911]=-0.010105729103088
txt_u[912]=-0.007545828819275
txt_u[913]=-0.003406792879105
txt_u[914]=0.009666681289673
txt_u[915]=0.006626844406128
txt_u[916]=-0.003890156745911
txt_u[917]=0.002414315938950
txt_u[918]=-0.007832229137421
txt_u[919]=-0.020736634731293
txt_u[920]=0.001720130443573
txt_u[921]=0.010752260684967
txt_u[922]=-0.000794112682343
txt_u[923]=-0.004351258277893
txt_u[924]=0.002537012100220
txt_u[925]=-0.003077268600464
txt_u[926]=0.003355503082275
txt_u[927]=-0.002970576286316
txt_u[928]=-0.004154920578003
txt_u[929]=-0.004029035568237
txt_u[930]=0.004850834608078
txt_u[931]=-0.000753134489059
txt_u[932]=-0.001035422086716
txt_u[933]=-0.001305282115936
txt_u[934]=-0.001292765140533
txt_u[935]=-0.000039279460907
txt_u[936]=-0.000319242477417
txt_u[937]=0.000557720661163
txt_u[938]=0.001044541597366
txt_u[939]=0.000969827175140
txt_u[940]=0.001034438610077
txt_u[941]=0.000758707523346
txt_u[942]=0.000597476959229
txt_u[943]=0.000119417905807
txt_u[944]=0.000001311302185
txt_u[945]=-0.000126063823700
txt_u[946]=-0.000481247901917
txt_u[947]=-0.000868499279022
txt_u[948]=-0.000083684921265
txt_u[949]=-0.000522851943970
txt_u[950]=0.000325828790665
txt_u[951]=-0.000141233205795
txt_u[952]=0.000067383050919
txt_u[953]=0.000097960233688
txt_u[954]=0.000216066837311
txt_u[955]=-0.000277817249298
txt_u[956]=0.000004082918167
txt_u[957]=0.000083804130554
txt_u[958]=0.000024110078812
txt_u[959]=0.000201642513275
txt_u[960]=0.000274807214737
txt_u[961]=-0.000174134969711
txt_u[962]=-0.000357866287231
txt_u[963]=-0.000132769346237
txt_u[964]=0.000025779008865
txt_u[965]=0.000025123357773
txt_u[966]=0.000070095062256
txt_u[967]=0.000068843364716
txt_u[968]=0.000243723392487
txt_u[969]=0.000026881694794
txt_u[970]=0.000223308801651
txt_u[971]=0.000045716762543
txt_u[972]=0.000113964080811
txt_u[973]=0.000067949295044
txt_u[974]=0.000046104192734
txt_u[975]=0.000001132488251
txt_u[976]=0.000072777271271
txt_u[977]=0.000262707471848
txt_u[978]=0.000157654285431
txt_u[979]=0.000272870063782
txt_u[980]=0.000091373920441
txt_u[981]=0.000222474336624
txt_u[982]=0.000218540430069
txt_u[983]=0.000026673078537
txt_u[984]=0.000133752822876
txt_u[985]=0.000224173069000
txt_u[986]=0.000151693820953
txt_u[987]=0.000201672315598
txt_u[988]=0.000159740447998
txt_u[989]=0.000657439231873
txt_u[990]=0.000031083822250
txt_u[991]=-0.000029504299164
txt_u[992]=-0.000008225440979
txt_u[993]=-0.000514298677444
txt_u[994]=0.000222980976105
txt_u[995]=0.000219345092773
txt_u[996]=0.000111460685730
txt_u[997]=-0.000160336494446
txt_u[998]=0.000227153301239
txt_u[999]=0.000244855880737
txt_u[1000]=0.000048875808716
打开文件成功
@I [SIM-333] Generating C post check test bench ...
@I [SIM-12] Generating RTL test bench ...
@I [SIM-323] Starting verilog simulation. 
@I [SIM-15] Starting XSIM ...

E:\HLS\mpc_pso\solution1\sim\verilog>call xelab xil_defaultlib.apatb_Compult_top -prj Compult.prj --lib "ieee_proposed=./ieee_proposed" -s Compult  
Vivado Simulator 2014.4
Copyright 1986-1999, 2001-2014 Xilinx, Inc. All Rights Reserved.
Running: d:/Xilinx/Vivado/2014.4/bin/unwrapped/win32.o/xelab.exe xil_defaultlib.apatb_Compult_top -prj Compult.prj --lib ieee_proposed=./ieee_proposed -s Compult 
Multi-threading is on. Using 2 slave threads.
Determining compilation order of HDL files.
INFO: [VRFC 10-2263] Analyzing Verilog file "E:/HLS/mpc_pso/solution1/sim/verilog/Compult.autotb.v" into library xil_defaultlib
INFO: [VRFC 10-311] analyzing module apatb_Compult_top
INFO: [VRFC 10-2263] Analyzing Verilog file "E:/HLS/mpc_pso/solution1/sim/verilog/Compult.v" into library xil_defaultlib
INFO: [VRFC 10-311] analyzing module Compult
INFO: [VRFC 10-2263] Analyzing Verilog file "E:/HLS/mpc_pso/solution1/sim/verilog/Compult_fitness.v" into library xil_defaultlib
INFO: [VRFC 10-311] analyzing module Compult_fitness
INFO: [VRFC 10-2263] Analyzing Verilog file "E:/HLS/mpc_pso/solution1/sim/verilog/Compult_fitness_1.v" into library xil_defaultlib
INFO: [VRFC 10-311] analyzing module Compult_fitness_1
INFO: [VRFC 10-2263] Analyzing Verilog file "E:/HLS/mpc_pso/solution1/sim/verilog/Compult_mpc_pso.v" into library xil_defaultlib
INFO: [VRFC 10-311] analyzing module Compult_mpc_pso
INFO: [VRFC 10-2263] Analyzing Verilog file "E:/HLS/mpc_pso/solution1/sim/verilog/Compult_mpc_pso_Ep_V.v" into library xil_defaultlib
INFO: [VRFC 10-311] analyzing module Compult_mpc_pso_Ep_V_ram
INFO: [VRFC 10-311] analyzing module Compult_mpc_pso_Ep_V
INFO: [VRFC 10-2263] Analyzing Verilog file "E:/HLS/mpc_pso/solution1/sim/verilog/Compult_mpc_pso_g_V.v" into library xil_defaultlib
INFO: [VRFC 10-311] analyzing module Compult_mpc_pso_g_V_rom
INFO: [VRFC 10-311] analyzing module Compult_mpc_pso_g_V
INFO: [VRFC 10-2263] Analyzing Verilog file "E:/HLS/mpc_pso/solution1/sim/verilog/Compult_mpc_pso_SxDx_V.v" into library xil_defaultlib
INFO: [VRFC 10-311] analyzing module Compult_mpc_pso_SxDx_V_ram
INFO: [VRFC 10-311] analyzing module Compult_mpc_pso_SxDx_V
INFO: [VRFC 10-2263] Analyzing Verilog file "E:/HLS/mpc_pso/solution1/sim/verilog/Compult_mpc_pso_Sx_0.v" into library xil_defaultlib
INFO: [VRFC 10-311] analyzing module Compult_mpc_pso_Sx_0_rom
INFO: [VRFC 10-311] analyzing module Compult_mpc_pso_Sx_0
INFO: [VRFC 10-2263] Analyzing Verilog file "E:/HLS/mpc_pso/solution1/sim/verilog/Compult_mpc_pso_Sx_1.v" into library xil_defaultlib
INFO: [VRFC 10-311] analyzing module Compult_mpc_pso_Sx_1_rom
INFO: [VRFC 10-311] analyzing module Compult_mpc_pso_Sx_1
INFO: [VRFC 10-2263] Analyzing Verilog file "E:/HLS/mpc_pso/solution1/sim/verilog/Compult_mul_19s_57s_75_6.v" into library xil_defaultlib
INFO: [VRFC 10-311] analyzing module Compult_mul_19s_57s_75_6_MulnS_1
INFO: [VRFC 10-311] analyzing module Compult_mul_19s_57s_75_6
INFO: [VRFC 10-2263] Analyzing Verilog file "E:/HLS/mpc_pso/solution1/sim/verilog/Compult_mul_20s_20ns_40_3.v" into library xil_defaultlib
INFO: [VRFC 10-311] analyzing module Compult_mul_20s_20ns_40_3_Mul3S_3
INFO: [VRFC 10-311] analyzing module Compult_mul_20s_20ns_40_3
INFO: [VRFC 10-2263] Analyzing Verilog file "E:/HLS/mpc_pso/solution1/sim/verilog/Compult_mul_20s_21ns_41_3.v" into library xil_defaultlib
INFO: [VRFC 10-311] analyzing module Compult_mul_20s_21ns_41_3_Mul3S_2
INFO: [VRFC 10-311] analyzing module Compult_mul_20s_21ns_41_3
INFO: [VRFC 10-2263] Analyzing Verilog file "E:/HLS/mpc_pso/solution1/sim/verilog/Compult_mul_22ns_30s_52_3.v" into library xil_defaultlib
INFO: [VRFC 10-311] analyzing module Compult_mul_22ns_30s_52_3_Mul3S_5
INFO: [VRFC 10-311] analyzing module Compult_mul_22ns_30s_52_3
INFO: [VRFC 10-2263] Analyzing Verilog file "E:/HLS/mpc_pso/solution1/sim/verilog/Compult_mul_27s_27s_54_6.v" into library xil_defaultlib
INFO: [VRFC 10-311] analyzing module Compult_mul_27s_27s_54_6_MulnS_0
INFO: [VRFC 10-311] analyzing module Compult_mul_27s_27s_54_6
INFO: [VRFC 10-2263] Analyzing Verilog file "E:/HLS/mpc_pso/solution1/sim/verilog/Compult_mul_29s_16ns_44_3.v" into library xil_defaultlib
INFO: [VRFC 10-311] analyzing module Compult_mul_29s_16ns_44_3_Mul3S_1
INFO: [VRFC 10-311] analyzing module Compult_mul_29s_16ns_44_3
INFO: [VRFC 10-2263] Analyzing Verilog file "E:/HLS/mpc_pso/solution1/sim/verilog/Compult_mul_29s_29s_56_6.v" into library xil_defaultlib
INFO: [VRFC 10-311] analyzing module Compult_mul_29s_29s_56_6_MulnS_3
INFO: [VRFC 10-311] analyzing module Compult_mul_29s_29s_56_6
INFO: [VRFC 10-2263] Analyzing Verilog file "E:/HLS/mpc_pso/solution1/sim/verilog/Compult_mul_30s_18ns_48_3.v" into library xil_defaultlib
INFO: [VRFC 10-311] analyzing module Compult_mul_30s_18ns_48_3_Mul3S_4
INFO: [VRFC 10-311] analyzing module Compult_mul_30s_18ns_48_3
INFO: [VRFC 10-2263] Analyzing Verilog file "E:/HLS/mpc_pso/solution1/sim/verilog/Compult_mul_31s_7ns_38_3.v" into library xil_defaultlib
INFO: [VRFC 10-311] analyzing module Compult_mul_31s_7ns_38_3_Mul3S_0
INFO: [VRFC 10-311] analyzing module Compult_mul_31s_7ns_38_3
INFO: [VRFC 10-2263] Analyzing Verilog file "E:/HLS/mpc_pso/solution1/sim/verilog/Compult_mul_32s_10ns_42_3.v" into library xil_defaultlib
INFO: [VRFC 10-311] analyzing module Compult_mul_32s_10ns_42_3_Mul3S_6
INFO: [VRFC 10-311] analyzing module Compult_mul_32s_10ns_42_3
INFO: [VRFC 10-2263] Analyzing Verilog file "E:/HLS/mpc_pso/solution1/sim/verilog/Compult_mul_32s_29ns_61_6.v" into library xil_defaultlib
INFO: [VRFC 10-311] analyzing module Compult_mul_32s_29ns_61_6_MulnS_5
INFO: [VRFC 10-311] analyzing module Compult_mul_32s_29ns_61_6
INFO: [VRFC 10-2263] Analyzing Verilog file "E:/HLS/mpc_pso/solution1/sim/verilog/Compult_mul_32s_29s_61_6.v" into library xil_defaultlib
INFO: [VRFC 10-311] analyzing module Compult_mul_32s_29s_61_6_MulnS_2
INFO: [VRFC 10-311] analyzing module Compult_mul_32s_29s_61_6
INFO: [VRFC 10-2263] Analyzing Verilog file "E:/HLS/mpc_pso/solution1/sim/verilog/Compult_mul_36s_29ns_65_6.v" into library xil_defaultlib
INFO: [VRFC 10-311] analyzing module Compult_mul_36s_29ns_65_6_MulnS_6
INFO: [VRFC 10-311] analyzing module Compult_mul_36s_29ns_65_6
INFO: [VRFC 10-2263] Analyzing Verilog file "E:/HLS/mpc_pso/solution1/sim/verilog/Compult_mul_40s_30s_68_6.v" into library xil_defaultlib
INFO: [VRFC 10-311] analyzing module Compult_mul_40s_30s_68_6_MulnS_4
INFO: [VRFC 10-311] analyzing module Compult_mul_40s_30s_68_6
INFO: [VRFC 10-2263] Analyzing Verilog file "E:/HLS/mpc_pso/solution1/sim/verilog/Compult_pso.v" into library xil_defaultlib
INFO: [VRFC 10-311] analyzing module Compult_pso
INFO: [VRFC 10-2263] Analyzing Verilog file "E:/HLS/mpc_pso/solution1/sim/verilog/Compult_pso_p_V.v" into library xil_defaultlib
INFO: [VRFC 10-311] analyzing module Compult_pso_p_V_ram
INFO: [VRFC 10-311] analyzing module Compult_pso_p_V
INFO: [VRFC 10-2263] Analyzing Verilog file "E:/HLS/mpc_pso/solution1/sim/verilog/Compult_pso_v_V.v" into library xil_defaultlib
INFO: [VRFC 10-311] analyzing module Compult_pso_v_V_ram
INFO: [VRFC 10-311] analyzing module Compult_pso_v_V
INFO: [VRFC 10-2263] Analyzing Verilog file "E:/HLS/mpc_pso/solution1/sim/verilog/Compult_pso_ww.v" into library xil_defaultlib
INFO: [VRFC 10-311] analyzing module Compult_pso_ww_rom
INFO: [VRFC 10-311] analyzing module Compult_pso_ww
INFO: [VRFC 10-2263] Analyzing Verilog file "E:/HLS/mpc_pso/solution1/sim/verilog/Compult_pso_x_V.v" into library xil_defaultlib
INFO: [VRFC 10-311] analyzing module Compult_pso_x_V_ram
INFO: [VRFC 10-311] analyzing module Compult_pso_x_V
INFO: [VRFC 10-2263] Analyzing Verilog file "E:/HLS/mpc_pso/solution1/sim/verilog/Compult_pso_y_V.v" into library xil_defaultlib
INFO: [VRFC 10-311] analyzing module Compult_pso_y_V_ram
INFO: [VRFC 10-311] analyzing module Compult_pso_y_V
INFO: [VRFC 10-2263] Analyzing Verilog file "E:/HLS/mpc_pso/solution1/sim/verilog/Compult_randac.v" into library xil_defaultlib
INFO: [VRFC 10-311] analyzing module Compult_randac
Starting static elaboration
Completed static elaboration
Starting simulation data flow analysis
Completed simulation data flow analysis
Time Resolution for simulation is 1ps
Compiling module xil_defaultlib.Compult_mpc_pso_Sx_0_rom
Compiling module xil_defaultlib.Compult_mpc_pso_Sx_0(DataWidth=2...
Compiling module xil_defaultlib.Compult_mpc_pso_Sx_1_rom
Compiling module xil_defaultlib.Compult_mpc_pso_Sx_1(DataWidth=2...
Compiling module xil_defaultlib.Compult_mpc_pso_g_V_rom
Compiling module xil_defaultlib.Compult_mpc_pso_g_V(DataWidth=29...
Compiling module xil_defaultlib.Compult_mpc_pso_SxDx_V_ram
Compiling module xil_defaultlib.Compult_mpc_pso_SxDx_V(DataWidth...
Compiling module xil_defaultlib.Compult_mpc_pso_Ep_V_ram
Compiling module xil_defaultlib.Compult_mpc_pso_Ep_V(DataWidth=3...
Compiling module xil_defaultlib.Compult_pso_ww_rom
Compiling module xil_defaultlib.Compult_pso_ww(DataWidth=18,Addr...
Compiling module xil_defaultlib.Compult_pso_x_V_ram
Compiling module xil_defaultlib.Compult_pso_x_V(DataWidth=29,Add...
Compiling module xil_defaultlib.Compult_pso_y_V_ram
Compiling module xil_defaultlib.Compult_pso_y_V(DataWidth=29,Add...
Compiling module xil_defaultlib.Compult_pso_v_V_ram
Compiling module xil_defaultlib.Compult_pso_v_V(DataWidth=30,Add...
Compiling module xil_defaultlib.Compult_pso_p_V_ram
Compiling module xil_defaultlib.Compult_pso_p_V(DataWidth=32,Add...
Compiling module xil_defaultlib.Compult_mul_27s_27s_54_6_MulnS_0
Compiling module xil_defaultlib.Compult_mul_27s_27s_54_6(ID=1,NU...
Compiling module xil_defaultlib.Compult_mul_19s_57s_75_6_MulnS_1
Compiling module xil_defaultlib.Compult_mul_19s_57s_75_6(ID=1,NU...
Compiling module xil_defaultlib.Compult_mul_29s_16ns_44_3_Mul3S_...
Compiling module xil_defaultlib.Compult_mul_29s_16ns_44_3(ID=1,N...
Compiling module xil_defaultlib.Compult_mul_32s_29s_61_6_MulnS_2
Compiling module xil_defaultlib.Compult_mul_32s_29s_61_6(ID=1,NU...
Compiling module xil_defaultlib.Compult_mul_29s_29s_56_6_MulnS_3
Compiling module xil_defaultlib.Compult_mul_29s_29s_56_6(ID=1,NU...
Compiling module xil_defaultlib.Compult_fitness_1
Compiling module xil_defaultlib.Compult_fitness
Compiling module xil_defaultlib.Compult_mul_31s_7ns_38_3_Mul3S_0
Compiling module xil_defaultlib.Compult_mul_31s_7ns_38_3(ID=1,NU...
Compiling module xil_defaultlib.Compult_randac
Compiling module xil_defaultlib.Compult_mul_20s_21ns_41_3_Mul3S_...
Compiling module xil_defaultlib.Compult_mul_20s_21ns_41_3(ID=1,N...
Compiling module xil_defaultlib.Compult_mul_20s_20ns_40_3_Mul3S_...
Compiling module xil_defaultlib.Compult_mul_20s_20ns_40_3(ID=1,N...
Compiling module xil_defaultlib.Compult_mul_40s_30s_68_6_MulnS_4
Compiling module xil_defaultlib.Compult_mul_40s_30s_68_6(ID=1,NU...
Compiling module xil_defaultlib.Compult_mul_30s_18ns_48_3_Mul3S_...
Compiling module xil_defaultlib.Compult_mul_30s_18ns_48_3(ID=1,N...
Compiling module xil_defaultlib.Compult_pso
Compiling module xil_defaultlib.Compult_mul_32s_29ns_61_6_MulnS_...
Compiling module xil_defaultlib.Compult_mul_32s_29ns_61_6(ID=1,N...
Compiling module xil_defaultlib.Compult_mul_22ns_30s_52_3_Mul3S_...
Compiling module xil_defaultlib.Compult_mul_22ns_30s_52_3(ID=1,N...
Compiling module xil_defaultlib.Compult_mul_36s_29ns_65_6_MulnS_...
Compiling module xil_defaultlib.Compult_mul_36s_29ns_65_6(ID=1,N...
Compiling module xil_defaultlib.Compult_mpc_pso
Compiling module xil_defaultlib.Compult_mul_32s_10ns_42_3_Mul3S_...
Compiling module xil_defaultlib.Compult_mul_32s_10ns_42_3(ID=1,N...
Compiling module xil_defaultlib.Compult
Compiling module xil_defaultlib.apatb_Compult_top
Waiting for 3 sub-compilation(s) to finish...
Built simulation snapshot Compult

****** Webtalk v2014.4
  **** SW Build 1071353 on Tue Nov 18 18:06:20 MST 2014
  **** IP Build 1070531 on Tue Nov 18 01:10:18 MST 2014
    ** Copyright 1986-2014 Xilinx, Inc. All Rights Reserved.

source E:/HLS/mpc_pso/solution1/sim/verilog/xsim.dir/Compult/webtalk/xsim_webtalk.tcl -notrace
webtalk_transmit: Time (s): cpu = 00:00:00 ; elapsed = 00:00:07 . Memory (MB): peak = 169.348 ; gain = 0.066

    while executing
"webtalk_transmit -clientid 4060314397 -regid "" -xml E:/HLS/mpc_pso/solution1/sim/verilog/xsim.dir/Compult/webtalk/usage_statistics_ext_xsim.xml -html..."
    (file "E:/HLS/mpc_pso/solution1/sim/verilog/xsim.dir/Compult/webtalk/xsim_webtalk.tcl" line 41)
INFO: [Common 17-206] Exiting Webtalk at Wed Jun 24 09:35:16 2015...

****** xsim v2014.4
  **** SW Build 1071353 on Tue Nov 18 18:06:20 MST 2014
  **** IP Build 1070531 on Tue Nov 18 01:10:18 MST 2014
    ** Copyright 1986-2014 Xilinx, Inc. All Rights Reserved.

source xsim.dir/Compult/xsim_script.tcl
# xsim {Compult} -maxdeltaid 10000 -tclbatch {Compult.tcl}
Vivado Simulator 2014.4
Time resolution is 1 ps
source Compult.tcl
## run all
$finish called at time : 1189532372400 ps : File "E:/HLS/mpc_pso/solution1/sim/verilog/Compult.autotb.v" Line 315
run: Time (s): cpu = 00:00:00 ; elapsed = 02:08:23 . Memory (MB): peak = 69.945 ; gain = 0.000
## quit
INFO: [Common 17-206] Exiting xsim at Wed Jun 24 11:44:08 2015...
