Copyright 1986-2014 Xilinx, Inc. All Rights Reserved.
-----------------------------------------------------------------------------------------
| Tool Version : Vivado v.2014.4 (win32) Build 1071353 Tue Nov 18 18:10:08 MST 2014
| Date         : Sun Jun 28 16:18:43 2015
| Host         : Ji_Dongdong running 32-bit Service Pack 1  (build 7601)
| Command      : report_clock_utilization -file MPC_PWM_TOP_clock_utilization_placed.rpt
| Design       : MPC_PWM_TOP
| Device       : xc7z010
-----------------------------------------------------------------------------------------

Clock Utilization Report

Table of Contents
-----------------
1. Clock Primitive Utilization
2. Details of Global Clocks
3. Details of Regional Clocks
4. Details of Multi-Regional Clocks
5. Details of I/O Clocks
6. Details of Local Clocks
7. Clock Regions : Key Resource Utilization
8. Net wise resources used in clock region X0Y0
9. Net wise resources used in clock region X1Y0
10. Net wise resources used in clock region X0Y1
11. Net wise resources used in clock region X1Y1

1. Clock Primitive Utilization
------------------------------

+-------+------+-----------+-----------+
| Type  | Used | Available | Num Fixed |
+-------+------+-----------+-----------+
| BUFG  |    2 |        32 |         0 |
| BUFH  |    0 |        48 |         0 |
| BUFIO |    0 |         8 |         0 |
| MMCM  |    0 |         2 |         0 |
| PLL   |    0 |         2 |         0 |
| BUFR  |    0 |         8 |         0 |
| BUFMR |    0 |         4 |         0 |
+-------+------+-----------+-----------+


2. Details of Global Clocks
---------------------------

+-------+--------------------+------------------+--------------+-------+---------------+-----------+
|       |                    |                  |   Num Loads  |       |               |           |
+-------+--------------------+------------------+------+-------+-------+---------------+-----------+
| Index | BUFG Cell          | Net Name         | BELs | Sites | Fixed | MaxDelay (ns) | Skew (ns) |
+-------+--------------------+------------------+------+-------+-------+---------------+-----------+
|     1 | mytest/i_bufg      | mytest/dclk_bufg |   57 |    18 |    no |         1.816 |     0.256 |
|     2 | clk_IBUF_BUFG_inst | clk_IBUF_BUFG    | 8644 |  2396 |    no |         1.914 |     0.308 |
+-------+--------------------+------------------+------+-------+-------+---------------+-----------+


3. Details of Regional Clocks
-----------------------------

4. Details of Multi-Regional Clocks
-----------------------------------

5. Details of I/O Clocks
------------------------

6. Details of Local Clocks
--------------------------

7. Clock Regions : Key Resource Utilization
-------------------------------------------

+-------------------+--------------+--------------+--------------+--------------+--------------+--------------+--------------+--------------+--------------+--------------+--------------+--------------+--------------+--------------+--------------+
|                   | Global Clock |     BUFRs    |    BUFMRs    |    BUFIOs    |     MMCM     |      PLL     |      GT      |      PCI     |    ILOGIC    |    OLOGIC    |      FF      |     LUTM     |    RAMB18    |    RAMB36    |    DSP48E1   |
+-------------------+------+-------+------+-------+------+-------+------+-------+------+-------+------+-------+------+-------+------+-------+------+-------+------+-------+------+-------+------+-------+------+-------+------+-------+------+-------+
| Clock Region Name | Used | Avail | Used | Avail | Used | Avail | Used | Avail | Used | Avail | Used | Avail | Used | Avail | Used | Avail | Used | Avail | Used | Avail | Used | Avail | Used | Avail | Used | Avail | Used | Avail | Used | Avail |
+-------------------+------+-------+------+-------+------+-------+------+-------+------+-------+------+-------+------+-------+------+-------+------+-------+------+-------+------+-------+------+-------+------+-------+------+-------+------+-------+
| X0Y0              |    1 |    12 |    0 |     0 |    0 |     0 |    0 |     0 |    0 |     0 |    0 |     0 |    0 |     0 |    0 |     0 |    0 |     0 |    0 |     0 | 1889 |  8800 |  165 |  1600 |    0 |    20 |    1 |    10 |   17 |    20 |
| X1Y0              |    1 |    12 |    0 |     4 |    0 |     2 |    0 |     4 |    0 |     1 |    0 |     1 |    0 |     0 |    0 |     0 |    0 |    50 |    0 |    50 | 2531 |  8800 |   94 |  1400 |    2 |    40 |    0 |    20 |   20 |    20 |
| X0Y1              |    2 |    12 |    0 |     0 |    0 |     0 |    0 |     0 |    0 |     0 |    0 |     0 |    0 |     0 |    0 |     0 |    0 |     0 |    0 |     0 | 2010 |  8800 |  228 |  1600 |    1 |    20 |    0 |    10 |   16 |    20 |
| X1Y1              |    2 |    12 |    0 |     4 |    0 |     2 |    0 |     4 |    0 |     1 |    0 |     1 |    0 |     0 |    0 |     0 |    0 |    50 |    0 |    50 | 1616 |  8800 |   94 |  1400 |    0 |    40 |    0 |    20 |   18 |    20 |
+-------------------+------+-------+------+-------+------+-------+------+-------+------+-------+------+-------+------+-------+------+-------+------+-------+------+-------+------+-------+------+-------+------+-------+------+-------+------+-------+
* RAMB36 site can be used as two RAMB18/FIFO18 sites


8. Net wise resources used in clock region X0Y0
-----------------------------------------------

+-------------+-------------+-------+-----------+----------+---------+-----------+---------+---------+------+-------+----------+----------------+
| Source Type | BUFHCE Site | Fixed | MMCM Pins | PLL Pins | GT Pins | BRAM Pins | ILOGICs | OLOGICs |  FFs | LUTMs | DSP48E1s | Clock Net Name |
+-------------+-------------+-------+-----------+----------+---------+-----------+---------+---------+------+-------+----------+----------------+
| BUFG        |     ---     |   no  |         0 |        0 |       0 |         2 |       0 |       0 | 1889 |   165 |       17 | clk_IBUF_BUFG  |
+-------------+-------------+-------+-----------+----------+---------+-----------+---------+---------+------+-------+----------+----------------+


9. Net wise resources used in clock region X1Y0
-----------------------------------------------

+-------------+-------------+-------+-----------+----------+---------+-----------+---------+---------+------+-------+----------+----------------+
| Source Type | BUFHCE Site | Fixed | MMCM Pins | PLL Pins | GT Pins | BRAM Pins | ILOGICs | OLOGICs |  FFs | LUTMs | DSP48E1s | Clock Net Name |
+-------------+-------------+-------+-----------+----------+---------+-----------+---------+---------+------+-------+----------+----------------+
| BUFG        |     ---     |   no  |         0 |        0 |       0 |         4 |       0 |       0 | 2531 |    94 |       20 | clk_IBUF_BUFG  |
+-------------+-------------+-------+-----------+----------+---------+-----------+---------+---------+------+-------+----------+----------------+


10. Net wise resources used in clock region X0Y1
------------------------------------------------

+-------------+-------------+-------+-----------+----------+---------+-----------+---------+---------+------+-------+----------+------------------+
| Source Type | BUFHCE Site | Fixed | MMCM Pins | PLL Pins | GT Pins | BRAM Pins | ILOGICs | OLOGICs |  FFs | LUTMs | DSP48E1s |  Clock Net Name  |
+-------------+-------------+-------+-----------+----------+---------+-----------+---------+---------+------+-------+----------+------------------+
| BUFG        |     ---     |   no  |         0 |        0 |       0 |         0 |       0 |       0 |   24 |     0 |        0 | mytest/dclk_bufg |
| BUFG        |     ---     |   no  |         0 |        0 |       0 |         2 |       0 |       0 | 1986 |   228 |       16 | clk_IBUF_BUFG    |
+-------------+-------------+-------+-----------+----------+---------+-----------+---------+---------+------+-------+----------+------------------+


11. Net wise resources used in clock region X1Y1
------------------------------------------------

+-------------+-------------+-------+-----------+----------+---------+-----------+---------+---------+------+-------+----------+------------------+
| Source Type | BUFHCE Site | Fixed | MMCM Pins | PLL Pins | GT Pins | BRAM Pins | ILOGICs | OLOGICs |  FFs | LUTMs | DSP48E1s |  Clock Net Name  |
+-------------+-------------+-------+-----------+----------+---------+-----------+---------+---------+------+-------+----------+------------------+
| BUFG        |     ---     |   no  |         0 |        0 |       0 |         0 |       0 |       0 |   32 |     0 |        0 | mytest/dclk_bufg |
| BUFG        |     ---     |   no  |         0 |        0 |       0 |         0 |       0 |       0 | 1584 |    94 |       16 | clk_IBUF_BUFG    |
+-------------+-------------+-------+-----------+----------+---------+-----------+---------+---------+------+-------+----------+------------------+



# Location of BUFG Primitives 
set_property LOC BUFGCTRL_X0Y16 [get_cells clk_IBUF_BUFG_inst]
set_property LOC BUFGCTRL_X0Y17 [get_cells mytest/i_bufg]

# Location of IO Clock Primitives

# Location of MMCM Clock Primitives

# Location of BUFH Clock Primitives

# Location of BUFR Clock Primitives

# Location of BUFMR Clock Primitives

# Location of PLL Clock Primitives

# Location of IO Primitives which is load of clock spine

# Location of clock ports
set_property LOC IOB_X0Y78 [get_ports clk]

# Clock net "clk_IBUF_BUFG" driven by instance "clk_IBUF_BUFG_inst" located at site "BUFGCTRL_X0Y16"
#startgroup
create_pblock CLKAG_clk_IBUF_BUFG
add_cells_to_pblock [get_pblocks  CLKAG_clk_IBUF_BUFG] [get_cells  -filter { IS_PRIMITIVE==1 && PRIMITIVE_LEVEL !=INTERNAL } -of_object [get_pins -filter {DIRECTION==IN} -of_objects [get_nets -hierarchical -filter {PARENT=="clk_IBUF_BUFG"}]]]
resize_pblock [get_pblocks CLKAG_clk_IBUF_BUFG] -add {CLOCKREGION_X0Y0:CLOCKREGION_X0Y0 CLOCKREGION_X0Y1:CLOCKREGION_X0Y1 CLOCKREGION_X1Y0:CLOCKREGION_X1Y0 CLOCKREGION_X1Y1:CLOCKREGION_X1Y1}
#endgroup

# Clock net "mytest/dclk_bufg" driven by instance "mytest/i_bufg" located at site "BUFGCTRL_X0Y17"
#startgroup
create_pblock CLKAG_mytest/dclk_bufg
add_cells_to_pblock [get_pblocks  CLKAG_mytest/dclk_bufg] [get_cells  -filter { IS_PRIMITIVE==1 && PRIMITIVE_LEVEL !=INTERNAL } -of_object [get_pins -filter {DIRECTION==IN} -of_objects [get_nets -hierarchical -filter {PARENT=="mytest/dclk_bufg"}]]]
resize_pblock [get_pblocks CLKAG_mytest/dclk_bufg] -add {CLOCKREGION_X0Y1:CLOCKREGION_X0Y1 CLOCKREGION_X1Y1:CLOCKREGION_X1Y1}
#endgroup
