

================================================================
== Vivado HLS Report for 'Compult_fitness'
================================================================
* Date:           Sat Jun 27 19:37:41 2015

* Version:        2014.4 (Build 1071461 on Tue Nov 18 16:42:57 PM 2014)
* Project:        mpc_pso
* Solution:       solution1
* Product family: zynq
* Target device:  xc7z010clg400-1


================================================================
== Performance Estimates
================================================================
+ Timing (ns): 
    * Summary: 
    +---------+-------+----------+------------+
    |  Clock  | Target| Estimated| Uncertainty|
    +---------+-------+----------+------------+
    |default  |   8.00|      6.88|        1.00|
    +---------+-------+----------+------------+

+ Latency (clock cycles): 
    * Summary: 
    +-----+-----+-----+-----+---------+
    |  Latency  |  Interval | Pipeline|
    | min | max | min | max |   Type  |
    +-----+-----+-----+-----+---------+
    |  137|  137|  137|  137|   none  |
    +-----+-----+-----+-----+---------+

    + Detail: 
        * Instance: 
        N/A

        * Loop: 
        +------------------+-----+-----+----------+-----------+-----------+------+----------+
        |                  |  Latency  | Iteration|  Initiation Interval  | Trip |          |
        |     Loop Name    | min | max |  Latency |  achieved |   target  | Count| Pipelined|
        +------------------+-----+-----+----------+-----------+-----------+------+----------+
        |- fitness_label5  |   56|   56|        14|          -|          -|     4|    no    |
        |- Loop 2          |   22|   22|        11|          -|          -|     2|    no    |
        |- Loop 3          |   22|   22|        11|          -|          -|     2|    no    |
        |- fitness_label7  |   22|   22|        11|          -|          -|     2|    no    |
        +------------------+-----+-----+----------+-----------+-----------+------+----------+



================================================================
== Utilization Estimates
================================================================
* Summary: 
+-----------------+---------+-------+-------+-------+
|       Name      | BRAM_18K| DSP48E|   FF  |  LUT  |
+-----------------+---------+-------+-------+-------+
|Expression       |        -|      -|      0|   3770|
|FIFO             |        -|      -|      -|      -|
|Instance         |        -|     22|      0|      0|
|Memory           |        -|      -|      -|      -|
|Multiplexer      |        -|      -|      -|    273|
|Register         |        -|      -|   2102|      -|
+-----------------+---------+-------+-------+-------+
|Total            |        0|     22|   2102|   4043|
+-----------------+---------+-------+-------+-------+
|Available        |      120|     80|  35200|  17600|
+-----------------+---------+-------+-------+-------+
|Utilization (%)  |        0|     27|      5|     22|
+-----------------+---------+-------+-------+-------+

+ Detail: 
    * Instance: 
    +-------------------------------+---------------------------+---------+-------+---+----+
    |            Instance           |           Module          | BRAM_18K| DSP48E| FF| LUT|
    +-------------------------------+---------------------------+---------+-------+---+----+
    |Compult_mul_19s_57s_75_6_U16   |Compult_mul_19s_57s_75_6   |        0|      4|  0|   0|
    |Compult_mul_19s_57s_75_6_U17   |Compult_mul_19s_57s_75_6   |        0|      4|  0|   0|
    |Compult_mul_27s_27s_54_6_U15   |Compult_mul_27s_27s_54_6   |        0|      4|  0|   0|
    |Compult_mul_29s_16ns_44_3_U18  |Compult_mul_29s_16ns_44_3  |        0|      2|  0|   0|
    |Compult_mul_29s_29s_56_6_U20   |Compult_mul_29s_29s_56_6   |        0|      4|  0|   0|
    |Compult_mul_32s_29s_61_6_U19   |Compult_mul_32s_29s_61_6   |        0|      4|  0|   0|
    +-------------------------------+---------------------------+---------+-------+---+----+
    |Total                          |                           |        0|     22|  0|   0|
    +-------------------------------+---------------------------+---------+-------+---+----+

    * Memory: 
    N/A

    * FIFO: 
    N/A

    * Expression: 
    +--------------------------------------+----------+-------+---+----+------------+------------+
    |             Variable Name            | Operation| DSP48E| FF| LUT| Bitwidth P0| Bitwidth P1|
    +--------------------------------------+----------+-------+---+----+------------+------------+
    |i_5_fu_2968_p2                        |     +    |      0|  0|   2|           2|           1|
    |j_2_1_fu_2723_p2                      |     +    |      0|  0|   2|           2|           1|
    |j_2_fu_2478_p2                        |     +    |      0|  0|   2|           2|           1|
    |k_1_fu_1797_p2                        |     +    |      0|  0|   3|           3|           1|
    |p_Val2_11_fu_3519_p2                  |     +    |      0|  0|  35|          35|          35|
    |p_Val2_12_fu_3536_p2                  |     +    |      0|  0|  46|          46|          46|
    |p_Val2_13_1_fu_1186_p2                |     +    |      0|  0|  23|          23|          23|
    |p_Val2_13_2_fu_1218_p2                |     +    |      0|  0|  23|          23|          23|
    |p_Val2_13_3_fu_1250_p2                |     +    |      0|  0|  23|          23|          23|
    |p_Val2_13_fu_2545_p2                  |     +    |      0|  0|  82|          82|          82|
    |p_Val2_15_fu_3606_p2                  |     +    |      0|  0|  32|          32|          32|
    |p_Val2_16_fu_3078_p2                  |     +    |      0|  0|  61|          61|          61|
    |p_Val2_18_fu_3265_p2                  |     +    |      0|  0|  32|          32|          32|
    |p_Val2_21_fu_3206_p2                  |     +    |      0|  0|  57|          57|          57|
    |p_Val2_23_fu_3309_p2                  |     +    |      0|  0|  31|          31|          31|
    |p_Val2_25_1_fu_2790_p2                |     +    |      0|  0|  82|          82|          82|
    |p_Val2_25_fu_2604_p2                  |     +    |      0|  0|  32|          32|          32|
    |p_Val2_26_fu_2238_p2                  |     +    |      0|  0|  55|          55|          55|
    |p_Val2_28_fu_2355_p2                  |     +    |      0|  0|  29|          29|          29|
    |p_Val2_2_fu_1154_p2                   |     +    |      0|  0|  23|          23|          23|
    |p_Val2_32_1_fu_2849_p2                |     +    |      0|  0|  32|          32|          32|
    |p_Val2_1_1_1_fu_547_p2                |     -    |      0|  0|  30|           1|          30|
    |p_Val2_1_fu_460_p2                    |     -    |      0|  0|  30|           1|          30|
    |p_Val2_9_1_fu_823_p2                  |     -    |      0|  0|  32|          32|          32|
    |p_Val2_9_2_fu_944_p2                  |     -    |      0|  0|  32|          32|          32|
    |p_Val2_9_3_fu_1065_p2                 |     -    |      0|  0|  32|          32|          32|
    |p_Val2_9_fu_705_p2                    |     -    |      0|  0|  32|          32|          32|
    |r_V_1_fu_3002_p2                      |     -    |      0|  0|  29|           1|          29|
    |G_1_V_read_assign_fu_2992_p3          |  Select  |      0|  0|  28|           1|          28|
    |Gx_V_fu_3471_p3                       |  Select  |      0|  0|  31|           1|          31|
    |OP2_V_4_1_cast_cast_fu_2739_p3        |  Select  |      0|  0|  18|           1|          18|
    |OP2_V_4_cast_cast_fu_2494_p3          |  Select  |      0|  0|  18|           1|          18|
    |aa_0_V_fu_1609_p3                     |  Select  |      0|  0|  23|           1|          23|
    |aa_1_V_fu_1667_p3                     |  Select  |      0|  0|  23|           1|          23|
    |aa_2_V_fu_1725_p3                     |  Select  |      0|  0|  23|           1|          23|
    |aa_3_V_fu_1783_p3                     |  Select  |      0|  0|  23|           1|          23|
    |ap_return                             |  Select  |      0|  0|  32|           1|          32|
    |deleted_ones_2_fu_3295_p3             |  Select  |      0|  0|   1|           1|           1|
    |deleted_ones_3_1_fu_2877_p3           |  Select  |      0|  0|   1|           1|           1|
    |deleted_ones_3_fu_1449_p3             |  Select  |      0|  0|   1|           1|           1|
    |deleted_ones_4_fu_2385_p3             |  Select  |      0|  0|   1|           1|           1|
    |deleted_ones_6_fu_1523_p3             |  Select  |      0|  0|   1|           1|           1|
    |deleted_ones_7_fu_2632_p3             |  Select  |      0|  0|   1|           1|           1|
    |deleted_ones_fu_1301_p3               |  Select  |      0|  0|   1|           1|           1|
    |deleted_ones_s_fu_1375_p3             |  Select  |      0|  0|   1|           1|           1|
    |deleted_zeros_2_fu_3289_p3            |  Select  |      0|  0|   1|           1|           1|
    |deleted_zeros_3_fu_2379_p3            |  Select  |      0|  0|   1|           1|           1|
    |deleted_zeros_5_fu_1431_p3            |  Select  |      0|  0|   1|           1|           1|
    |deleted_zeros_6_fu_1505_p3            |  Select  |      0|  0|   1|           1|           1|
    |deleted_zeros_fu_1283_p3              |  Select  |      0|  0|   1|           1|           1|
    |deleted_zeros_s_fu_1357_p3            |  Select  |      0|  0|   1|           1|           1|
    |min_0_V_fu_1923_p3                    |  Select  |      0|  0|  27|           1|          27|
    |min_3_V_18_fu_2058_p3                 |  Select  |      0|  0|  27|           1|           1|
    |min_3_V_19_fu_2066_p3                 |  Select  |      0|  0|  27|           1|          27|
    |min_3_V_1_fu_1994_p3                  |  Select  |      0|  0|  27|           1|          27|
    |min_3_V_20_fu_2123_p3                 |  Select  |      0|  0|  27|           1|          27|
    |min_3_V_21_fu_2128_p3                 |  Select  |      0|  0|  27|           1|          27|
    |min_3_V_22_fu_2074_p3                 |  Select  |      0|  0|  27|           1|          27|
    |min_3_V_23_fu_2081_p3                 |  Select  |      0|  0|  27|           1|          27|
    |min_3_V_24_fu_2088_p3                 |  Select  |      0|  0|  27|           1|          27|
    |min_3_V_25_fu_2096_p3                 |  Select  |      0|  0|  27|           1|           1|
    |min_3_V_26_fu_2135_p3                 |  Select  |      0|  0|  27|           1|          27|
    |min_3_V_27_fu_2140_p3                 |  Select  |      0|  0|  27|           1|          27|
    |min_3_V_28_fu_2161_p3                 |  Select  |      0|  0|  27|           1|          27|
    |min_3_V_29_fu_2168_p3                 |  Select  |      0|  0|  27|           1|          27|
    |min_3_V_2_fu_2002_p3                  |  Select  |      0|  0|  27|           1|           1|
    |min_3_V_30_fu_2175_p3                 |  Select  |      0|  0|  27|           1|          27|
    |min_3_V_3_fu_2013_p3                  |  Select  |      0|  0|  27|           1|          27|
    |min_3_V_4_fu_2025_p3                  |  Select  |      0|  0|  27|           1|          27|
    |min_3_V_5_fu_2107_p3                  |  Select  |      0|  0|  27|           1|          27|
    |min_3_V_6_fu_2116_p3                  |  Select  |      0|  0|  27|           1|          27|
    |min_3_V_7_fu_2037_p3                  |  Select  |      0|  0|  27|           1|          27|
    |min_3_V_8_fu_2043_p3                  |  Select  |      0|  0|  27|           1|          27|
    |min_3_V_9_fu_2051_p3                  |  Select  |      0|  0|  27|           1|          27|
    |min_3_V_fu_1984_p3                    |  Select  |      0|  0|  27|           1|          27|
    |min_V_0_3_fu_2154_p3                  |  Select  |      0|  0|  27|           1|          27|
    |p_Val2_13_1_70_fu_1660_p3             |  Select  |      0|  0|  24|           1|          24|
    |p_Val2_13_2_71_fu_1718_p3             |  Select  |      0|  0|  24|           1|          24|
    |p_Val2_13_3_72_fu_1776_p3             |  Select  |      0|  0|  24|           1|          24|
    |p_Val2_13_mux_1_fu_1653_p3            |  Select  |      0|  0|  23|           1|          22|
    |p_Val2_13_mux_2_fu_1711_p3            |  Select  |      0|  0|  23|           1|          22|
    |p_Val2_13_mux_3_fu_1769_p3            |  Select  |      0|  0|  23|           1|          22|
    |p_Val2_13_mux_fu_1595_p3              |  Select  |      0|  0|  23|           1|          22|
    |p_Val2_1_69_fu_1602_p3                |  Select  |      0|  0|  24|           1|          24|
    |p_Val2_21_mux_fu_3483_p3              |  Select  |      0|  0|  32|           1|          31|
    |p_Val2_2_79_fu_2704_p3                |  Select  |      0|  0|  33|           1|          33|
    |p_Val2_31_mux_fu_2452_p3              |  Select  |      0|  0|  29|           1|          28|
    |p_Val2_32_1_82_fu_2949_p3             |  Select  |      0|  0|  33|           1|          33|
    |p_Val2_32_mux_1_fu_2942_p3            |  Select  |      0|  0|  32|           1|          31|
    |p_Val2_32_mux_fu_2697_p3              |  Select  |      0|  0|  32|           1|          31|
    |p_Val2_37_mux_fu_3457_p3              |  Select  |      0|  0|  31|           1|          30|
    |p_Val2_3_1_1_fu_804_p3                |  Select  |      0|  0|  30|           1|          30|
    |p_Val2_3_2_fu_924_p3                  |  Select  |      0|  0|  30|           1|          30|
    |p_Val2_3_3_1_fu_1045_p3               |  Select  |      0|  0|  30|           1|          30|
    |p_Val2_3_fu_686_p3                    |  Select  |      0|  0|  30|           1|          30|
    |p_Val2_3_mux_1_1_fu_796_p3            |  Select  |      0|  0|  29|           1|          28|
    |p_Val2_3_mux_2_fu_916_p3              |  Select  |      0|  0|  29|           1|          28|
    |p_Val2_3_mux_3_1_fu_1037_p3           |  Select  |      0|  0|  29|           1|          28|
    |p_Val2_3_mux_fu_678_p3                |  Select  |      0|  0|  29|           1|          28|
    |p_Val2_4_75_fu_1915_p3                |  Select  |      0|  0|  28|           1|          28|
    |p_Val2_4_mux_fu_1907_p3               |  Select  |      0|  0|  27|           1|          26|
    |p_Val2_5_85_fu_3464_p3                |  Select  |      0|  0|  32|           1|          32|
    |p_Val2_8_84_fu_3490_p3                |  Select  |      0|  0|  33|           1|          33|
    |p_Val2_9_76_fu_2459_p3                |  Select  |      0|  0|  30|           1|          30|
    |p_Val2_s_74_fu_1838_p3                |  Select  |      0|  0|  23|           1|          23|
    |p_Val2_s_86_fu_3709_p3                |  Select  |      0|  0|  33|           1|          33|
    |result_V_fu_3702_p3                   |  Select  |      0|  0|  32|           1|          31|
    |sel_tmp16_fu_2147_p3                  |  Select  |      0|  0|  27|           1|           1|
    |sel_tmp1_fu_1813_p3                   |  Select  |      0|  0|  23|           1|          23|
    |sel_tmp3_fu_1825_p3                   |  Select  |      0|  0|  23|           1|          23|
    |sum_V_fu_2465_p3                      |  Select  |      0|  0|  29|           1|          29|
    |this_assign_1_1_1_fu_811_p3           |  Select  |      0|  0|  29|           1|          29|
    |this_assign_1_2_fu_932_p3             |  Select  |      0|  0|  29|           1|          29|
    |this_assign_1_3_1_fu_1053_p3          |  Select  |      0|  0|  29|           1|          29|
    |this_assign_1_fu_693_p3               |  Select  |      0|  0|  29|           1|          29|
    |tmp_69_fu_2488_p3                     |  Select  |      0|  0|  29|           1|          29|
    |tmp_79_fu_2733_p3                     |  Select  |      0|  0|  29|           1|          29|
    |xH_0_V_fu_2710_p3                     |  Select  |      0|  0|  32|           1|          32|
    |xH_1_V_fu_2955_p3                     |  Select  |      0|  0|  32|           1|          32|
    |xH_V_load_phi_fu_2978_p3              |  Select  |      0|  0|  32|           1|          32|
    |xHx_V_fu_3496_p3                      |  Select  |      0|  0|  32|           1|          32|
    |x_1_V_read_assign_2_fu_2986_p3        |  Select  |      0|  0|  29|           1|          29|
    |brmerge40_demorgan_i1_fu_3657_p2      |    and   |      0|  0|   1|           1|           1|
    |brmerge40_demorgan_i_1_fu_1400_p2     |    and   |      0|  0|   1|           1|           1|
    |brmerge40_demorgan_i_2_fu_1474_p2     |    and   |      0|  0|   1|           1|           1|
    |brmerge40_demorgan_i_3_fu_1548_p2     |    and   |      0|  0|   1|           1|           1|
    |brmerge40_demorgan_i_fu_1326_p2       |    and   |      0|  0|   1|           1|           1|
    |brmerge40_demorgan_i_i1_fu_3386_p2    |    and   |      0|  0|   1|           1|           1|
    |brmerge40_demorgan_i_i2_1_fu_2910_p2  |    and   |      0|  0|   1|           1|           1|
    |brmerge40_demorgan_i_i2_fu_2665_p2    |    and   |      0|  0|   1|           1|           1|
    |brmerge40_demorgan_i_i3_fu_3360_p2    |    and   |      0|  0|   1|           1|           1|
    |brmerge40_demorgan_i_i_fu_2417_p2     |    and   |      0|  0|   1|           1|           1|
    |carry_1_1_fu_1342_p2                  |    and   |      0|  0|   1|           1|           1|
    |carry_1_2_fu_1416_p2                  |    and   |      0|  0|   1|           1|           1|
    |carry_1_3_fu_1490_p2                  |    and   |      0|  0|   1|           1|           1|
    |carry_1_fu_1268_p2                    |    and   |      0|  0|   1|           1|           1|
    |carry_3_fu_2374_p2                    |    and   |      0|  0|   1|           1|           1|
    |carry_4_fu_3284_p2                    |    and   |      0|  0|   1|           1|           1|
    |carry_5_fu_3328_p2                    |    and   |      0|  0|   1|           1|           1|
    |carry_9_1_fu_2868_p2                  |    and   |      0|  0|   1|           1|           1|
    |carry_9_fu_2623_p2                    |    and   |      0|  0|   1|           1|           1|
    |carry_fu_3625_p2                      |    and   |      0|  0|   1|           1|           1|
    |overflow_10_fu_3671_p2                |    and   |      0|  0|   1|           1|           1|
    |overflow_11_fu_3380_p2                |    and   |      0|  0|   1|           1|           1|
    |overflow_12_fu_3426_p2                |    and   |      0|  0|   1|           1|           1|
    |overflow_1_1_fu_601_p2                |    and   |      0|  0|   1|           1|           1|
    |overflow_3_1_fu_1622_p2               |    and   |      0|  0|   1|           1|           1|
    |overflow_3_2_fu_1680_p2               |    and   |      0|  0|   1|           1|           1|
    |overflow_3_3_fu_1738_p2               |    and   |      0|  0|   1|           1|           1|
    |overflow_3_fu_1564_p2                 |    and   |      0|  0|   1|           1|           1|
    |overflow_6_1_fu_2904_p2               |    and   |      0|  0|   1|           1|           1|
    |overflow_6_fu_2659_p2                 |    and   |      0|  0|   1|           1|           1|
    |overflow_9_fu_2411_p2                 |    and   |      0|  0|   1|           1|           1|
    |overflow_fu_514_p2                    |    and   |      0|  0|   1|           1|           1|
    |p_38_i1_fu_3646_p2                    |    and   |      0|  0|   1|           1|           1|
    |p_38_i_1_fu_1383_p2                   |    and   |      0|  0|   1|           1|           1|
    |p_38_i_2_fu_1457_p2                   |    and   |      0|  0|   1|           1|           1|
    |p_38_i_3_fu_1531_p2                   |    and   |      0|  0|   1|           1|           1|
    |p_38_i_fu_1309_p2                     |    and   |      0|  0|   1|           1|           1|
    |p_38_i_i1_fu_3301_p2                  |    and   |      0|  0|   1|           1|           1|
    |p_38_i_i2_fu_3349_p2                  |    and   |      0|  0|   1|           1|           1|
    |p_38_i_i_fu_2391_p2                   |    and   |      0|  0|   1|           1|           1|
    |p_41_i_1_fu_1370_p2                   |    and   |      0|  0|   1|           1|           1|
    |p_41_i_2_fu_1444_p2                   |    and   |      0|  0|   1|           1|           1|
    |p_41_i_3_fu_1518_p2                   |    and   |      0|  0|   1|           1|           1|
    |p_41_i_fu_1296_p2                     |    and   |      0|  0|   1|           1|           1|
    |p_41_i_i1_fu_3185_p2                  |    and   |      0|  0|   1|           1|           1|
    |p_41_i_i_fu_2346_p2                   |    and   |      0|  0|   1|           1|           1|
    |qb_assign_1_1_fu_1177_p2              |    and   |      0|  0|   1|           1|           1|
    |qb_assign_1_2_fu_1209_p2              |    and   |      0|  0|   1|           1|           1|
    |qb_assign_1_3_fu_1241_p2              |    and   |      0|  0|   1|           1|           1|
    |qb_assign_1_fu_1145_p2                |    and   |      0|  0|   1|           1|           1|
    |qb_assign_3_fu_3598_p2                |    and   |      0|  0|   1|           1|           1|
    |qb_assign_5_fu_3128_p2                |    and   |      0|  0|   1|           1|           1|
    |qb_assign_7_1_fu_2841_p2              |    and   |      0|  0|   1|           1|           1|
    |qb_assign_7_fu_2596_p2                |    and   |      0|  0|   1|           1|           1|
    |qb_assign_9_fu_2289_p2                |    and   |      0|  0|   1|           1|           1|
    |qb_assign_s_fu_3257_p2                |    and   |      0|  0|   1|           1|           1|
    |sel_tmp11_fu_1969_p2                  |    and   |      0|  0|   1|           1|           1|
    |sel_tmp12_fu_2009_p2                  |    and   |      0|  0|   1|           1|           1|
    |sel_tmp13_fu_2021_p2                  |    and   |      0|  0|   1|           1|           1|
    |sel_tmp14_fu_2033_p2                  |    and   |      0|  0|   1|           1|           1|
    |sel_tmp15_fu_2112_p2                  |    and   |      0|  0|   1|           1|           1|
    |sel_tmp5_fu_1937_p2                   |    and   |      0|  0|   1|           1|           1|
    |sel_tmp7_fu_1990_p2                   |    and   |      0|  0|   1|           1|           1|
    |tmp75_fu_1957_p2                      |    and   |      0|  0|   1|           1|           1|
    |tmp76_fu_1963_p2                      |    and   |      0|  0|   1|           1|           1|
    |underflow9_fu_538_p2                  |    and   |      0|  0|   1|           1|           1|
    |underflow_10_fu_2432_p2               |    and   |      0|  0|   1|           1|           1|
    |underflow_12_fu_3401_p2               |    and   |      0|  0|   1|           1|           1|
    |underflow_1_1_fu_625_p2               |    and   |      0|  0|   1|           1|           1|
    |underflow_2_fu_898_p2                 |    and   |      0|  0|   1|           1|           1|
    |underflow_350_1_fu_1024_p2            |    and   |      0|  0|   1|           1|           1|
    |underflow_3_1_fu_1632_p2              |    and   |      0|  0|   1|           1|           1|
    |underflow_3_2_fu_1690_p2              |    and   |      0|  0|   1|           1|           1|
    |underflow_3_3_fu_1748_p2              |    and   |      0|  0|   1|           1|           1|
    |underflow_3_fu_1574_p2                |    and   |      0|  0|   1|           1|           1|
    |underflow_6_1_fu_2921_p2              |    and   |      0|  0|   1|           1|           1|
    |underflow_6_fu_2676_p2                |    and   |      0|  0|   1|           1|           1|
    |underflow_fu_1883_p2                  |    and   |      0|  0|   1|           1|           1|
    |Range1_all_ones_2_fu_3167_p2          |   icmp   |      0|  0|   3|           3|           2|
    |Range1_all_ones_3_fu_1495_p2          |   icmp   |      0|  0|   2|           2|           2|
    |Range1_all_ones_4_fu_2328_p2          |   icmp   |      0|  0|   3|           3|           2|
    |Range1_all_ones_6_fu_1421_p2          |   icmp   |      0|  0|   2|           2|           2|
    |Range1_all_ones_fu_1273_p2            |   icmp   |      0|  0|   2|           2|           2|
    |Range1_all_ones_s_fu_1347_p2          |   icmp   |      0|  0|   2|           2|           2|
    |Range1_all_zeros_1_fu_2334_p2         |   icmp   |      0|  0|   3|           3|           1|
    |Range1_all_zeros_2_fu_3173_p2         |   icmp   |      0|  0|   3|           3|           1|
    |Range1_all_zeros_5_fu_1426_p2         |   icmp   |      0|  0|   2|           2|           1|
    |Range1_all_zeros_6_fu_1500_p2         |   icmp   |      0|  0|   2|           2|           1|
    |Range1_all_zeros_fu_1278_p2           |   icmp   |      0|  0|   2|           2|           1|
    |Range1_all_zeros_s_fu_1352_p2         |   icmp   |      0|  0|   2|           2|           1|
    |Range2_all_ones_2_fu_3151_p2          |   icmp   |      0|  0|   2|           2|           2|
    |Range2_all_ones_fu_2312_p2            |   icmp   |      0|  0|   2|           2|           2|
    |exitcond2_fu_1791_p2                  |   icmp   |      0|  0|   4|           3|           4|
    |exitcond5_1_fu_2717_p2                |   icmp   |      0|  0|   3|           2|           3|
    |exitcond5_fu_2472_p2                  |   icmp   |      0|  0|   3|           2|           3|
    |exitcond_fu_2962_p2                   |   icmp   |      0|  0|   3|           2|           3|
    |p_not38_i_i_1_1_fu_613_p2             |   icmp   |      0|  0|   2|           2|           2|
    |p_not38_i_i_fu_526_p2                 |   icmp   |      0|  0|   2|           2|           2|
    |p_not_i_i_1_1_fu_583_p2               |   icmp   |      0|  0|   2|           2|           1|
    |p_not_i_i_fu_496_p2                   |   icmp   |      0|  0|   2|           2|           1|
    |r_1_fu_2569_p2                        |   icmp   |      0|  0|  61|          48|           1|
    |r_2_1_fu_2814_p2                      |   icmp   |      0|  0|  61|          48|           1|
    |r_2_fu_1199_p2                        |   icmp   |      0|  0|   6|           6|           1|
    |r_3_fu_3588_p2                        |   icmp   |      0|  0|  14|          12|           1|
    |r_4_fu_3230_p2                        |   icmp   |      0|  0|  30|          24|           1|
    |r_6_fu_1231_p2                        |   icmp   |      0|  0|   6|           6|           1|
    |r_7_fu_2262_p2                        |   icmp   |      0|  0|  28|          22|           1|
    |r_8_fu_3101_p2                        |   icmp   |      0|  0|  31|          25|           1|
    |r_fu_1135_p2                          |   icmp   |      0|  0|   6|           6|           1|
    |r_s_fu_1167_p2                        |   icmp   |      0|  0|   6|           6|           1|
    |sel_tmp10_fu_1952_p2                  |   icmp   |      0|  0|   3|           2|           3|
    |sel_tmp2_fu_1819_p2                   |   icmp   |      0|  0|   3|           2|           3|
    |sel_tmp4_fu_1832_p2                   |   icmp   |      0|  0|   2|           2|           1|
    |sel_tmp6_fu_1942_p2                   |   icmp   |      0|  0|   2|           2|           1|
    |sel_tmp8_fu_1947_p2                   |   icmp   |      0|  0|   2|           2|           1|
    |sel_tmp_fu_1807_p2                    |   icmp   |      0|  0|   2|           2|           1|
    |tmp_s_fu_1843_p2                      |   icmp   |      0|  0|  29|          23|           1|
    |brmerge39_i_i_1_1_fu_619_p2           |    or    |      0|  0|   1|           1|           1|
    |brmerge39_i_i_fu_532_p2               |    or    |      0|  0|   1|           1|           1|
    |brmerge4_fu_1901_p2                   |    or    |      0|  0|   1|           1|           1|
    |brmerge_1_1_fu_791_p2                 |    or    |      0|  0|   1|           1|           1|
    |brmerge_2_fu_911_p2                   |    or    |      0|  0|   1|           1|           1|
    |brmerge_fu_673_p2                     |    or    |      0|  0|   1|           1|           1|
    |brmerge_i1_1_fu_1395_p2               |    or    |      0|  0|   1|           1|           1|
    |brmerge_i1_2_fu_1469_p2               |    or    |      0|  0|   1|           1|           1|
    |brmerge_i1_3_fu_1543_p2               |    or    |      0|  0|   1|           1|           1|
    |brmerge_i1_fu_1321_p2                 |    or    |      0|  0|   1|           1|           1|
    |brmerge_i2_fu_3667_p2                 |    or    |      0|  0|   1|           1|           1|
    |brmerge_i_i4_1_fu_1637_p2             |    or    |      0|  0|   1|           1|           1|
    |brmerge_i_i4_2_fu_1695_p2             |    or    |      0|  0|   1|           1|           1|
    |brmerge_i_i4_3_fu_1753_p2             |    or    |      0|  0|   1|           1|           1|
    |brmerge_i_i4_fu_1579_p2               |    or    |      0|  0|   1|           1|           1|
    |brmerge_i_i5_fu_3686_p2               |    or    |      0|  0|   1|           1|           1|
    |brmerge_i_i6_fu_3370_p2               |    or    |      0|  0|   1|           1|           1|
    |brmerge_i_i7_1_fu_2899_p2             |    or    |      0|  0|   1|           1|           1|
    |brmerge_i_i7_fu_2654_p2               |    or    |      0|  0|   1|           1|           1|
    |brmerge_i_i8_fu_2401_p2               |    or    |      0|  0|   1|           1|           1|
    |brmerge_i_i9_fu_3422_p2               |    or    |      0|  0|   1|           1|           1|
    |brmerge_i_i_1_1_fu_589_p2             |    or    |      0|  0|   1|           1|           1|
    |brmerge_i_i_fu_502_p2                 |    or    |      0|  0|   1|           1|           1|
    |brmerge_i_i_i2_fu_3479_p2             |    or    |      0|  0|   1|           1|           1|
    |brmerge_i_i_i3_1_fu_2938_p2           |    or    |      0|  0|   1|           1|           1|
    |brmerge_i_i_i3_fu_2693_p2             |    or    |      0|  0|   1|           1|           1|
    |brmerge_i_i_i4_fu_2448_p2             |    or    |      0|  0|   1|           1|           1|
    |brmerge_i_i_i5_fu_3441_p2             |    or    |      0|  0|   1|           1|           1|
    |brmerge_i_i_i_1_1_fu_782_p2           |    or    |      0|  0|   1|           1|           1|
    |brmerge_i_i_i_fu_664_p2               |    or    |      0|  0|   1|           1|           1|
    |not_carry_6_fu_3338_p2                |    or    |      0|  0|   1|           1|           1|
    |not_carry_fu_3635_p2                  |    or    |      0|  0|   1|           1|           1|
    |r_i_i1_fu_3593_p2                     |    or    |      0|  0|   1|           1|           1|
    |r_i_i_1_fu_1172_p2                    |    or    |      0|  0|   1|           1|           1|
    |r_i_i_2_fu_1204_p2                    |    or    |      0|  0|   1|           1|           1|
    |r_i_i_3_fu_1236_p2                    |    or    |      0|  0|   1|           1|           1|
    |r_i_i_fu_1140_p2                      |    or    |      0|  0|   1|           1|           1|
    |r_i_i_i1_fu_3122_p2                   |    or    |      0|  0|   1|           1|           1|
    |r_i_i_i2_1_fu_2835_p2                 |    or    |      0|  0|   1|           1|           1|
    |r_i_i_i2_fu_2590_p2                   |    or    |      0|  0|   1|           1|           1|
    |r_i_i_i3_fu_3251_p2                   |    or    |      0|  0|   1|           1|           1|
    |r_i_i_i_fu_2283_p2                    |    or    |      0|  0|   1|           1|           1|
    |tmp184_demorgan_fu_1405_p2            |    or    |      0|  0|   1|           1|           1|
    |tmp186_demorgan_fu_1479_p2            |    or    |      0|  0|   1|           1|           1|
    |tmp188_demorgan_fu_1553_p2            |    or    |      0|  0|   1|           1|           1|
    |tmp193_demorgan_fu_2421_p2            |    or    |      0|  0|   1|           1|           1|
    |tmp199_demorgan_fu_3390_p2            |    or    |      0|  0|   1|           1|           1|
    |tmp201_demorgan_fu_3432_p2            |    or    |      0|  0|   1|           1|           1|
    |tmp203_demorgan_fu_3677_p2            |    or    |      0|  0|   1|           1|           1|
    |tmp51_fu_1585_p2                      |    or    |      0|  0|   1|           1|           1|
    |tmp58_fu_1643_p2                      |    or    |      0|  0|   1|           1|           1|
    |tmp68_fu_1701_p2                      |    or    |      0|  0|   1|           1|           1|
    |tmp73_fu_1759_p2                      |    or    |      0|  0|   1|           1|           1|
    |tmp78_fu_2437_p2                      |    or    |      0|  0|   1|           1|           1|
    |tmp80_fu_2681_p2                      |    or    |      0|  0|   1|           1|           1|
    |tmp82_fu_2926_p2                      |    or    |      0|  0|   1|           1|           1|
    |tmp88_fu_3692_p2                      |    or    |      0|  0|   1|           1|           1|
    |tmp90_fu_3406_p2                      |    or    |      0|  0|   1|           1|           1|
    |tmp91_fu_3447_p2                      |    or    |      0|  0|   1|           1|           1|
    |tmp_115_1_fu_2889_p2                  |    or    |      0|  0|   1|           1|           1|
    |tmp_78_fu_2644_p2                     |    or    |      0|  0|   1|           1|           1|
    |tmp_demorgan_fu_1331_p2               |    or    |      0|  0|   1|           1|           1|
    |underflow_3_not_1_fu_1648_p2          |    or    |      0|  0|   1|           1|           1|
    |underflow_3_not_2_fu_1706_p2          |    or    |      0|  0|   1|           1|           1|
    |underflow_3_not_3_fu_1764_p2          |    or    |      0|  0|   1|           1|           1|
    |underflow_3_not_fu_1590_p2            |    or    |      0|  0|   1|           1|           1|
    |underflow_5_not_fu_2443_p2            |    or    |      0|  0|   1|           1|           1|
    |underflow_6_not_1_fu_2932_p2          |    or    |      0|  0|   1|           1|           1|
    |underflow_6_not_fu_2687_p2            |    or    |      0|  0|   1|           1|           1|
    |underflow_7_not_fu_3412_p2            |    or    |      0|  0|   1|           1|           1|
    |underflow_8_not_fu_3452_p2            |    or    |      0|  0|   1|           1|           1|
    |underflow_9_not_fu_3697_p2            |    or    |      0|  0|   1|           1|           1|
    |underflow_not_3_1_fu_1032_p2          |    or    |      0|  0|   1|           1|           1|
    |brmerge_i_i3_fu_1889_p2               |    xor   |      0|  0|   1|           1|           1|
    |brmerge_i_i_i_2_fu_902_p2             |    xor   |      0|  0|   1|           1|           1|
    |brmerge_i_i_i_3_1_fu_1028_p2          |    xor   |      0|  0|   1|           1|           1|
    |deleted_zeros_1_fu_3641_p2            |    xor   |      0|  0|   1|           1|           1|
    |deleted_zeros_4_fu_3344_p2            |    xor   |      0|  0|   1|           1|           1|
    |isneg_5_not_fu_1895_p2                |    xor   |      0|  0|   2|           1|           2|
    |newsignbit_0_not_i_i_1_1_fu_607_p2    |    xor   |      0|  0|   2|           1|           2|
    |newsignbit_0_not_i_i_fu_520_p2        |    xor   |      0|  0|   2|           1|           2|
    |p_Result_25_2_0_not_fu_906_p2         |    xor   |      0|  0|   2|           1|           2|
    |p_Result_38_not_fu_3630_p2            |    xor   |      0|  0|   2|           1|           2|
    |p_Result_57_not_fu_2639_p2            |    xor   |      0|  0|   2|           1|           2|
    |p_Result_59_1_not_fu_2884_p2          |    xor   |      0|  0|   2|           1|           2|
    |p_Result_68_not_fu_3333_p2            |    xor   |      0|  0|   2|           1|           2|
    |p_not_i1_fu_3651_p2                   |    xor   |      0|  0|   2|           1|           2|
    |p_not_i_1_fu_1389_p2                  |    xor   |      0|  0|   2|           1|           2|
    |p_not_i_2_fu_1463_p2                  |    xor   |      0|  0|   2|           1|           2|
    |p_not_i_3_fu_1537_p2                  |    xor   |      0|  0|   2|           1|           2|
    |p_not_i_fu_1315_p2                    |    xor   |      0|  0|   2|           1|           2|
    |p_not_i_i2_fu_3365_p2                 |    xor   |      0|  0|   2|           1|           2|
    |p_not_i_i3_1_fu_2894_p2               |    xor   |      0|  0|   1|           1|           1|
    |p_not_i_i3_fu_2649_p2                 |    xor   |      0|  0|   1|           1|           1|
    |p_not_i_i4_fu_2396_p2                 |    xor   |      0|  0|   2|           1|           2|
    |p_not_i_i5_fu_3354_p2                 |    xor   |      0|  0|   2|           1|           2|
    |sel_tmp9_fu_1931_p2                   |    xor   |      0|  0|   2|           1|           2|
    |tmp57_fu_1627_p2                      |    xor   |      0|  0|   2|           1|           2|
    |tmp67_fu_1685_p2                      |    xor   |      0|  0|   2|           1|           2|
    |tmp72_fu_1743_p2                      |    xor   |      0|  0|   2|           1|           2|
    |tmp77_fu_2426_p2                      |    xor   |      0|  0|   2|           1|           2|
    |tmp79_fu_2670_p2                      |    xor   |      0|  0|   1|           1|           1|
    |tmp81_fu_2915_p2                      |    xor   |      0|  0|   1|           1|           1|
    |tmp89_fu_3395_p2                      |    xor   |      0|  0|   2|           1|           2|
    |tmp_108_1_fu_2862_p2                  |    xor   |      0|  0|   2|           1|           2|
    |tmp_112_1_fu_2872_p2                  |    xor   |      0|  0|   2|           1|           2|
    |tmp_1_fu_631_p2                       |    xor   |      0|  0|   2|           1|           2|
    |tmp_43_1_fu_1337_p2                   |    xor   |      0|  0|   2|           1|           2|
    |tmp_43_2_fu_1411_p2                   |    xor   |      0|  0|   2|           1|           2|
    |tmp_43_3_fu_1485_p2                   |    xor   |      0|  0|   2|           1|           2|
    |tmp_43_fu_1263_p2                     |    xor   |      0|  0|   2|           1|           2|
    |tmp_44_1_1_fu_595_p2                  |    xor   |      0|  0|   2|           1|           2|
    |tmp_44_3_1_fu_1019_p2                 |    xor   |      0|  0|   2|           1|           2|
    |tmp_44_fu_508_p2                      |    xor   |      0|  0|   2|           1|           2|
    |tmp_46_fu_1877_p2                     |    xor   |      0|  0|   2|           1|           2|
    |tmp_49_1_fu_1365_p2                   |    xor   |      0|  0|   2|           1|           2|
    |tmp_49_2_fu_1439_p2                   |    xor   |      0|  0|   2|           1|           2|
    |tmp_49_3_fu_1513_p2                   |    xor   |      0|  0|   2|           1|           2|
    |tmp_49_fu_1291_p2                     |    xor   |      0|  0|   2|           1|           2|
    |tmp_57_fu_1559_p2                     |    xor   |      0|  0|   2|           1|           2|
    |tmp_59_fu_636_p2                      |    xor   |      0|  0|   2|           1|           2|
    |tmp_66_fu_2368_p2                     |    xor   |      0|  0|   2|           1|           2|
    |tmp_67_fu_2340_p2                     |    xor   |      0|  0|   2|           1|           2|
    |tmp_68_fu_2406_p2                     |    xor   |      0|  0|   2|           1|           2|
    |tmp_73_1_fu_1617_p2                   |    xor   |      0|  0|   2|           1|           2|
    |tmp_73_2_fu_1675_p2                   |    xor   |      0|  0|   2|           1|           2|
    |tmp_73_3_fu_1733_p2                   |    xor   |      0|  0|   2|           1|           2|
    |tmp_74_fu_2617_p2                     |    xor   |      0|  0|   2|           1|           2|
    |tmp_75_fu_3619_p2                     |    xor   |      0|  0|   2|           1|           2|
    |tmp_76_fu_2627_p2                     |    xor   |      0|  0|   2|           1|           2|
    |tmp_77_fu_3278_p2                     |    xor   |      0|  0|   2|           1|           2|
    |tmp_80_fu_3662_p2                     |    xor   |      0|  0|   2|           1|           2|
    |tmp_83_fu_3179_p2                     |    xor   |      0|  0|   2|           1|           2|
    |tmp_84_fu_3375_p2                     |    xor   |      0|  0|   2|           1|           2|
    |tmp_87_fu_3322_p2                     |    xor   |      0|  0|   2|           1|           2|
    |tmp_88_fu_3417_p2                     |    xor   |      0|  0|   2|           1|           2|
    |tmp_fu_1569_p2                        |    xor   |      0|  0|   2|           1|           2|
    |underflow_11_fu_3681_p2               |    xor   |      0|  0|   1|           1|           1|
    |underflow_13_fu_3436_p2               |    xor   |      0|  0|   1|           1|           1|
    |underflow_not_1_1_fu_786_p2           |    xor   |      0|  0|   2|           1|           2|
    |underflow_not_fu_668_p2               |    xor   |      0|  0|   2|           1|           2|
    +--------------------------------------+----------+-------+---+----+------------+------------+
    |Total                                 |          |      0|  0|3770|        1438|        3363|
    +--------------------------------------+----------+-------+---+----+------------+------------+

    * Multiplexer: 
    +---------------------+-----+-----------+-----+-----------+
    |         Name        | LUT | Input Size| Bits| Total Bits|
    +---------------------+-----+-----------+-----+-----------+
    |ap_NS_fsm            |  108|         60|    1|         60|
    |i_2_reg_413          |    2|          2|    2|          4|
    |j1_1_reg_378         |    2|          2|    2|          4|
    |j1_reg_355           |    2|          2|    2|          4|
    |k_reg_332            |    3|          2|    3|          6|
    |p_Val2_3_73_reg_320  |   29|          2|   29|         58|
    |p_Val2_5_reg_389     |   31|          2|   31|         62|
    |p_Val2_8_reg_401     |   32|          2|   32|         64|
    |xH_V_1_reg_366       |   32|          2|   32|         64|
    |xH_V_reg_343         |   32|          2|   32|         64|
    +---------------------+-----+-----------+-----+-----------+
    |Total                |  273|         78|  166|        390|
    +---------------------+-----+-----------+-----+-----------+

    * Register: 
    +----------------------------------+----+----+-----+-----------+
    |               Name               | FF | LUT| Bits| Const Bits|
    +----------------------------------+----+----+-----+-----------+
    |Gx_V_reg_4820                     |  31|   0|   31|          0|
    |OP2_V_4_1_cast_cast_reg_4518      |   7|   0|   75|         68|
    |OP2_V_4_cast_cast_reg_4417        |  10|   0|   75|         65|
    |Range1_all_ones_2_reg_4706        |   1|   0|    1|          0|
    |Range1_all_ones_4_reg_4338        |   1|   0|    1|          0|
    |Range1_all_zeros_1_reg_4345       |   1|   0|    1|          0|
    |Range1_all_zeros_2_reg_4713       |   1|   0|    1|          0|
    |aa_0_V_reg_4154                   |  23|   0|   23|          0|
    |aa_1_V_reg_4159                   |  23|   0|   23|          0|
    |aa_2_V_reg_4164                   |  23|   0|   23|          0|
    |aa_3_V_reg_4169                   |  23|   0|   23|          0|
    |ap_CS_fsm                         |  59|   0|   59|          0|
    |brmerge40_demorgan_i1_reg_4898    |   1|   0|    1|          0|
    |brmerge40_demorgan_i_1_reg_4094   |   1|   0|    1|          0|
    |brmerge40_demorgan_i_2_reg_4114   |   1|   0|    1|          0|
    |brmerge40_demorgan_i_3_reg_4134   |   1|   0|    1|          0|
    |brmerge40_demorgan_i_i3_reg_4799  |   1|   0|    1|          0|
    |brmerge40_demorgan_i_reg_4074     |   1|   0|    1|          0|
    |brmerge_i1_1_reg_4089             |   1|   0|    1|          0|
    |brmerge_i1_2_reg_4109             |   1|   0|    1|          0|
    |brmerge_i1_3_reg_4129             |   1|   0|    1|          0|
    |brmerge_i1_reg_4069               |   1|   0|    1|          0|
    |deleted_ones_2_reg_4765           |   1|   0|    1|          0|
    |deleted_ones_4_reg_4372           |   1|   0|    1|          0|
    |deleted_zeros_2_reg_4760          |   1|   0|    1|          0|
    |deleted_zeros_3_reg_4367          |   1|   0|    1|          0|
    |i_2_reg_413                       |   2|   0|    2|          0|
    |i_5_reg_4609                      |   2|   0|    2|          0|
    |j1_1_reg_378                      |   2|   0|    2|          0|
    |j1_reg_355                        |   2|   0|    2|          0|
    |j_2_1_reg_4508                    |   2|   0|    2|          0|
    |j_2_reg_4407                      |   2|   0|    2|          0|
    |k_1_reg_4177                      |   3|   0|    3|          0|
    |k_reg_332                         |   3|   0|    3|          0|
    |min_0_V_reg_4223                  |  27|   0|   27|          0|
    |min_3_V_14_fu_260                 |  27|   0|   27|          0|
    |min_3_V_15_fu_264                 |  27|   0|   27|          0|
    |min_3_V_16_fu_268                 |  27|   0|   27|          0|
    |min_3_V_19_reg_4281               |  27|   0|   27|          0|
    |min_3_V_25_reg_4286               |  27|   0|   27|          0|
    |min_3_V_30_reg_4291               |  27|   0|   27|          0|
    |min_3_V_4_reg_4268                |  27|   0|   27|          0|
    |min_V_fu_256                      |  27|   0|   27|          0|
    |newsignbit_10_reg_4361            |   1|   0|    1|          0|
    |newsignbit_11_reg_4754            |   1|   0|    1|          0|
    |newsignbit_12_reg_4782            |   1|   0|    1|          0|
    |newsignbit_13_reg_4881            |   1|   0|    1|          0|
    |overflow_11_reg_4804              |   1|   0|    1|          0|
    |overflow_1_1_reg_3817             |   1|   0|    1|          0|
    |overflow_6_1_reg_4585             |   1|   0|    1|          0|
    |overflow_6_reg_4484               |   1|   0|    1|          0|
    |overflow_9_reg_4383               |   1|   0|    1|          0|
    |overflow_reg_3799                 |   1|   0|    1|          0|
    |p_38_i1_reg_4887                  |   1|   0|    1|          0|
    |p_38_i_1_reg_4084                 |   1|   0|    1|          0|
    |p_38_i_2_reg_4104                 |   1|   0|    1|          0|
    |p_38_i_3_reg_4124                 |   1|   0|    1|          0|
    |p_38_i_i1_reg_4770                |   1|   0|    1|          0|
    |p_38_i_i2_reg_4788                |   1|   0|    1|          0|
    |p_38_i_i_reg_4377                 |   1|   0|    1|          0|
    |p_38_i_reg_4064                   |   1|   0|    1|          0|
    |p_41_i_i1_reg_4718                |   1|   0|    1|          0|
    |p_41_i_i_reg_4350                 |   1|   0|    1|          0|
    |p_Val2_10_1_reg_3890              |  23|   0|   23|          0|
    |p_Val2_10_2_reg_3933              |  23|   0|   23|          0|
    |p_Val2_10_3_reg_3976              |  23|   0|   23|          0|
    |p_Val2_10_reg_4427                |  75|   0|   75|          0|
    |p_Val2_13_1_reg_4025              |  23|   0|   23|          0|
    |p_Val2_13_2_reg_4038              |  23|   0|   23|          0|
    |p_Val2_13_3_reg_4051              |  23|   0|   23|          0|
    |p_Val2_14_reg_4844                |  32|   0|   32|          0|
    |p_Val2_15_reg_4875                |  32|   0|   32|          0|
    |p_Val2_17_reg_4691                |  32|   0|   32|          0|
    |p_Val2_18_reg_4748                |  32|   0|   32|          0|
    |p_Val2_19_reg_4302                |  54|   0|   54|          0|
    |p_Val2_20_reg_4670                |  56|   0|   56|          0|
    |p_Val2_22_reg_4732                |  31|   0|   31|          0|
    |p_Val2_23_reg_4776                |  31|   0|   31|          0|
    |p_Val2_24_1_reg_4528              |  75|   0|   75|          0|
    |p_Val2_24_reg_4450                |  32|   0|   32|          0|
    |p_Val2_25_reg_4466                |  32|   0|   32|          0|
    |p_Val2_26_1_reg_4551              |  32|   0|   32|          0|
    |p_Val2_27_reg_4323                |  29|   0|   29|          0|
    |p_Val2_28_reg_4355                |  29|   0|   29|          0|
    |p_Val2_2_reg_4012                 |  23|   0|   23|          0|
    |p_Val2_32_1_reg_4567              |  32|   0|   32|          0|
    |p_Val2_3_73_reg_320               |  29|   0|   29|          0|
    |p_Val2_5_reg_389                  |  31|   0|   31|          0|
    |p_Val2_6_reg_4830                 |  44|   0|   44|          0|
    |p_Val2_7_reg_4655                 |  61|   0|   61|          0|
    |p_Val2_8_reg_401                  |  32|   0|   32|          0|
    |p_Val2_s_reg_3847                 |  23|   0|   23|          0|
    |p_not_i1_reg_4893                 |   1|   0|    1|          0|
    |p_not_i_i5_reg_4794               |   1|   0|    1|          0|
    |qb_assign_3_reg_4870              |   1|   0|    1|          0|
    |qb_assign_5_reg_4701              |   1|   0|    1|          0|
    |qb_assign_7_1_reg_4562            |   1|   0|    1|          0|
    |qb_assign_7_reg_4461              |   1|   0|    1|          0|
    |qb_assign_9_reg_4333              |   1|   0|    1|          0|
    |qb_assign_s_reg_4743              |   1|   0|    1|          0|
    |qbit_10_reg_4675                  |   1|   0|    1|          0|
    |qbit_11_reg_4849                  |   1|   0|    1|          0|
    |qbit_9_reg_4660                   |   1|   0|    1|          0|
    |qbit_reg_4307                     |   1|   0|    1|          0|
    |r_V_1_reg_4625                    |  29|   0|   29|          0|
    |sel_tmp11_reg_4243                |   1|   0|    1|          0|
    |sel_tmp14_reg_4273                |   1|   0|    1|          0|
    |sel_tmp2_reg_4196                 |   1|   0|    1|          0|
    |sel_tmp3_reg_4203                 |  23|   0|   23|          0|
    |sel_tmp4_reg_4208                 |   1|   0|    1|          0|
    |sel_tmp5_reg_4237                 |   1|   0|    1|          0|
    |sel_tmp9_reg_4231                 |   1|   0|    1|          0|
    |sel_tmp_reg_4189                  |   1|   0|    1|          0|
    |signbit_5_reg_4685                |   1|   0|    1|          0|
    |signbit_6_reg_4723                |   1|   0|    1|          0|
    |signbit_7_reg_4835                |   1|   0|    1|          0|
    |signbit_reg_4317                  |   1|   0|    1|          0|
    |tmp184_demorgan_reg_4099          |   1|   0|    1|          0|
    |tmp186_demorgan_reg_4119          |   1|   0|    1|          0|
    |tmp188_demorgan_reg_4139          |   1|   0|    1|          0|
    |tmp_105_reg_3794                  |  28|   0|   28|          0|
    |tmp_108_1_reg_4580                |   1|   0|    1|          0|
    |tmp_108_reg_3840                  |   1|   0|    1|          0|
    |tmp_109_reg_3852                  |   1|   0|    1|          0|
    |tmp_110_reg_3857                  |   6|   0|    6|          0|
    |tmp_111_reg_3862                  |   1|   0|    1|          0|
    |tmp_112_reg_3867                  |   1|   0|    1|          0|
    |tmp_113_reg_4018                  |   1|   0|    1|          0|
    |tmp_114_reg_3872                  |   1|   0|    1|          0|
    |tmp_115_reg_3812                  |  28|   0|   28|          0|
    |tmp_118_reg_3883                  |   1|   0|    1|          0|
    |tmp_119_reg_3895                  |   1|   0|    1|          0|
    |tmp_120_reg_3900                  |   6|   0|    6|          0|
    |tmp_121_reg_3905                  |   1|   0|    1|          0|
    |tmp_122_reg_3910                  |   1|   0|    1|          0|
    |tmp_123_reg_4031                  |   1|   0|    1|          0|
    |tmp_124_reg_3915                  |   1|   0|    1|          0|
    |tmp_126_reg_3766                  |   1|   0|    1|          0|
    |tmp_127_reg_3773                  |   1|   0|    1|          0|
    |tmp_128_reg_3926                  |   1|   0|    1|          0|
    |tmp_129_reg_3938                  |   1|   0|    1|          0|
    |tmp_130_reg_3943                  |   6|   0|    6|          0|
    |tmp_131_reg_3948                  |   1|   0|    1|          0|
    |tmp_132_reg_3953                  |   1|   0|    1|          0|
    |tmp_133_reg_4044                  |   1|   0|    1|          0|
    |tmp_134_reg_3958                  |   1|   0|    1|          0|
    |tmp_136_reg_3780                  |   1|   0|    1|          0|
    |tmp_137_reg_3787                  |   1|   0|    1|          0|
    |tmp_138_reg_3969                  |   1|   0|    1|          0|
    |tmp_139_reg_3981                  |   1|   0|    1|          0|
    |tmp_140_reg_3986                  |   6|   0|    6|          0|
    |tmp_141_reg_3991                  |   1|   0|    1|          0|
    |tmp_142_reg_3996                  |   1|   0|    1|          0|
    |tmp_143_reg_4057                  |   1|   0|    1|          0|
    |tmp_144_reg_4001                  |   1|   0|    1|          0|
    |tmp_145_reg_4182                  |   2|   0|    2|          0|
    |tmp_151_reg_4312                  |  22|   0|   22|          0|
    |tmp_152_reg_4328                  |   1|   0|    1|          0|
    |tmp_157_reg_4442                  |   1|   0|    1|          0|
    |tmp_158_reg_4432                  |   1|   0|    1|          0|
    |tmp_159_reg_4437                  |  48|   0|   48|          0|
    |tmp_160_reg_4455                  |   1|   0|    1|          0|
    |tmp_162_reg_4472                  |   1|   0|    1|          0|
    |tmp_164_reg_4543                  |   1|   0|    1|          0|
    |tmp_165_reg_4533                  |   1|   0|    1|          0|
    |tmp_166_reg_4538                  |  48|   0|   48|          0|
    |tmp_167_reg_4556                  |   1|   0|    1|          0|
    |tmp_169_reg_4573                  |   1|   0|    1|          0|
    |tmp_172_reg_4854                  |  12|   0|   12|          0|
    |tmp_173_reg_4859                  |   1|   0|    1|          0|
    |tmp_174_reg_4865                  |   1|   0|    1|          0|
    |tmp_179_reg_4665                  |  25|   0|   25|          0|
    |tmp_180_reg_4696                  |   1|   0|    1|          0|
    |tmp_186_reg_4680                  |  24|   0|   24|          0|
    |tmp_187_reg_4737                  |   1|   0|    1|          0|
    |tmp_1_reg_3830                    |   1|   0|    1|          0|
    |tmp_50_reg_3877                   |   2|   0|    2|          0|
    |tmp_56_reg_3920                   |   2|   0|    2|          0|
    |tmp_58_reg_3963                   |   2|   0|    2|          0|
    |tmp_59_reg_3835                   |   1|   0|    1|          0|
    |tmp_60_reg_4006                   |   2|   0|    2|          0|
    |tmp_69_reg_4412                   |  29|   0|   29|          0|
    |tmp_74_reg_4479                   |   1|   0|    1|          0|
    |tmp_79_reg_4513                   |  29|   0|   29|          0|
    |tmp_demorgan_reg_4079             |   1|   0|    1|          0|
    |tmp_s_reg_4216                    |   1|   0|    1|          0|
    |underflow9_reg_3805               |   1|   0|    1|          0|
    |underflow_10_reg_4388             |   1|   0|    1|          0|
    |underflow_12_reg_4809             |   1|   0|    1|          0|
    |underflow_1_1_reg_3823            |   1|   0|    1|          0|
    |underflow_5_not_reg_4394          |   1|   0|    1|          0|
    |underflow_6_1_reg_4590            |   1|   0|    1|          0|
    |underflow_6_not_1_reg_4596        |   1|   0|    1|          0|
    |underflow_6_not_reg_4495          |   1|   0|    1|          0|
    |underflow_6_reg_4489              |   1|   0|    1|          0|
    |underflow_7_not_reg_4815          |   1|   0|    1|          0|
    |xH_V_1_reg_366                    |  32|   0|   32|          0|
    |xH_V_load_phi_reg_4614            |  32|   0|   32|          0|
    |xH_V_reg_343                      |  32|   0|   32|          0|
    |x_1_V_read_assign_2_reg_4619      |  29|   0|   29|          0|
    +----------------------------------+----+----+-----+-----------+
    |Total                             |2102|   0| 2235|        133|
    +----------------------------------+----+----+-----+-----------+



================================================================
== Interface
================================================================
* Summary: 
+------------+-----+-----+------------+-----------------+--------------+
|  RTL Ports | Dir | Bits|  Protocol  |  Source Object  |    C Type    |
+------------+-----+-----+------------+-----------------+--------------+
|ap_clk      |  in |    1| ap_ctrl_hs | Compult_fitness | return value |
|ap_rst      |  in |    1| ap_ctrl_hs | Compult_fitness | return value |
|ap_start    |  in |    1| ap_ctrl_hs | Compult_fitness | return value |
|ap_done     | out |    1| ap_ctrl_hs | Compult_fitness | return value |
|ap_idle     | out |    1| ap_ctrl_hs | Compult_fitness | return value |
|ap_ready    | out |    1| ap_ctrl_hs | Compult_fitness | return value |
|ap_return   | out |   32| ap_ctrl_hs | Compult_fitness | return value |
|x_0_V_read  |  in |   29|   ap_none  |    x_0_V_read   |    scalar    |
|x_1_V_read  |  in |   29|   ap_none  |    x_1_V_read   |    scalar    |
|G_0_V_read  |  in |   28|   ap_none  |    G_0_V_read   |    scalar    |
|G_1_V_read  |  in |   28|   ap_none  |    G_1_V_read   |    scalar    |
|b_0_V_read  |  in |   31|   ap_none  |    b_0_V_read   |    scalar    |
|b_1_V_read  |  in |   31|   ap_none  |    b_1_V_read   |    scalar    |
|b_2_V_read  |  in |   31|   ap_none  |    b_2_V_read   |    scalar    |
|b_3_V_read  |  in |   31|   ap_none  |    b_3_V_read   |    scalar    |
+------------+-----+-----+------------+-----------------+--------------+

