

================================================================
== Vivado HLS Report for 'Compult_randac'
================================================================
* Date:           Sat Jun 27 19:37:39 2015

* Version:        2014.4 (Build 1071461 on Tue Nov 18 16:42:57 PM 2014)
* Project:        mpc_pso
* Solution:       solution1
* Product family: zynq
* Target device:  xc7z010clg400-1


================================================================
== Performance Estimates
================================================================
+ Timing (ns): 
    * Summary: 
    +---------+-------+----------+------------+
    |  Clock  | Target| Estimated| Uncertainty|
    +---------+-------+----------+------------+
    |default  |   8.00|      6.85|        1.00|
    +---------+-------+----------+------------+

+ Latency (clock cycles): 
    * Summary: 
    +-----+-----+-----+-----+---------+
    |  Latency  |  Interval | Pipeline|
    | min | max | min | max |   Type  |
    +-----+-----+-----+-----+---------+
    |    7|    7|    7|    7|   none  |
    +-----+-----+-----+-----+---------+

    + Detail: 
        * Instance: 
        N/A

        * Loop: 
        N/A



================================================================
== Utilization Estimates
================================================================
* Summary: 
+-----------------+---------+-------+-------+-------+
|       Name      | BRAM_18K| DSP48E|   FF  |  LUT  |
+-----------------+---------+-------+-------+-------+
|Expression       |        -|      -|      0|    511|
|FIFO             |        -|      -|      -|      -|
|Instance         |        -|      2|      0|      0|
|Memory           |        -|      -|      -|      -|
|Multiplexer      |        -|      -|      -|      4|
|Register         |        -|      -|    229|      -|
+-----------------+---------+-------+-------+-------+
|Total            |        0|      2|    229|    515|
+-----------------+---------+-------+-------+-------+
|Available        |      120|     80|  35200|  17600|
+-----------------+---------+-------+-------+-------+
|Utilization (%)  |        0|      2|   ~0  |      2|
+-----------------+---------+-------+-------+-------+

+ Detail: 
    * Instance: 
    +-----------------------------+--------------------------+---------+-------+---+----+
    |           Instance          |          Module          | BRAM_18K| DSP48E| FF| LUT|
    +-----------------------------+--------------------------+---------+-------+---+----+
    |Compult_mul_31s_7ns_38_3_U0  |Compult_mul_31s_7ns_38_3  |        0|      2|  0|   0|
    +-----------------------------+--------------------------+---------+-------+---+----+
    |Total                        |                          |        0|      2|  0|   0|
    +-----------------------------+--------------------------+---------+-------+---+----+

    * Memory: 
    N/A

    * FIFO: 
    N/A

    * Expression: 
    +---------------------------------+----------+-------+---+----+------------+------------+
    |          Variable Name          | Operation| DSP48E| FF| LUT| Bitwidth P0| Bitwidth P1|
    +---------------------------------+----------+-------+---+----+------------+------------+
    |ret_V_1_fu_389_p2                |     +    |      0|  0|  25|          25|           1|
    |tmp_11_fu_132_p2                 |     +    |      0|  0|  32|          32|           1|
    |p_neg_t_fu_186_p2                |     -    |      0|  0|  32|           1|          32|
    |tmp_17_fu_173_p2                 |     -    |      0|  0|  20|           1|          20|
    |ap_return                        |  Select  |      0|  0|  20|           1|          20|
    |p_3_fu_394_p3                    |  Select  |      0|  0|  25|           1|          25|
    |p_Val2_1_fu_192_p3               |  Select  |      0|  0|  32|           1|          32|
    |p_Val2_2_35_fu_300_p3            |  Select  |      0|  0|  42|           1|          42|
    |p_Val2_2_mux_fu_292_p3           |  Select  |      0|  0|  41|           1|          40|
    |p_Val2_3_fu_307_p3               |  Select  |      0|  0|  41|           1|          41|
    |p_Val2_7_fu_481_p3               |  Select  |      0|  0|  21|           1|          21|
    |result_V_fu_473_p3               |  Select  |      0|  0|  20|           1|          19|
    |tmp_7_fu_137_p3                  |  Select  |      0|  0|  32|           1|          32|
    |tmp_9_fu_144_p3                  |  Select  |      0|  0|  32|           1|          32|
    |tmp_s_fu_400_p3                  |  Select  |      0|  0|  25|           1|          25|
    |overflow_1_fu_440_p2             |    and   |      0|  0|   1|           1|           1|
    |overflow_fu_244_p2               |    and   |      0|  0|   1|           1|           1|
    |underflow_1_fu_450_p2            |    and   |      0|  0|   1|           1|           1|
    |underflow_fu_266_p2              |    and   |      0|  0|   1|           1|           1|
    |p_not38_i_fu_383_p2              |   icmp   |      0|  0|   4|           4|           2|
    |p_not38_i_i1_fu_255_p2           |   icmp   |      0|  0|   7|           7|           2|
    |p_not_i_fu_371_p2                |   icmp   |      0|  0|   4|           4|           1|
    |p_not_i_i1_fu_229_p2             |   icmp   |      0|  0|   7|           7|           1|
    |tmp_2_fu_127_p2                  |   icmp   |      0|  0|   5|           5|           1|
    |tmp_3_fu_337_p2                  |   icmp   |      0|  0|  20|          16|           1|
    |brmerge39_i_fu_446_p2            |    or    |      0|  0|   1|           1|           1|
    |brmerge39_i_i1_fu_260_p2         |    or    |      0|  0|   1|           1|           1|
    |brmerge4_fu_467_p2               |    or    |      0|  0|   1|           1|           1|
    |brmerge_fu_287_p2                |    or    |      0|  0|   1|           1|           1|
    |brmerge_i_fu_431_p2              |    or    |      0|  0|   1|           1|           1|
    |brmerge_i_i1_fu_234_p2           |    or    |      0|  0|   1|           1|           1|
    |brmerge_i_i2_fu_455_p2           |    or    |      0|  0|   1|           1|           1|
    |brmerge_i_i_i1_fu_278_p2         |    or    |      0|  0|   1|           1|           1|
    |newsignbit_0_not_i_fu_377_p2     |    xor   |      0|  0|   2|           1|           2|
    |newsignbit_0_not_i_i1_fu_250_p2  |    xor   |      0|  0|   2|           1|           2|
    |tmp_1_fu_239_p2                  |    xor   |      0|  0|   2|           1|           2|
    |tmp_8_fu_435_p2                  |    xor   |      0|  0|   2|           1|           2|
    |underflow_2_not_fu_461_p2        |    xor   |      0|  0|   2|           1|           2|
    |underflow_not_fu_282_p2          |    xor   |      0|  0|   2|           1|           2|
    +---------------------------------+----------+-------+---+----+------------+------------+
    |Total                            |          |      0|  0| 511|         131|         415|
    +---------------------------------+----------+-------+---+----+------------+------------+

    * Multiplexer: 
    +-----------+----+-----------+-----+-----------+
    |    Name   | LUT| Input Size| Bits| Total Bits|
    +-----------+----+-----------+-----+-----------+
    |ap_NS_fsm  |   4|          9|    1|          9|
    +-----------+----+-----------+-----+-----------+
    |Total      |   4|          9|    1|          9|
    +-----------+----+-----------+-----+-----------+

    * Register: 
    +----------------------------+----+----+-----+-----------+
    |            Name            | FF | LUT| Bits| Const Bits|
    +----------------------------+----+----+-----+-----------+
    |ap_CS_fsm                   |   8|   0|    8|          0|
    |isneg_1_reg_581             |   1|   0|    1|          0|
    |isneg_reg_538               |   1|   0|    1|          0|
    |newsignbit_0_not_i_reg_608  |   1|   0|    1|          0|
    |newsignbit_1_reg_598        |   1|   0|    1|          0|
    |newsignbit_reg_549          |   1|   0|    1|          0|
    |overflow_reg_561            |   1|   0|    1|          0|
    |p_Result_s_reg_555          |   7|   0|    7|          0|
    |p_not38_i_reg_613           |   1|   0|    1|          0|
    |p_not_i_reg_603             |   1|   0|    1|          0|
    |ret_V_reg_574               |  25|   0|   25|          0|
    |seed_V                      |  26|   0|   31|          5|
    |tmp_10_reg_512              |  32|   0|   32|          0|
    |tmp_12_reg_523              |   1|   0|    1|          0|
    |tmp_13_reg_528              |  20|   0|   20|          0|
    |tmp_14_reg_593              |  17|   0|   17|          0|
    |tmp_16_reg_533              |  20|   0|   20|          0|
    |tmp_19_reg_544              |  25|   0|   25|          0|
    |tmp_3_reg_588               |   1|   0|    1|          0|
    |tmp_4_reg_517               |  32|   0|   32|          0|
    |tmp_5_reg_502               |   1|   0|    1|          0|
    |tmp_6_reg_507               |   5|   0|    5|          0|
    |underflow_reg_567           |   1|   0|    1|          0|
    +----------------------------+----+----+-----+-----------+
    |Total                       | 229|   0|  234|          5|
    +----------------------------+----+----+-----+-----------+



================================================================
== Interface
================================================================
* Summary: 
+-----------+-----+-----+------------+----------------+--------------+
| RTL Ports | Dir | Bits|  Protocol  |  Source Object |    C Type    |
+-----------+-----+-----+------------+----------------+--------------+
|ap_clk     |  in |    1| ap_ctrl_hs | Compult_randac | return value |
|ap_rst     |  in |    1| ap_ctrl_hs | Compult_randac | return value |
|ap_start   |  in |    1| ap_ctrl_hs | Compult_randac | return value |
|ap_done    | out |    1| ap_ctrl_hs | Compult_randac | return value |
|ap_idle    | out |    1| ap_ctrl_hs | Compult_randac | return value |
|ap_ready   | out |    1| ap_ctrl_hs | Compult_randac | return value |
|ap_return  | out |   20| ap_ctrl_hs | Compult_randac | return value |
+-----------+-----+-----+------------+----------------+--------------+

