

================================================================
== Vivado HLS Report for 'Compult'
================================================================
* Date:           Sat Jun 27 19:37:46 2015

* Version:        2014.4 (Build 1071461 on Tue Nov 18 16:42:57 PM 2014)
* Project:        mpc_pso
* Solution:       solution1
* Product family: zynq
* Target device:  xc7z010clg400-1


================================================================
== Performance Estimates
================================================================
+ Timing (ns): 
    * Summary: 
    +---------+-------+----------+------------+
    |  Clock  | Target| Estimated| Uncertainty|
    +---------+-------+----------+------------+
    |default  |   8.00|      6.88|        1.00|
    +---------+-------+----------+------------+

+ Latency (clock cycles): 
    * Summary: 
    +--------+--------+--------+--------+---------+
    |     Latency     |     Interval    | Pipeline|
    |   min  |   max  |   min  |   max  |   Type  |
    +--------+--------+--------+--------+---------+
    |  148181|  151457|  148182|  151458|   none  |
    +--------+--------+--------+--------+---------+

    + Detail: 
        * Instance: 
        +----------------------------+-----------------+--------+--------+--------+--------+---------+
        |                            |                 |     Latency     |     Interval    | Pipeline|
        |          Instance          |      Module     |   min  |   max  |   min  |   max  |   Type  |
        +----------------------------+-----------------+--------+--------+--------+--------+---------+
        |grp_Compult_mpc_pso_fu_161  |Compult_mpc_pso  |  148158|  151434|  148158|  151434|   none  |
        +----------------------------+-----------------+--------+--------+--------+--------+---------+

        * Loop: 
        N/A



================================================================
== Utilization Estimates
================================================================
* Summary: 
+-----------------+---------+-------+-------+-------+
|       Name      | BRAM_18K| DSP48E|   FF  |  LUT  |
+-----------------+---------+-------+-------+-------+
|Expression       |        -|      2|      0|    842|
|FIFO             |        -|      -|      -|      -|
|Instance         |        5|     78|   7124|  11498|
|Memory           |        -|      -|      -|      -|
|Multiplexer      |        -|      -|      -|     21|
|Register         |        -|      -|    585|      -|
+-----------------+---------+-------+-------+-------+
|Total            |        5|     80|   7709|  12361|
+-----------------+---------+-------+-------+-------+
|Available        |      120|     80|  35200|  17600|
+-----------------+---------+-------+-------+-------+
|Utilization (%)  |        4|    100|     21|     70|
+-----------------+---------+-------+-------+-------+

+ Detail: 
    * Instance: 
    +-------------------------------+---------------------------+---------+-------+------+-------+
    |            Instance           |           Module          | BRAM_18K| DSP48E|  FF  |  LUT  |
    +-------------------------------+---------------------------+---------+-------+------+-------+
    |grp_Compult_mpc_pso_fu_161     |Compult_mpc_pso            |        5|     72|  7124|  11498|
    |Compult_mul_30s_26ns_55_6_U60  |Compult_mul_30s_26ns_55_6  |        0|      4|     0|      0|
    |Compult_mul_31s_10ns_41_3_U59  |Compult_mul_31s_10ns_41_3  |        0|      2|     0|      0|
    +-------------------------------+---------------------------+---------+-------+------+-------+
    |Total                          |                           |        5|     78|  7124|  11498|
    +-------------------------------+---------------------------+---------+-------+------+-------+

    * Memory: 
    N/A

    * FIFO: 
    N/A

    * Expression: 
    +----------------------------------+----------+-------+---+----+------------+------------+
    |           Variable Name          | Operation| DSP48E| FF| LUT| Bitwidth P0| Bitwidth P1|
    +----------------------------------+----------+-------+---+----+------------+------------+
    |p_Val2_8_fu_378_p2                |     *    |      1|  0|   0|          16|          19|
    |p_Val2_s_fu_184_p2                |     *    |      1|  0|   0|          16|          19|
    |p_Val2_10_fu_525_p2               |     +    |      0|  0|  16|          16|          16|
    |p_Val2_22_fu_721_p2               |     +    |      0|  0|  31|          31|          31|
    |p_Val2_26_fu_890_p2               |     +    |      0|  0|  16|          16|          16|
    |p_Val2_7_fu_246_p2                |     +    |      0|  0|  16|          16|          16|
    |p_Val2_12_fu_293_p2               |     -    |      0|  0|  29|          29|          29|
    |p_Val2_17_fu_557_p2               |     -    |      0|  0|  33|          33|          33|
    |ap_return                         |  Select  |      0|  0|  30|           1|          30|
    |deleted_ones_fu_942_p3            |  Select  |      0|  0|   1|           1|           1|
    |deleted_zeros_fu_924_p3           |  Select  |      0|  0|   1|           1|           1|
    |dx2_V_fu_684_p3                   |  Select  |      0|  0|  30|           1|          30|
    |p_Val2_101_mux_i_fu_671_p3        |  Select  |      0|  0|  30|           1|          29|
    |p_Val2_115_mux_fu_771_p3          |  Select  |      0|  0|  30|           1|          29|
    |p_Val2_118_mux_fu_1014_p3         |  Select  |      0|  0|  16|           1|          15|
    |p_Val2_120_mux_fu_1132_p3         |  Select  |      0|  0|  30|           1|          29|
    |p_Val2_15_fu_514_p3               |  Select  |      0|  0|  32|           1|          32|
    |p_Val2_3_i_fu_678_p3              |  Select  |      0|  0|  31|           1|          31|
    |p_Val2_4_fu_1020_p3               |  Select  |      0|  0|  17|           1|          17|
    |p_Val2_5_fu_1140_p3               |  Select  |      0|  0|  31|           1|          31|
    |p_Val2_97_mux_i_fu_498_p3         |  Select  |      0|  0|  32|           1|          31|
    |p_Val2_i4_fu_506_p3               |  Select  |      0|  0|  33|           1|          33|
    |p_Val2_s_37_fu_778_p3             |  Select  |      0|  0|  31|           1|          31|
    |phitmp8_fu_538_p3                 |  Select  |      0|  0|  16|           1|          16|
    |phitmp_fu_259_p3                  |  Select  |      0|  0|  16|           1|          16|
    |tmp_15_fu_267_p3                  |  Select  |      0|  0|  16|           1|          16|
    |tmp_17_fu_646_p3                  |  Select  |      0|  0|  16|           1|          16|
    |tmp_7_fu_785_p3                   |  Select  |      0|  0|  30|           1|          30|
    |u_out_V_fu_1026_p3                |  Select  |      0|  0|  16|           1|          16|
    |brmerge40_demorgan_i_fu_977_p2    |    and   |      0|  0|   1|           1|           1|
    |brmerge40_demorgan_i_i_fu_441_p2  |    and   |      0|  0|   1|           1|           1|
    |carry_fu_909_p2                   |    and   |      0|  0|   1|           1|           1|
    |overflow_2_fu_611_p2              |    and   |      0|  0|   1|           1|           1|
    |overflow_3_fu_971_p2              |    and   |      0|  0|   1|           1|           1|
    |overflow_4_fu_1105_p2             |    and   |      0|  0|   1|           1|           1|
    |overflow_fu_472_p2                |    and   |      0|  0|   1|           1|           1|
    |p_38_i_fu_950_p2                  |    and   |      0|  0|   1|           1|           1|
    |p_41_i_fu_937_p2                  |    and   |      0|  0|   1|           1|           1|
    |qb_assign_1_fu_238_p2             |    and   |      0|  0|   1|           1|           1|
    |qb_assign_3_fu_456_p2             |    and   |      0|  0|   1|           1|           1|
    |qb_assign_5_fu_422_p2             |    and   |      0|  0|   1|           1|           1|
    |qb_assign_7_fu_882_p2             |    and   |      0|  0|   1|           1|           1|
    |underflow_2_fu_635_p2             |    and   |      0|  0|   1|           1|           1|
    |underflow_3_fu_752_p2             |    and   |      0|  0|   1|           1|           1|
    |underflow_4_fu_992_p2             |    and   |      0|  0|   1|           1|           1|
    |underflow_5_fu_1110_p2            |    and   |      0|  0|   1|           1|           1|
    |underflow_fu_482_p2               |    and   |      0|  0|   1|           1|           1|
    |Range1_all_ones_3_fu_426_p2       |   icmp   |      0|  0|   7|           7|           2|
    |Range1_all_ones_fu_914_p2         |   icmp   |      0|  0|   2|           2|           2|
    |Range1_all_zeros_fu_919_p2        |   icmp   |      0|  0|   2|           2|           1|
    |p_not38_i_fu_1081_p2              |   icmp   |      0|  0|  16|          13|           2|
    |p_not38_i_i_fu_623_p2             |   icmp   |      0|  0|   3|           3|           2|
    |p_not_i5_i_fu_593_p2              |   icmp   |      0|  0|   3|           3|           1|
    |p_not_i6_fu_1063_p2               |   icmp   |      0|  0|  16|          13|           1|
    |p_not_i_i_fu_431_p2               |   icmp   |      0|  0|   7|           7|           1|
    |r_1_fu_446_p2                     |   icmp   |      0|  0|  23|          18|           1|
    |r_2_fu_872_p2                     |   icmp   |      0|  0|  45|          36|           1|
    |r_fu_228_p2                       |   icmp   |      0|  0|  23|          18|           1|
    |brmerge2_i_fu_666_p2              |    or    |      0|  0|   1|           1|           1|
    |brmerge39_i_fu_1087_p2            |    or    |      0|  0|   1|           1|           1|
    |brmerge39_i_i_fu_629_p2           |    or    |      0|  0|   1|           1|           1|
    |brmerge7_fu_1126_p2               |    or    |      0|  0|   1|           1|           1|
    |brmerge_fu_766_p2                 |    or    |      0|  0|   1|           1|           1|
    |brmerge_i6_i_fu_599_p2            |    or    |      0|  0|   1|           1|           1|
    |brmerge_i7_fu_961_p2              |    or    |      0|  0|   1|           1|           1|
    |brmerge_i8_fu_1069_p2             |    or    |      0|  0|   1|           1|           1|
    |brmerge_i_i2_fu_436_p2            |    or    |      0|  0|   1|           1|           1|
    |brmerge_i_i5_i_fu_657_p2          |    or    |      0|  0|   1|           1|           1|
    |brmerge_i_i6_fu_997_p2            |    or    |      0|  0|   1|           1|           1|
    |brmerge_i_i7_fu_1114_p2           |    or    |      0|  0|   1|           1|           1|
    |brmerge_i_i_i3_fu_487_p2          |    or    |      0|  0|   1|           1|           1|
    |r_i_i2_fu_451_p2                  |    or    |      0|  0|   1|           1|           1|
    |r_i_i3_fu_877_p2                  |    or    |      0|  0|   1|           1|           1|
    |r_i_i_fu_233_p2                   |    or    |      0|  0|   1|           1|           1|
    |tmp7_fu_493_p2                    |    or    |      0|  0|   1|           1|           1|
    |tmp8_demorgan_fu_981_p2           |    or    |      0|  0|   1|           1|           1|
    |tmp9_fu_1003_p2                   |    or    |      0|  0|   1|           1|           1|
    |underflow_17_not_fu_1009_p2       |    or    |      0|  0|   1|           1|           1|
    |brmerge_i_i_fu_757_p2             |    xor   |      0|  0|   1|           1|           1|
    |isneg_not_fu_761_p2               |    xor   |      0|  0|   2|           1|           2|
    |newsignbit_0_not_i_fu_1075_p2     |    xor   |      0|  0|   2|           1|           2|
    |newsignbit_0_not_i_i_fu_617_p2    |    xor   |      0|  0|   2|           1|           2|
    |p_not_i_fu_956_p2                 |    xor   |      0|  0|   2|           1|           2|
    |tmp8_fu_986_p2                    |    xor   |      0|  0|   2|           1|           2|
    |tmp_10_fu_932_p2                  |    xor   |      0|  0|   2|           1|           2|
    |tmp_11_fu_966_p2                  |    xor   |      0|  0|   2|           1|           2|
    |tmp_12_fu_1100_p2                 |    xor   |      0|  0|   2|           1|           2|
    |tmp_2_fu_903_p2                   |    xor   |      0|  0|   2|           1|           2|
    |tmp_34_i_fu_467_p2                |    xor   |      0|  0|   2|           1|           2|
    |tmp_37_i6_fu_605_p2               |    xor   |      0|  0|   2|           1|           2|
    |tmp_6_fu_747_p2                   |    xor   |      0|  0|   2|           1|           2|
    |tmp_fu_477_p2                     |    xor   |      0|  0|   2|           1|           2|
    |underflow_16_not_i_fu_661_p2      |    xor   |      0|  0|   2|           1|           2|
    |underflow_18_not_fu_1120_p2       |    xor   |      0|  0|   2|           1|           2|
    +----------------------------------+----------+-------+---+----+------------+------------+
    |Total                             |          |      2|  0| 842|         370|         743|
    +----------------------------------+----------+-------+---+----+------------+------------+

    * Multiplexer: 
    +-----------+----+-----------+-----+-----------+
    |    Name   | LUT| Input Size| Bits| Total Bits|
    +-----------+----+-----------+-----+-----------+
    |ap_NS_fsm  |  21|         25|    1|         25|
    +-----------+----+-----------+-----+-----------+
    |Total      |  21|         25|    1|         25|
    +-----------+----+-----------+-----+-----------+

    * Register: 
    +--------------------------------------------------+----+----+-----+-----------+
    |                       Name                       | FF | LUT| Bits| Const Bits|
    +--------------------------------------------------+----+----+-----+-----------+
    |ap_CS_fsm                                         |  24|   0|   24|          0|
    |brmerge39_i_reg_1478                              |   1|   0|    1|          0|
    |brmerge40_demorgan_i_i_reg_1279                   |   1|   0|    1|          0|
    |brmerge_i8_reg_1473                               |   1|   0|    1|          0|
    |brmerge_i_i2_reg_1274                             |   1|   0|    1|          0|
    |brmerge_i_i6_reg_1452                             |   1|   0|    1|          0|
    |deleted_ones_reg_1436                             |   1|   0|    1|          0|
    |deleted_zeros_reg_1431                            |   1|   0|    1|          0|
    |dx1_V_reg_1320                                    |  18|   0|   32|         14|
    |dx2_V_reg_1325                                    |  30|   0|   30|          0|
    |grp_Compult_mpc_pso_fu_161_ap_start_ap_start_reg  |   1|   0|    1|          0|
    |isneg_2_reg_1341                                  |   1|   0|    1|          0|
    |isneg_3_reg_1462                                  |   1|   0|    1|          0|
    |newsignbit_3_reg_1354                             |   1|   0|    1|          0|
    |newsignbit_4_reg_1425                             |   1|   0|    1|          0|
    |newsignbit_reg_1222                               |   1|   0|    1|          0|
    |overflow_2_reg_1302                               |   1|   0|    1|          0|
    |p_38_i_reg_1441                                   |   1|   0|    1|          0|
    |p_Val2_11_reg_1191                                |  16|   0|   28|         12|
    |p_Val2_12_reg_1196                                |  17|   0|   29|         12|
    |p_Val2_15_reg_1290                                |  32|   0|   32|          0|
    |p_Val2_18_reg_1296                                |  30|   0|   30|          0|
    |p_Val2_23_reg_1348                                |  30|   0|   30|          0|
    |p_Val2_25_reg_1378                                |  16|   0|   16|          0|
    |p_Val2_26_reg_1419                                |  16|   0|   16|          0|
    |p_Val2_6_reg_1156                                 |  16|   0|   16|          0|
    |p_Val2_9_reg_1244                                 |  16|   0|   16|          0|
    |qb_assign_1_reg_1181                              |   1|   0|    1|          0|
    |qb_assign_3_reg_1285                              |   1|   0|    1|          0|
    |qb_assign_5_reg_1269                              |   1|   0|    1|          0|
    |qb_assign_7_reg_1414                              |   1|   0|    1|          0|
    |qbit_1_reg_1249                                   |   1|   0|    1|          0|
    |qbit_2_reg_1217                                   |   1|   0|    1|          0|
    |qbit_3_reg_1383                                   |   1|   0|    1|          0|
    |qbit_reg_1161                                     |   1|   0|    1|          0|
    |signbit_1_reg_1371                                |   1|   0|    1|          0|
    |signbit_reg_1211                                  |   1|   0|    1|          0|
    |this_assign_s_reg_1336                            |  16|   0|   28|         12|
    |tmp_15_reg_1186                                   |  16|   0|   16|          0|
    |tmp_16_reg_1201                                   |  17|   0|   31|         14|
    |tmp_17_reg_1315                                   |  16|   0|   16|          0|
    |tmp_25_reg_1166                                   |  18|   0|   18|          0|
    |tmp_26_reg_1171                                   |   1|   0|    1|          0|
    |tmp_27_reg_1176                                   |   1|   0|    1|          0|
    |tmp_30_reg_1254                                   |  18|   0|   18|          0|
    |tmp_31_reg_1259                                   |   1|   0|    1|          0|
    |tmp_32_reg_1264                                   |   1|   0|    1|          0|
    |tmp_37_reg_1228                                   |   1|   0|    1|          0|
    |tmp_38_reg_1238                                   |   7|   0|    7|          0|
    |tmp_47_reg_1388                                   |  36|   0|   36|          0|
    |tmp_48_reg_1393                                   |   1|   0|    1|          0|
    |tmp_49_reg_1398                                   |   1|   0|    1|          0|
    |tmp_51_reg_1403                                   |   1|   0|    1|          0|
    |tmp_53_reg_1468                                   |   3|   0|    3|          0|
    |tmp_7_reg_1361                                    |  30|   0|   30|          0|
    |tmp_8_reg_1408                                    |   2|   0|    2|          0|
    |tmp_s_reg_1233                                    |  31|   0|   31|          0|
    |u_V                                               |  30|   0|   30|          0|
    |underflow_17_not_reg_1457                         |   1|   0|    1|          0|
    |underflow_2_reg_1308                              |   1|   0|    1|          0|
    |underflow_4_reg_1447                              |   1|   0|    1|          0|
    |x1_1_V                                            |  16|   0|   28|         12|
    |x2_2_V                                            |  32|   0|   32|          0|
    +--------------------------------------------------+----+----+-----+-----------+
    |Total                                             | 585|   0|  661|         76|
    +--------------------------------------------------+----+----+-----+-----------+



================================================================
== Interface
================================================================
* Summary: 
+-----------+-----+-----+------------+--------------+--------------+
| RTL Ports | Dir | Bits|  Protocol  | Source Object|    C Type    |
+-----------+-----+-----+------------+--------------+--------------+
|ap_clk     |  in |    1| ap_ctrl_hs |    Compult   | return value |
|ap_rst     |  in |    1| ap_ctrl_hs |    Compult   | return value |
|ap_start   |  in |    1| ap_ctrl_hs |    Compult   | return value |
|ap_done    | out |    1| ap_ctrl_hs |    Compult   | return value |
|ap_idle    | out |    1| ap_ctrl_hs |    Compult   | return value |
|ap_ready   | out |    1| ap_ctrl_hs |    Compult   | return value |
|ap_return  | out |   30| ap_ctrl_hs |    Compult   | return value |
|y_in_V     |  in |   16|   ap_none  |    y_in_V    |    scalar    |
|ref_in_V   |  in |   16|   ap_none  |   ref_in_V   |    scalar    |
+-----------+-----+-----+------------+--------------+--------------+

