==============================================================
File generated by Vivado(TM) HLS - High-Level Synthesis from C, C++ and SystemC
Version: 2014.4
Copyright (C) 2014 Xilinx Inc. All rights reserved.

==============================================================

@I [SYN-201] Setting up clock 'default' with a period of 8ns.
@I [LIC-101] Checked out feature [VIVADO_HLS]
@I [HLS-10] Setting target device to 'xc7z010clg400-1'
@I [SYN-201] Setting up clock 'default' with a period of 8ns.
@I [HLS-10] Analyzing design file 'mpc.cpp' ... 
@I [HLS-10] Validating synthesis directives ...
@I [HLS-10] Starting code transformations ...
@I [XFORM-603] Inlining function 'ap_fixed_base<20, 1, false, (ap_q_mode)4, (ap_o_mode)0, 0>::quantization_adjust' into 'ap_fixed_base<20, 1, false, (ap_q_mode)4, (ap_o_mode)0, 0>::ap_fixed_base' ().
@I [XFORM-603] Inlining function 'ap_fixed_base<20, 1, false, (ap_q_mode)4, (ap_o_mode)0, 0>::overflow_adjust' into 'ap_fixed_base<20, 1, false, (ap_q_mode)4, (ap_o_mode)0, 0>::ap_fixed_base' ().
@I [XFORM-603] Inlining function 'ap_fixed_base<16, 1, false, (ap_q_mode)4, (ap_o_mode)0, 0>::quantization_adjust' into 'ap_fixed_base<16, 1, false, (ap_q_mode)4, (ap_o_mode)0, 0>::ap_fixed_base<36, 2, false, (ap_q_mode)5, (ap_o_mode)3, 0>' ().
@I [XFORM-603] Inlining function 'ap_fixed_base<16, 1, false, (ap_q_mode)4, (ap_o_mode)0, 0>::overflow_adjust' into 'ap_fixed_base<16, 1, false, (ap_q_mode)4, (ap_o_mode)0, 0>::ap_fixed_base<36, 2, false, (ap_q_mode)5, (ap_o_mode)3, 0>' ().
@I [XFORM-603] Inlining function 'ap_fixed_base<26, 16, true, (ap_q_mode)4, (ap_o_mode)0, 0>::overflow_adjust' into 'ap_fixed_base<26, 16, true, (ap_q_mode)4, (ap_o_mode)0, 0>::ap_fixed_base<32, 32, true, (ap_q_mode)5, (ap_o_mode)3, 0>.1' ().
@I [XFORM-603] Inlining function 'ap_fixed_base<30, 3, true, (ap_q_mode)4, (ap_o_mode)0, 0>::overflow_adjust' into 'ap_fixed_base<30, 3, true, (ap_q_mode)4, (ap_o_mode)0, 0>::ap_fixed_base<32, 32, true, (ap_q_mode)5, (ap_o_mode)3, 0>.1' ().
@I [XFORM-603] Inlining function 'ap_fixed_base<30, 3, true, (ap_q_mode)4, (ap_o_mode)0, 0>::overflow_adjust' into 'ap_fixed_base<30, 3, true, (ap_q_mode)4, (ap_o_mode)0, 0>::ap_fixed_base<31, 4, true, (ap_q_mode)5, (ap_o_mode)3, 0>' ().
@I [XFORM-603] Inlining function 'ap_fixed_base<30, 3, true, (ap_q_mode)4, (ap_o_mode)0, 0>::overflow_adjust' into 'ap_fixed_base<30, 3, true, (ap_q_mode)4, (ap_o_mode)0, 0>::ap_fixed_base<33, 6, true, (ap_q_mode)5, (ap_o_mode)3, 0>' ().
@I [XFORM-603] Inlining function 'ap_fixed_base<30, 3, true, (ap_q_mode)4, (ap_o_mode)0, 0>::overflow_adjust' into 'ap_fixed_base<30, 3, true, (ap_q_mode)4, (ap_o_mode)0, 0>::ap_fixed_base<16, 16, true, (ap_q_mode)4, (ap_o_mode)0, 0>' ().
@I [XFORM-603] Inlining function 'ap_fixed_base<10, 10, true, (ap_q_mode)4, (ap_o_mode)0, 0>::overflow_adjust' into 'ap_fixed_base<10, 10, true, (ap_q_mode)4, (ap_o_mode)0, 0>::ap_fixed_base<32, 32, true, (ap_q_mode)5, (ap_o_mode)3, 0>.1' ().
@I [XFORM-603] Inlining function 'ap_fixed_base<32, 5, true, (ap_q_mode)4, (ap_o_mode)0, 0>::quantization_adjust' into 'ap_fixed_base<32, 5, true, (ap_q_mode)4, (ap_o_mode)0, 0>::ap_fixed_base<42, 13, true, (ap_q_mode)5, (ap_o_mode)3, 0>' ().
@I [XFORM-603] Inlining function 'ap_fixed_base<32, 5, true, (ap_q_mode)4, (ap_o_mode)0, 0>::overflow_adjust' into 'ap_fixed_base<32, 5, true, (ap_q_mode)4, (ap_o_mode)0, 0>::ap_fixed_base<32, 32, true, (ap_q_mode)5, (ap_o_mode)3, 0>.1' ().
@I [XFORM-603] Inlining function 'ap_fixed_base<32, 5, true, (ap_q_mode)4, (ap_o_mode)0, 0>::overflow_adjust' into 'ap_fixed_base<32, 5, true, (ap_q_mode)4, (ap_o_mode)0, 0>::ap_fixed_base<42, 13, true, (ap_q_mode)5, (ap_o_mode)3, 0>' ().
@I [XFORM-603] Inlining function 'ap_fixed_base<30, 8, true, (ap_q_mode)4, (ap_o_mode)0, 0>::quantization_adjust' into 'ap_fixed_base<30, 8, true, (ap_q_mode)4, (ap_o_mode)0, 0>::ap_fixed_base' ().
@I [XFORM-603] Inlining function 'ap_fixed_base<30, 8, true, (ap_q_mode)4, (ap_o_mode)0, 0>::overflow_adjust' into 'ap_fixed_base<30, 8, true, (ap_q_mode)4, (ap_o_mode)0, 0>::ap_fixed_base' ().
@I [XFORM-603] Inlining function 'ap_fixed_base<30, 8, true, (ap_q_mode)4, (ap_o_mode)0, 0>::overflow_adjust' into 'ap_fixed_base<30, 8, true, (ap_q_mode)4, (ap_o_mode)0, 0>::ap_fixed_base<32, 32, true, (ap_q_mode)5, (ap_o_mode)3, 0>.1' ().
@I [XFORM-603] Inlining function 'ap_fixed_base<20, 2, true, (ap_q_mode)4, (ap_o_mode)0, 0>::quantization_adjust' into 'ap_fixed_base<20, 2, true, (ap_q_mode)4, (ap_o_mode)0, 0>::ap_fixed_base' ().
@I [XFORM-603] Inlining function 'ap_fixed_base<20, 2, true, (ap_q_mode)4, (ap_o_mode)0, 0>::overflow_adjust' into 'ap_fixed_base<20, 2, true, (ap_q_mode)4, (ap_o_mode)0, 0>::ap_fixed_base' ().
@I [XFORM-603] Inlining function 'ap_fixed_base<36, 20, true, (ap_q_mode)4, (ap_o_mode)0, 0>::quantization_adjust' into 'ap_fixed_base<36, 20, true, (ap_q_mode)4, (ap_o_mode)0, 0>::ap_fixed_base<63, 10, true, (ap_q_mode)5, (ap_o_mode)3, 0>' ().
@I [XFORM-603] Inlining function 'ap_fixed_base<36, 20, true, (ap_q_mode)4, (ap_o_mode)0, 0>::quantization_adjust' into 'ap_fixed_base<36, 20, true, (ap_q_mode)4, (ap_o_mode)0, 0>::ap_fixed_base<49, 22, true, (ap_q_mode)5, (ap_o_mode)3, 0>' ().
@I [XFORM-603] Inlining function 'ap_fixed_base<36, 20, true, (ap_q_mode)4, (ap_o_mode)0, 0>::quantization_adjust' into 'ap_fixed_base<36, 20, true, (ap_q_mode)4, (ap_o_mode)0, 0>::ap_fixed_base' ().
@I [XFORM-603] Inlining function 'ap_fixed_base<36, 20, true, (ap_q_mode)4, (ap_o_mode)0, 0>::quantization_adjust' into 'ap_fixed_base<36, 20, true, (ap_q_mode)4, (ap_o_mode)0, 0>::ap_fixed_base<67, 29, true, (ap_q_mode)5, (ap_o_mode)3, 0>.1' ().
@I [XFORM-603] Inlining function 'ap_fixed_base<36, 20, true, (ap_q_mode)4, (ap_o_mode)0, 0>::overflow_adjust' into 'ap_fixed_base<36, 20, true, (ap_q_mode)4, (ap_o_mode)0, 0>::ap_fixed_base<49, 22, true, (ap_q_mode)5, (ap_o_mode)3, 0>' ().
@I [XFORM-603] Inlining function 'ap_fixed_base<36, 20, true, (ap_q_mode)4, (ap_o_mode)0, 0>::overflow_adjust' into 'ap_fixed_base<36, 20, true, (ap_q_mode)4, (ap_o_mode)0, 0>::ap_fixed_base' ().
@I [XFORM-603] Inlining function 'ap_fixed_base<36, 20, true, (ap_q_mode)4, (ap_o_mode)0, 0>::overflow_adjust' into 'ap_fixed_base<36, 20, true, (ap_q_mode)4, (ap_o_mode)0, 0>::ap_fixed_base<67, 29, true, (ap_q_mode)5, (ap_o_mode)3, 0>.1' ().
@I [XFORM-603] Inlining function 'ap_fixed_base<28, 11, true, (ap_q_mode)4, (ap_o_mode)0, 0>::overflow_adjust' into 'ap_fixed_base<28, 11, true, (ap_q_mode)4, (ap_o_mode)0, 0>::ap_fixed_base<36, 20, true, (ap_q_mode)4, (ap_o_mode)0, 0>' ().
@I [XFORM-603] Inlining function 'ap_fixed_base<6, 6, true, (ap_q_mode)4, (ap_o_mode)0, 0>::overflow_adjust' into 'ap_fixed_base<6, 6, true, (ap_q_mode)4, (ap_o_mode)0, 0>::ap_fixed_base<32, 32, true, (ap_q_mode)5, (ap_o_mode)3, 0>.1' ().
@I [XFORM-603] Inlining function 'ap_fixed_base<3, 3, true, (ap_q_mode)4, (ap_o_mode)0, 0>::overflow_adjust' into 'ap_fixed_base<3, 3, true, (ap_q_mode)4, (ap_o_mode)0, 0>::ap_fixed_base<32, 32, true, (ap_q_mode)5, (ap_o_mode)3, 0>.1' ().
@I [XFORM-603] Inlining function 'ap_fixed_base<32, 16, true, (ap_q_mode)4, (ap_o_mode)0, 0>::quantization_adjust' into 'ap_fixed_base<32, 16, true, (ap_q_mode)4, (ap_o_mode)0, 0>::ap_fixed_base' ().
@I [XFORM-603] Inlining function 'ap_fixed_base<32, 16, true, (ap_q_mode)4, (ap_o_mode)0, 0>::quantization_adjust' into 'ap_fixed_base<32, 16, true, (ap_q_mode)4, (ap_o_mode)0, 0>::ap_fixed_base<82, 17, true, (ap_q_mode)5, (ap_o_mode)3, 0>.1' ().
@I [XFORM-603] Inlining function 'ap_fixed_base<32, 16, true, (ap_q_mode)4, (ap_o_mode)0, 0>::quantization_adjust' into 'ap_fixed_base<32, 16, true, (ap_q_mode)4, (ap_o_mode)0, 0>::ap_fixed_base<62, 20, true, (ap_q_mode)5, (ap_o_mode)3, 0>.1' ().
@I [XFORM-603] Inlining function 'ap_fixed_base<32, 16, true, (ap_q_mode)4, (ap_o_mode)0, 0>::quantization_adjust' into 'ap_fixed_base<32, 16, true, (ap_q_mode)4, (ap_o_mode)0, 0>::ap_fixed_base<47, 18, true, (ap_q_mode)5, (ap_o_mode)3, 0>' ().
@I [XFORM-603] Inlining function 'ap_fixed_base<32, 16, true, (ap_q_mode)4, (ap_o_mode)0, 0>::overflow_adjust' into 'ap_fixed_base<32, 16, true, (ap_q_mode)4, (ap_o_mode)0, 0>::ap_fixed_base<32, 32, true, (ap_q_mode)5, (ap_o_mode)3, 0>.1' ().
@I [XFORM-603] Inlining function 'ap_fixed_base<32, 16, true, (ap_q_mode)4, (ap_o_mode)0, 0>::overflow_adjust' into 'ap_fixed_base<32, 16, true, (ap_q_mode)4, (ap_o_mode)0, 0>::ap_fixed_base' ().
@I [XFORM-603] Inlining function 'ap_fixed_base<32, 16, true, (ap_q_mode)4, (ap_o_mode)0, 0>::overflow_adjust' into 'ap_fixed_base<32, 16, true, (ap_q_mode)4, (ap_o_mode)0, 0>::ap_fixed_base<82, 17, true, (ap_q_mode)5, (ap_o_mode)3, 0>.1' ().
@I [XFORM-603] Inlining function 'ap_fixed_base<32, 16, true, (ap_q_mode)4, (ap_o_mode)0, 0>::overflow_adjust' into 'ap_fixed_base<32, 16, true, (ap_q_mode)4, (ap_o_mode)0, 0>::ap_fixed_base<62, 20, true, (ap_q_mode)5, (ap_o_mode)3, 0>.1' ().
@I [XFORM-603] Inlining function 'ap_fixed_base<32, 16, true, (ap_q_mode)4, (ap_o_mode)0, 0>::overflow_adjust' into 'ap_fixed_base<32, 16, true, (ap_q_mode)4, (ap_o_mode)0, 0>::ap_fixed_base<47, 18, true, (ap_q_mode)5, (ap_o_mode)3, 0>' ().
@I [XFORM-603] Inlining function 'ap_fixed_base<20, 1, true, (ap_q_mode)4, (ap_o_mode)0, 0>::quantization_adjust' into 'ap_fixed_base<20, 1, true, (ap_q_mode)4, (ap_o_mode)0, 0>::ap_fixed_base' ().
@I [XFORM-603] Inlining function 'ap_fixed_base<20, 1, true, (ap_q_mode)4, (ap_o_mode)0, 0>::overflow_adjust' into 'ap_fixed_base<20, 1, true, (ap_q_mode)4, (ap_o_mode)0, 0>::ap_fixed_base<41, 25, true, (ap_q_mode)4, (ap_o_mode)0, 0>' ().
@I [XFORM-603] Inlining function 'ap_fixed_base<20, 1, true, (ap_q_mode)4, (ap_o_mode)0, 0>::overflow_adjust' into 'ap_fixed_base<20, 1, true, (ap_q_mode)4, (ap_o_mode)0, 0>::ap_fixed_base' ().
@I [XFORM-603] Inlining function 'ap_fixed_base<30, 1, true, (ap_q_mode)4, (ap_o_mode)0, 0>::quantization_adjust' into 'ap_fixed_base<30, 1, true, (ap_q_mode)4, (ap_o_mode)0, 0>::ap_fixed_base' ().
@I [XFORM-603] Inlining function 'ap_fixed_base<30, 1, true, (ap_q_mode)4, (ap_o_mode)0, 0>::overflow_adjust' into 'ap_fixed_base<30, 1, true, (ap_q_mode)4, (ap_o_mode)0, 0>::ap_fixed_base' ().
@I [XFORM-603] Inlining function 'ap_fixed_base<31, 26, true, (ap_q_mode)4, (ap_o_mode)0, 0>::overflow_adjust' into 'ap_fixed_base<31, 26, true, (ap_q_mode)4, (ap_o_mode)0, 0>::ap_fixed_base<32, 32, true, (ap_q_mode)5, (ap_o_mode)3, 0>.1' ().
@I [XFORM-603] Inlining function 'ap_fixed_base<7, 7, true, (ap_q_mode)4, (ap_o_mode)0, 0>::overflow_adjust' into 'ap_fixed_base<7, 7, true, (ap_q_mode)4, (ap_o_mode)0, 0>::ap_fixed_base<32, 32, true, (ap_q_mode)5, (ap_o_mode)3, 0>.1' ().
@I [XFORM-603] Inlining function 'ap_fixed_base<41, 25, true, (ap_q_mode)4, (ap_o_mode)0, 0>::overflow_adjust' into 'ap_fixed_base<41, 25, true, (ap_q_mode)4, (ap_o_mode)0, 0>::ap_fixed_base<32, 32, true, (ap_q_mode)5, (ap_o_mode)3, 0>.1' ().
@I [XFORM-603] Inlining function 'ap_fixed_base<41, 25, true, (ap_q_mode)4, (ap_o_mode)0, 0>::operator>>' into 'randac' (mpc.cpp:26).
@I [XFORM-603] Inlining function 'ap_fixed_base<29, 3, true, (ap_q_mode)4, (ap_o_mode)0, 0>::quantization_adjust' into 'ap_fixed_base<29, 3, true, (ap_q_mode)4, (ap_o_mode)0, 0>::ap_fixed_base<50, 2, true, (ap_q_mode)5, (ap_o_mode)3, 0>' ().
@I [XFORM-603] Inlining function 'ap_fixed_base<29, 3, true, (ap_q_mode)4, (ap_o_mode)0, 0>::quantization_adjust' into 'ap_fixed_base<29, 3, true, (ap_q_mode)4, (ap_o_mode)0, 0>::ap_fixed_base<32, 4, true, (ap_q_mode)5, (ap_o_mode)3, 0>' ().
@I [XFORM-603] Inlining function 'ap_fixed_base<30, 2, true, (ap_q_mode)4, (ap_o_mode)0, 0>::overflow_adjust' into 'ap_fixed_base<30, 2, true, (ap_q_mode)4, (ap_o_mode)0, 0>::ap_fixed_base<32, 32, true, (ap_q_mode)5, (ap_o_mode)3, 0>.1' ().
@I [XFORM-603] Inlining function 'ap_fixed_base<30, 2, true, (ap_q_mode)4, (ap_o_mode)0, 0>::overflow_adjust' into 'ap_fixed_base<30, 2, true, (ap_q_mode)4, (ap_o_mode)0, 0>::ap_fixed_base<104, 41, true, (ap_q_mode)5, (ap_o_mode)3, 0>' ().
@I [XFORM-603] Inlining function 'ap_fixed_base<2, 2, true, (ap_q_mode)4, (ap_o_mode)0, 0>::overflow_adjust' into 'ap_fixed_base<2, 2, true, (ap_q_mode)4, (ap_o_mode)0, 0>::ap_fixed_base<32, 32, true, (ap_q_mode)5, (ap_o_mode)3, 0>.1' ().
@I [XFORM-603] Inlining function 'ap_fixed_base<23, 3, true, (ap_q_mode)4, (ap_o_mode)0, 0>::quantization_adjust' into 'ap_fixed_base<23, 3, true, (ap_q_mode)4, (ap_o_mode)0, 0>::ap_fixed_base' ().
@I [XFORM-603] Inlining function 'ap_fixed_base<23, 3, true, (ap_q_mode)4, (ap_o_mode)0, 0>::quantization_adjust' into 'ap_fixed_base<23, 3, true, (ap_q_mode)4, (ap_o_mode)0, 0>::ap_fixed_base<33, 6, true, (ap_q_mode)5, (ap_o_mode)3, 0>' ().
@I [XFORM-603] Inlining function 'ap_fixed_base<23, 3, true, (ap_q_mode)4, (ap_o_mode)0, 0>::overflow_adjust' into 'ap_fixed_base<23, 3, true, (ap_q_mode)4, (ap_o_mode)0, 0>::ap_fixed_base' ().
@I [XFORM-603] Inlining function 'ap_fixed_base<23, 3, true, (ap_q_mode)4, (ap_o_mode)0, 0>::overflow_adjust' into 'ap_fixed_base<23, 3, true, (ap_q_mode)4, (ap_o_mode)0, 0>::ap_fixed_base<33, 6, true, (ap_q_mode)5, (ap_o_mode)3, 0>' ().
@I [XFORM-603] Inlining function 'ap_fixed_base<29, 2, true, (ap_q_mode)4, (ap_o_mode)0, 0>::quantization_adjust' into 'ap_fixed_base<29, 2, true, (ap_q_mode)4, (ap_o_mode)0, 0>::ap_fixed_base' ().
@I [XFORM-603] Inlining function 'ap_fixed_base<29, 2, true, (ap_q_mode)4, (ap_o_mode)0, 0>::quantization_adjust' into 'ap_fixed_base<29, 2, true, (ap_q_mode)4, (ap_o_mode)0, 0>::ap_fixed_base<55, 5, true, (ap_q_mode)5, (ap_o_mode)3, 0>.1' ().
@I [XFORM-603] Inlining function 'ap_fixed_base<29, 2, true, (ap_q_mode)4, (ap_o_mode)0, 0>::overflow_adjust' into 'ap_fixed_base<29, 2, true, (ap_q_mode)4, (ap_o_mode)0, 0>::ap_fixed_base' ().
@I [XFORM-603] Inlining function 'ap_fixed_base<29, 2, true, (ap_q_mode)4, (ap_o_mode)0, 0>::overflow_adjust' into 'ap_fixed_base<29, 2, true, (ap_q_mode)4, (ap_o_mode)0, 0>::ap_fixed_base<32, 32, true, (ap_q_mode)5, (ap_o_mode)3, 0>.1' ().
@I [XFORM-603] Inlining function 'ap_fixed_base<29, 2, true, (ap_q_mode)4, (ap_o_mode)0, 0>::overflow_adjust' into 'ap_fixed_base<29, 2, true, (ap_q_mode)4, (ap_o_mode)0, 0>::ap_fixed_base<33, 6, true, (ap_q_mode)5, (ap_o_mode)3, 0>.1' ().
@I [XFORM-603] Inlining function 'ap_fixed_base<29, 2, true, (ap_q_mode)4, (ap_o_mode)0, 0>::overflow_adjust' into 'ap_fixed_base<29, 2, true, (ap_q_mode)4, (ap_o_mode)0, 0>::ap_fixed_base<55, 5, true, (ap_q_mode)5, (ap_o_mode)3, 0>.1' ().
@I [XFORM-603] Inlining function 'ap_fixed_base<31, 13, true, (ap_q_mode)4, (ap_o_mode)0, 0>::quantization_adjust' into 'ap_fixed_base<31, 13, true, (ap_q_mode)4, (ap_o_mode)0, 0>::ap_fixed_base' ().
@I [XFORM-603] Inlining function 'ap_fixed_base<31, 13, true, (ap_q_mode)4, (ap_o_mode)0, 0>::quantization_adjust' into 'ap_fixed_base<31, 13, true, (ap_q_mode)4, (ap_o_mode)0, 0>::ap_fixed_base<90, 47, true, (ap_q_mode)5, (ap_o_mode)3, 0>.1' ().
@I [XFORM-603] Inlining function 'ap_fixed_base<31, 13, true, (ap_q_mode)4, (ap_o_mode)0, 0>::overflow_adjust' into 'ap_fixed_base<31, 13, true, (ap_q_mode)4, (ap_o_mode)0, 0>::ap_fixed_base' ().
@I [XFORM-603] Inlining function 'ap_fixed_base<31, 13, true, (ap_q_mode)4, (ap_o_mode)0, 0>::overflow_adjust' into 'ap_fixed_base<31, 13, true, (ap_q_mode)4, (ap_o_mode)0, 0>::ap_fixed_base<90, 47, true, (ap_q_mode)5, (ap_o_mode)3, 0>.1' ().
@I [XFORM-603] Inlining function 'ap_fixed_base<27, 2, true, (ap_q_mode)4, (ap_o_mode)0, 0>::overflow_adjust' into 'ap_fixed_base<27, 2, true, (ap_q_mode)4, (ap_o_mode)0, 0>::ap_fixed_base<23, 3, true, (ap_q_mode)4, (ap_o_mode)0, 0>' ().
@I [XFORM-603] Inlining function 'ap_fixed_base<27, 2, true, (ap_q_mode)4, (ap_o_mode)0, 0>::overflow_adjust' into 'ap_fixed_base<27, 2, true, (ap_q_mode)4, (ap_o_mode)0, 0>::ap_fixed_base<32, 32, true, (ap_q_mode)5, (ap_o_mode)3, 0>.1' ().
@I [XFORM-603] Inlining function 'ap_fixed_base<27, 2, true, (ap_q_mode)4, (ap_o_mode)0, 0>::overflow_adjust' into 'ap_fixed_base<27, 2, true, (ap_q_mode)4, (ap_o_mode)0, 0>::ap_fixed_base<29, 3, true, (ap_q_mode)4, (ap_o_mode)0, 0>' ().
@I [XFORM-603] Inlining function 'ap_fixed_base<16, 14, true, (ap_q_mode)4, (ap_o_mode)0, 0>::overflow_adjust' into 'ap_fixed_base<16, 14, true, (ap_q_mode)4, (ap_o_mode)0, 0>::ap_fixed_base<32, 32, true, (ap_q_mode)5, (ap_o_mode)3, 0>.1' ().
@I [XFORM-603] Inlining function 'ap_fixed_base<30, 2, true, (ap_q_mode)4, (ap_o_mode)0, 0>::quantization_adjust' into 'ap_fixed_base<30, 2, true, (ap_q_mode)4, (ap_o_mode)0, 0>::ap_fixed_base<104, 41, true, (ap_q_mode)5, (ap_o_mode)3, 0>' ().
@I [XFORM-603] Inlining function 'ap_fixed_base<29, 3, true, (ap_q_mode)4, (ap_o_mode)0, 0>::overflow_adjust' into 'ap_fixed_base<29, 3, true, (ap_q_mode)4, (ap_o_mode)0, 0>::ap_fixed_base<32, 4, true, (ap_q_mode)5, (ap_o_mode)3, 0>' ().
@I [XFORM-603] Inlining function 'ap_fixed_base<29, 3, true, (ap_q_mode)4, (ap_o_mode)0, 0>::overflow_adjust' into 'ap_fixed_base<29, 3, true, (ap_q_mode)4, (ap_o_mode)0, 0>::ap_fixed_base<32, 32, true, (ap_q_mode)5, (ap_o_mode)3, 0>.1' ().
@I [XFORM-603] Inlining function 'ap_fixed_base<27, 2, true, (ap_q_mode)4, (ap_o_mode)0, 0>::quantization_adjust' into 'ap_fixed_base<27, 2, true, (ap_q_mode)4, (ap_o_mode)0, 0>::ap_fixed_base<29, 3, true, (ap_q_mode)4, (ap_o_mode)0, 0>' ().
@I [XFORM-603] Inlining function 'ap_fixed_base<16, 16, true, (ap_q_mode)4, (ap_o_mode)0, 0>::quantization_adjust' into 'ap_fixed_base<16, 16, true, (ap_q_mode)4, (ap_o_mode)0, 0>::ap_fixed_base<56, 19, true, (ap_q_mode)5, (ap_o_mode)3, 0>' ().
@I [XFORM-603] Inlining function 'ap_fixed_base<16, 16, true, (ap_q_mode)4, (ap_o_mode)0, 0>::overflow_adjust' into 'ap_fixed_base<16, 16, true, (ap_q_mode)4, (ap_o_mode)0, 0>::ap_fixed_base<56, 19, true, (ap_q_mode)5, (ap_o_mode)3, 0>' ().
@I [HLS-10] Checking synthesizability ...
@I [XFORM-602] Inlining function 'input_dx1' into 'Compult' (mpc.cpp:373) automatically.
@W [SYNCHK-120] mpc.cpp:92: multiplication is assumed not to overflow by default, otherwise, please add option '-fwrapv'.
@I [SYNCHK-10] 0 error(s), 1 warning(s).
@I [XFORM-501] Unrolling loop 'fitness_label1' (mpc.cpp:73) in function 'fitness' completely.
@I [XFORM-501] Unrolling loop 'fitness_label2' (mpc.cpp:76) in function 'fitness' completely.
@I [XFORM-501] Unrolling loop 'fitness_label4' (mpc.cpp:101) in function 'fitness' completely.
@I [XFORM-501] Unrolling loop 'fitness_label1' (mpc.cpp:73) in function 'fitness.1' completely.
@I [XFORM-501] Unrolling loop 'fitness_label2' (mpc.cpp:76) in function 'fitness.1' completely.
@I [XFORM-501] Unrolling loop 'fitness_label4' (mpc.cpp:101) in function 'fitness.1' completely.
@I [XFORM-102] Partitioning array 'Cx.V' (mpc.cpp:63) automatically.
@I [XFORM-102] Partitioning array 'Cx.V' (mpc.cpp:63) automatically.
@I [XFORM-102] Partitioning array 'b.V' (mpc.cpp:289) automatically.
@I [XFORM-102] Partitioning array 'H' in dimension 2 automatically.
@I [XFORM-102] Partitioning array 'Sx' in dimension 2 automatically.
@I [XFORM-102] Automatically partitioning small array 'H.0' completely based on array size.
@I [XFORM-102] Automatically partitioning small array 'H.1' completely based on array size.
@I [XFORM-102] Automatically partitioning small array 'G.V' (mpc.cpp:290) completely based on array size.
@I [XFORM-102] Automatically partitioning small array 'UU.V' (mpc.cpp:125) completely based on array size.
@I [XFORM-102] Automatically partitioning small array 'pg.V' (mpc.cpp:141) completely based on array size.
@I [XFORM-102] Automatically partitioning small array 'aa.V' (mpc.cpp:62) completely based on array size.
@I [XFORM-102] Automatically partitioning small array 'xH.V' (mpc.cpp:68) completely based on array size.
@I [XFORM-102] Automatically partitioning small array 'min.V' (mpc.cpp:86) completely based on array size.
@I [XFORM-102] Automatically partitioning small array 'aa.V' (mpc.cpp:62) completely based on array size.
@I [XFORM-102] Automatically partitioning small array 'xH.V' (mpc.cpp:68) completely based on array size.
@I [XFORM-102] Automatically partitioning small array 'min.V' (mpc.cpp:86) completely based on array size.
@I [XFORM-101] Partitioning array 'H.0' in dimension 1 completely.
@I [XFORM-101] Partitioning array 'H.1' in dimension 1 completely.
@I [XFORM-101] Partitioning array 'G.V' (mpc.cpp:290) in dimension 1 completely.
@I [XFORM-101] Partitioning array 'UU.V' (mpc.cpp:125) in dimension 1 completely.
@I [XFORM-101] Partitioning array 'pg.V' (mpc.cpp:141) in dimension 1 completely.
@I [XFORM-101] Partitioning array 'aa.V' (mpc.cpp:62) in dimension 1 completely.
@I [XFORM-101] Partitioning array 'xH.V' (mpc.cpp:68) in dimension 1 completely.
@I [XFORM-101] Partitioning array 'min.V' (mpc.cpp:86) in dimension 1 completely.
@I [XFORM-101] Partitioning array 'aa.V' (mpc.cpp:62) in dimension 1 completely.
@I [XFORM-101] Partitioning array 'xH.V' (mpc.cpp:68) in dimension 1 completely.
@I [XFORM-101] Partitioning array 'min.V' (mpc.cpp:86) in dimension 1 completely.
@I [XFORM-602] Inlining function 'input_dx1' into 'Compult' (mpc.cpp:373) automatically.
@I [XFORM-401] Performing if-conversion on hyperblock from (mpc.cpp:20:9) to (mpc.cpp:27:2) in function 'randac'... converting 11 basic blocks.
@I [XFORM-401] Performing if-conversion on hyperblock from (mpc.cpp:308:3) to (mpc.cpp:307:32) in function 'mpc_pso'... converting 9 basic blocks.
@I [XFORM-401] Performing if-conversion on hyperblock from (mpc.cpp:315:8) to (mpc.cpp:314:16) in function 'mpc_pso'... converting 9 basic blocks.
@I [XFORM-401] Performing if-conversion on hyperblock from (mpc.cpp:317:3) to (mpc.cpp:311:14) in function 'mpc_pso'... converting 5 basic blocks.
@I [XFORM-401] Performing if-conversion on hyperblock from (mpc.cpp:348:5) to (mpc.cpp:356:2) in function 'input_dx2'... converting 13 basic blocks.
@I [XFORM-401] Performing if-conversion on hyperblock to (mpc.cpp:380:2) in function 'Compult'... converting 25 basic blocks.
@I [XFORM-401] Performing if-conversion on hyperblock from (mpc.cpp:202:8) to (mpc.cpp:201:29) in function 'pso'... converting 15 basic blocks.
@I [XFORM-401] Performing if-conversion on hyperblock from (mpc.cpp:249:3) to (mpc.cpp:248:26) in function 'pso'... converting 7 basic blocks.
@I [XFORM-401] Performing if-conversion on hyperblock from (mpc.cpp:85:3) to (mpc.cpp:84:31) in function 'fitness'... converting 30 basic blocks.
@I [XFORM-401] Performing if-conversion on hyperblock to (mpc.cpp:103:22) in function 'fitness'... converting 5 basic blocks.
@I [XFORM-401] Performing if-conversion on hyperblock to (mpc.cpp:103:22) in function 'fitness'... converting 5 basic blocks.
@I [XFORM-401] Performing if-conversion on hyperblock from (mpc.cpp:111:4) to (mpc.cpp:110:30) in function 'fitness'... converting 17 basic blocks.
@I [XFORM-401] Performing if-conversion on hyperblock from (mpc.cpp:58:34) to (mpc.cpp:84:23) in function 'fitness'... converting 49 basic blocks.
@I [XFORM-401] Performing if-conversion on hyperblock from (mpc.cpp:117:12) to (mpc.cpp:120:2) in function 'fitness'... converting 9 basic blocks.
@I [XFORM-401] Performing if-conversion on hyperblock from (mpc.cpp:85:3) to (mpc.cpp:84:31) in function 'fitness.1'... converting 30 basic blocks.
@I [XFORM-401] Performing if-conversion on hyperblock from (mpc.cpp:105:10) to (mpc.cpp:103:22) in function 'fitness.1'... converting 5 basic blocks.
@I [XFORM-401] Performing if-conversion on hyperblock from (mpc.cpp:105:10) to (mpc.cpp:103:22) in function 'fitness.1'... converting 5 basic blocks.
@I [XFORM-401] Performing if-conversion on hyperblock from (mpc.cpp:111:4) to (mpc.cpp:110:30) in function 'fitness.1'... converting 17 basic blocks.
@I [XFORM-401] Performing if-conversion on hyperblock from (mpc.cpp:77:11) to (mpc.cpp:84:23) in function 'fitness.1'... converting 49 basic blocks.
@I [XFORM-401] Performing if-conversion on hyperblock from (mpc.cpp:117:12) to (mpc.cpp:120:2) in function 'fitness.1'... converting 9 basic blocks.
@I [XFORM-602] Inlining function 'input_dx2' into 'Compult' (mpc.cpp:374) automatically.
@I [XFORM-11] Balancing expressions in function 'fitness' (mpc.cpp:58)...3 expression(s) balanced.
@I [XFORM-11] Balancing expressions in function 'fitness.1' (mpc.cpp:77:30)...3 expression(s) balanced.
@I [HLS-111] Elapsed time: 61.176 seconds; current memory usage: 159 MB.
@I [HLS-10] Starting hardware synthesis ...
@I [HLS-10] Synthesizing 'Compult' ...
@W [SYN-103] Legalizing function name 'Compult_fitness.1' to 'Compult_fitness_1'.
@I [HLS-10] ----------------------------------------------------------------
@I [HLS-10] -- Scheduling module 'Compult_randac' 
@I [HLS-10] ----------------------------------------------------------------
@I [SCHED-11] Starting scheduling ...
@I [SCHED-11] Finished scheduling.
@I [HLS-111] Elapsed time: 0.376 seconds; current memory usage: 160 MB.
@I [HLS-10] ----------------------------------------------------------------
@I [HLS-10] -- Exploring micro-architecture for module 'Compult_randac' 
@I [HLS-10] ----------------------------------------------------------------
@I [BIND-100] Starting micro-architecture generation ...
@I [BIND-101] Performing variable lifetime analysis.
@I [BIND-101] Exploring resource sharing.
@I [BIND-101] Binding ...
@I [BIND-100] Finished micro-architecture generation.
@I [HLS-111] Elapsed time: 0.419 seconds; current memory usage: 160 MB.
@I [HLS-10] ----------------------------------------------------------------
@I [HLS-10] -- Scheduling module 'Compult_fitness_1' 
@I [HLS-10] ----------------------------------------------------------------
@I [SCHED-11] Starting scheduling ...
@I [SCHED-11] Finished scheduling.
@I [HLS-111] Elapsed time: 0.76 seconds; current memory usage: 163 MB.
@I [HLS-10] ----------------------------------------------------------------
@I [HLS-10] -- Exploring micro-architecture for module 'Compult_fitness_1' 
@I [HLS-10] ----------------------------------------------------------------
@I [BIND-100] Starting micro-architecture generation ...
@I [BIND-101] Performing variable lifetime analysis.
@I [BIND-101] Exploring resource sharing.
@I [BIND-101] Binding ...
@I [BIND-100] Finished micro-architecture generation.
@I [HLS-111] Elapsed time: 0.691 seconds; current memory usage: 163 MB.
@I [HLS-10] ----------------------------------------------------------------
@I [HLS-10] -- Scheduling module 'Compult_fitness' 
@I [HLS-10] ----------------------------------------------------------------
@I [SCHED-11] Starting scheduling ...
@I [SCHED-11] Finished scheduling.
@I [HLS-111] Elapsed time: 1.177 seconds; current memory usage: 166 MB.
@I [HLS-10] ----------------------------------------------------------------
@I [HLS-10] -- Exploring micro-architecture for module 'Compult_fitness' 
@I [HLS-10] ----------------------------------------------------------------
@I [BIND-100] Starting micro-architecture generation ...
@I [BIND-101] Performing variable lifetime analysis.
@I [BIND-101] Exploring resource sharing.
@I [BIND-101] Binding ...
@I [BIND-100] Finished micro-architecture generation.
@I [HLS-111] Elapsed time: 0.645 seconds; current memory usage: 166 MB.
@I [HLS-10] ----------------------------------------------------------------
@I [HLS-10] -- Scheduling module 'Compult_pso' 
@I [HLS-10] ----------------------------------------------------------------
@I [SCHED-11] Starting scheduling ...
@I [SCHED-11] Finished scheduling.
@I [HLS-111] Elapsed time: 1.014 seconds; current memory usage: 167 MB.
@I [HLS-10] ----------------------------------------------------------------
@I [HLS-10] -- Exploring micro-architecture for module 'Compult_pso' 
@I [HLS-10] ----------------------------------------------------------------
@I [BIND-100] Starting micro-architecture generation ...
@I [BIND-101] Performing variable lifetime analysis.
@I [BIND-101] Exploring resource sharing.
@I [BIND-101] Binding ...
@I [BIND-100] Finished micro-architecture generation.
@I [HLS-111] Elapsed time: 0.994 seconds; current memory usage: 167 MB.
@I [HLS-10] ----------------------------------------------------------------
@I [HLS-10] -- Scheduling module 'Compult_mpc_pso' 
@I [HLS-10] ----------------------------------------------------------------
@I [SCHED-11] Starting scheduling ...
@I [SCHED-11] Finished scheduling.
@I [HLS-111] Elapsed time: 0.966 seconds; current memory usage: 168 MB.
@I [HLS-10] ----------------------------------------------------------------
@I [HLS-10] -- Exploring micro-architecture for module 'Compult_mpc_pso' 
@I [HLS-10] ----------------------------------------------------------------
@I [BIND-100] Starting micro-architecture generation ...
@I [BIND-101] Performing variable lifetime analysis.
@I [BIND-101] Exploring resource sharing.
@I [BIND-101] Binding ...
@I [BIND-100] Finished micro-architecture generation.
@I [HLS-111] Elapsed time: 0.8 seconds; current memory usage: 168 MB.
@I [HLS-10] ----------------------------------------------------------------
@I [HLS-10] -- Scheduling module 'Compult' 
@I [HLS-10] ----------------------------------------------------------------
@I [SCHED-11] Starting scheduling ...
@I [SCHED-11] Finished scheduling.
@I [HLS-111] Elapsed time: 0.844 seconds; current memory usage: 170 MB.
@I [HLS-10] ----------------------------------------------------------------
@I [HLS-10] -- Exploring micro-architecture for module 'Compult' 
@I [HLS-10] ----------------------------------------------------------------
@I [BIND-100] Starting micro-architecture generation ...
@I [BIND-101] Performing variable lifetime analysis.
@I [BIND-101] Exploring resource sharing.
@I [BIND-101] Binding ...
@I [BIND-100] Finished micro-architecture generation.
@I [HLS-111] Elapsed time: 0.565 seconds; current memory usage: 170 MB.
@I [HLS-10] ----------------------------------------------------------------
@I [HLS-10] -- Generating RTL for module 'Compult_randac' 
@I [HLS-10] ----------------------------------------------------------------
@I [RTGEN-100] Generating core module 'Compult_mul_31s_7ns_38_3': 1 instance(s).
@I [RTGEN-100] Finished creating RTL model for 'Compult_randac'.
@I [HLS-111] Elapsed time: 0.868 seconds; current memory usage: 170 MB.
@I [HLS-10] ----------------------------------------------------------------
@I [HLS-10] -- Generating RTL for module 'Compult_fitness_1' 
@I [HLS-10] ----------------------------------------------------------------
@I [RTGEN-100] Generating core module 'Compult_mul_19s_57s_75_6': 2 instance(s).
@I [RTGEN-100] Generating core module 'Compult_mul_27s_27s_54_6': 1 instance(s).
@I [RTGEN-100] Generating core module 'Compult_mul_29s_16ns_44_3': 1 instance(s).
@I [RTGEN-100] Generating core module 'Compult_mul_29s_29s_56_6': 1 instance(s).
@I [RTGEN-100] Generating core module 'Compult_mul_32s_29s_61_6': 1 instance(s).
@I [RTGEN-100] Finished creating RTL model for 'Compult_fitness_1'.
@I [HLS-111] Elapsed time: 0.548 seconds; current memory usage: 172 MB.
@I [HLS-10] ----------------------------------------------------------------
@I [HLS-10] -- Generating RTL for module 'Compult_fitness' 
@I [HLS-10] ----------------------------------------------------------------
@I [RTGEN-100] Generating core module 'Compult_mul_19s_57s_75_6': 2 instance(s).
@I [RTGEN-100] Generating core module 'Compult_mul_27s_27s_54_6': 1 instance(s).
@I [RTGEN-100] Generating core module 'Compult_mul_29s_16ns_44_3': 1 instance(s).
@I [RTGEN-100] Generating core module 'Compult_mul_29s_29s_56_6': 1 instance(s).
@I [RTGEN-100] Generating core module 'Compult_mul_32s_29s_61_6': 1 instance(s).
@I [RTGEN-100] Finished creating RTL model for 'Compult_fitness'.
@I [HLS-111] Elapsed time: 1.581 seconds; current memory usage: 176 MB.
@I [HLS-10] ----------------------------------------------------------------
@I [HLS-10] -- Generating RTL for module 'Compult_pso' 
@I [HLS-10] ----------------------------------------------------------------
@I [RTGEN-100] Generating core module 'Compult_mul_20s_20ns_40_3': 2 instance(s).
@I [RTGEN-100] Generating core module 'Compult_mul_20s_21ns_41_3': 1 instance(s).
@I [RTGEN-100] Generating core module 'Compult_mul_30s_18ns_48_3': 1 instance(s).
@I [RTGEN-100] Generating core module 'Compult_mul_40s_30s_68_6': 2 instance(s).
@I [RTGEN-100] Finished creating RTL model for 'Compult_pso'.
@I [HLS-111] Elapsed time: 1.63 seconds; current memory usage: 178 MB.
@I [HLS-10] ----------------------------------------------------------------
@I [HLS-10] -- Generating RTL for module 'Compult_mpc_pso' 
@I [HLS-10] ----------------------------------------------------------------
@I [RTGEN-100] Generating core module 'Compult_mul_22ns_30s_52_3': 1 instance(s).
@I [RTGEN-100] Generating core module 'Compult_mul_32s_29ns_61_6': 1 instance(s).
@I [RTGEN-100] Generating core module 'Compult_mul_36s_29ns_65_6': 1 instance(s).
@I [RTGEN-100] Finished creating RTL model for 'Compult_mpc_pso'.
@I [HLS-111] Elapsed time: 1.62 seconds; current memory usage: 180 MB.
@I [HLS-10] ----------------------------------------------------------------
@I [HLS-10] -- Generating RTL for module 'Compult' 
@I [HLS-10] ----------------------------------------------------------------
@I [RTGEN-500] Setting interface mode on port 'Compult/y_in_V' to 'ap_none'.
@I [RTGEN-500] Setting interface mode on port 'Compult/ref_in_V' to 'ap_none'.
@I [RTGEN-500] Setting interface mode on function 'Compult' to 'ap_ctrl_hs'.
@I [RTGEN-100] Generating core module 'Compult_mul_30s_26ns_55_6': 1 instance(s).
@I [RTGEN-100] Generating core module 'Compult_mul_31s_10ns_41_3': 1 instance(s).
@I [RTGEN-100] Finished creating RTL model for 'Compult'.
@I [HLS-111] Elapsed time: 1.118 seconds; current memory usage: 182 MB.
@I [RTMG-282] Generating pipelined core: 'Compult_mul_31s_7ns_38_3_Mul3S_0'
@I [RTMG-282] Generating pipelined core: 'Compult_mul_27s_27s_54_6_MulnS_0'
@I [RTMG-282] Generating pipelined core: 'Compult_mul_19s_57s_75_6_MulnS_1'
@I [RTMG-282] Generating pipelined core: 'Compult_mul_29s_16ns_44_3_Mul3S_1'
@I [RTMG-282] Generating pipelined core: 'Compult_mul_32s_29s_61_6_MulnS_2'
@I [RTMG-282] Generating pipelined core: 'Compult_mul_29s_29s_56_6_MulnS_3'
@I [RTMG-282] Generating pipelined core: 'Compult_mul_20s_21ns_41_3_Mul3S_2'
@I [RTMG-282] Generating pipelined core: 'Compult_mul_20s_20ns_40_3_Mul3S_3'
@I [RTMG-282] Generating pipelined core: 'Compult_mul_40s_30s_68_6_MulnS_4'
@I [RTMG-282] Generating pipelined core: 'Compult_mul_30s_18ns_48_3_Mul3S_4'
@I [RTMG-279] Implementing memory 'Compult_pso_ww_rom' using distributed ROMs.
@I [RTMG-278] Implementing memory 'Compult_pso_x_V_ram' using block RAMs.
@I [RTMG-278] Implementing memory 'Compult_pso_y_V_ram' using block RAMs.
@I [RTMG-278] Implementing memory 'Compult_pso_v_V_ram' using block RAMs.
@I [RTMG-278] Implementing memory 'Compult_pso_p_V_ram' using distributed RAMs.
@I [RTMG-282] Generating pipelined core: 'Compult_mul_32s_29ns_61_6_MulnS_5'
@I [RTMG-282] Generating pipelined core: 'Compult_mul_22ns_30s_52_3_Mul3S_5'
@I [RTMG-282] Generating pipelined core: 'Compult_mul_36s_29ns_65_6_MulnS_6'
@I [RTMG-279] Implementing memory 'Compult_mpc_pso_Sx_0_rom' using distributed ROMs.
@I [RTMG-279] Implementing memory 'Compult_mpc_pso_Sx_1_rom' using distributed ROMs.
@I [RTMG-279] Implementing memory 'Compult_mpc_pso_g_V_rom' using auto ROMs.
@I [RTMG-278] Implementing memory 'Compult_mpc_pso_SxDx_V_ram' using distributed RAMs.
@I [RTMG-278] Implementing memory 'Compult_mpc_pso_Ep_V_ram' using distributed RAMs.
@I [RTMG-282] Generating pipelined core: 'Compult_mul_31s_10ns_41_3_Mul3S_6'
@I [RTMG-282] Generating pipelined core: 'Compult_mul_30s_26ns_55_6_MulnS_7'
@I [HLS-10] Finished generating all RTL models.
@I [WSYSC-301] Generating RTL SystemC for 'Compult'.
@I [WVHDL-304] Generating RTL VHDL for 'Compult'.
@I [WVLOG-307] Generating RTL Verilog for 'Compult'.
@I [HLS-112] Total elapsed time: 81.384 seconds; peak memory usage: 182 MB.
@I [LIC-101] Checked in feature [VIVADO_HLS]
