

================================================================
== Vivado HLS Report for 'Compult_mpc_pso'
================================================================
* Date:           Fri Jun 19 21:51:31 2015

* Version:        2014.4 (Build 1071461 on Tue Nov 18 16:42:57 PM 2014)
* Project:        mpc_pso
* Solution:       solution1
* Product family: zynq
* Target device:  xc7z010clg400-1


================================================================
== Performance Estimates
================================================================
+ Timing (ns): 
    * Summary: 
    +---------+-------+----------+------------+
    |  Clock  | Target| Estimated| Uncertainty|
    +---------+-------+----------+------------+
    |default  |   8.00|      6.88|        1.00|
    +---------+-------+----------+------------+

+ Latency (clock cycles): 
    * Summary: 
    +--------+--------+--------+--------+---------+
    |     Latency     |     Interval    | Pipeline|
    |   min  |   max  |   min  |   max  |   Type  |
    +--------+--------+--------+--------+---------+
    |  148158|  151434|  148158|  151434|   none  |
    +--------+--------+--------+--------+---------+

    + Detail: 
        * Instance: 
        +------------------------+-------------+--------+--------+--------+--------+---------+
        |                        |             |     Latency     |     Interval    | Pipeline|
        |        Instance        |    Module   |   min  |   max  |   min  |   max  |   Type  |
        +------------------------+-------------+--------+--------+--------+--------+---------+
        |grp_Compult_pso_fu_346  |Compult_pso  |  147328|  150604|  147328|  150604|   none  |
        +------------------------+-------------+--------+--------+--------+--------+---------+

        * Loop: 
        +-------------------+-----+-----+----------+-----------+-----------+------+----------+
        |                   |  Latency  | Iteration|  Initiation Interval  | Trip |          |
        |     Loop Name     | min | max |  Latency |  achieved |   target  | Count| Pipelined|
        +-------------------+-----+-----+----------+-----------+-----------+------+----------+
        |- mpc_pso_label3   |  220|  220|        11|          -|          -|    20|    no    |
        |- mpc_pso_label11  |  120|  120|         6|          -|          -|    20|    no    |
        |- Loop 3           |  486|  486|       243|          -|          -|     2|    no    |
        | + Loop 3.1        |  240|  240|        12|          -|          -|    20|    no    |
        +-------------------+-----+-----+----------+-----------+-----------+------+----------+



================================================================
== Utilization Estimates
================================================================
* Summary: 
+-----------------+---------+-------+-------+-------+
|       Name      | BRAM_18K| DSP48E|   FF  |  LUT  |
+-----------------+---------+-------+-------+-------+
|Expression       |        -|      -|      0|    869|
|FIFO             |        -|      -|      -|      -|
|Instance         |        4|     72|   5972|  10441|
|Memory           |        1|      -|    175|     38|
|Multiplexer      |        -|      -|      -|    150|
|Register         |        -|      -|   1001|      -|
+-----------------+---------+-------+-------+-------+
|Total            |        5|     72|   7148|  11498|
+-----------------+---------+-------+-------+-------+
|Available        |      120|     80|  35200|  17600|
+-----------------+---------+-------+-------+-------+
|Utilization (%)  |        4|     90|     20|     65|
+-----------------+---------+-------+-------+-------+

+ Detail: 
    * Instance: 
    +-------------------------------+---------------------------+---------+-------+------+-------+
    |            Instance           |           Module          | BRAM_18K| DSP48E|  FF  |  LUT  |
    +-------------------------------+---------------------------+---------+-------+------+-------+
    |Compult_mul_22ns_30s_52_3_U47  |Compult_mul_22ns_30s_52_3  |        0|      2|     0|      0|
    |Compult_mul_32s_29ns_61_6_U46  |Compult_mul_32s_29ns_61_6  |        0|      4|     0|      0|
    |Compult_mul_36s_29ns_65_6_U48  |Compult_mul_36s_29ns_65_6  |        0|      4|     0|      0|
    |grp_Compult_pso_fu_346         |Compult_pso                |        4|     62|  5972|  10441|
    +-------------------------------+---------------------------+---------+-------+------+-------+
    |Total                          |                           |        4|     72|  5972|  10441|
    +-------------------------------+---------------------------+---------+-------+------+-------+

    * Memory: 
    +----------+------------------------+---------+----+----+------+-----+------+-------------+
    |  Memory  |         Module         | BRAM_18K| FF | LUT| Words| Bits| Banks| W*Bits*Banks|
    +----------+------------------------+---------+----+----+------+-----+------+-------------+
    |Ep_V_U    |Compult_mpc_pso_Ep_V    |        0|  72|  12|    20|   36|     1|          720|
    |SxDx_V_U  |Compult_mpc_pso_SxDx_V  |        0|  52|   9|    20|   26|     1|          520|
    |Sx_0_U    |Compult_mpc_pso_Sx_0    |        0|  29|  10|    20|   29|     1|          580|
    |Sx_1_U    |Compult_mpc_pso_Sx_1    |        0|  22|   7|    20|   22|     1|          440|
    |g_V_U     |Compult_mpc_pso_g_V     |        1|   0|   0|    40|   29|     1|         1160|
    +----------+------------------------+---------+----+----+------+-----+------+-------------+
    |Total     |                        |        1| 175|  38|   120|  142|     5|         3420|
    +----------+------------------------+---------+----+----+------+-----+------+-------------+

    * FIFO: 
    N/A

    * Expression: 
    +-----------------------------------+----------+-------+---+----+------------+------------+
    |           Variable Name           | Operation| DSP48E| FF| LUT| Bitwidth P0| Bitwidth P1|
    +-----------------------------------+----------+-------+---+----+------------+------------+
    |i_3_fu_397_p2                      |     +    |      0|  0|   5|           5|           1|
    |i_4_fu_660_p2                      |     +    |      0|  0|   2|           2|           1|
    |i_5_fu_514_p2                      |     +    |      0|  0|   5|           5|           1|
    |j_1_fu_711_p2                      |     +    |      0|  0|   5|           5|           1|
    |p_Val2_13_fu_601_p2                |     +    |      0|  0|  36|          36|          36|
    |p_Val2_16_fu_841_p2                |     +    |      0|  0|  65|          65|          65|
    |p_Val2_18_fu_957_p2                |     +    |      0|  0|  36|          36|          36|
    |p_Val2_8_fu_436_p2                 |     +    |      0|  0|  61|          61|          61|
    |p_Val2_9_fu_492_p2                 |     +    |      0|  0|  25|          25|          25|
    |p_Val2_s_fu_366_p2                 |     +    |      0|  0|  31|          31|          28|
    |p_addr1_fu_717_p2                  |     +    |      0|  0|   7|           7|           7|
    |p_addr_fu_690_p2                   |     +    |      0|  0|   7|           7|           7|
    |p_Val2_10_fu_532_p2                |     -    |      0|  0|  40|          40|          40|
    |p_Val2_11_fu_537_p2                |     -    |      0|  0|  40|          40|          40|
    |p_Val2_6_fu_372_p2                 |     -    |      0|  0|  31|          28|          31|
    |Ep_V_d0                            |  Select  |      0|  0|  36|           1|          35|
    |G_0_V_fu_1115_p3                   |  Select  |      0|  0|  28|           1|          28|
    |G_1_V_1_fu_1123_p3                 |  Select  |      0|  0|  28|           1|          28|
    |G_1_V_2_fu_1130_p3                 |  Select  |      0|  0|  28|           1|          28|
    |deleted_ones_fu_987_p3             |  Select  |      0|  0|   1|           1|           1|
    |deleted_zeros_1_fu_981_p3          |  Select  |      0|  0|   1|           1|           1|
    |p_Val2_2_39_fu_1061_p3             |  Select  |      0|  0|  37|           1|          37|
    |p_Val2_87_mux_fu_1100_p3           |  Select  |      0|  0|  28|           1|          27|
    |p_Val2_91_mux_fu_1054_p3           |  Select  |      0|  0|  36|           1|          35|
    |p_Val2_s_40_fu_1108_p3             |  Select  |      0|  0|  29|           1|          29|
    |sum_V_fu_1067_p3                   |  Select  |      0|  0|  36|           1|          36|
    |brmerge40_demorgan_i_i_fu_1019_p2  |    and   |      0|  0|   1|           1|           1|
    |carry_fu_976_p2                    |    and   |      0|  0|   1|           1|           1|
    |overflow_2_fu_1013_p2              |    and   |      0|  0|   1|           1|           1|
    |overflow_3_fu_771_p2               |    and   |      0|  0|   1|           1|           1|
    |overflow_fu_641_p2                 |    and   |      0|  0|   1|           1|           1|
    |p_38_i_i_fu_993_p2                 |    and   |      0|  0|   1|           1|           1|
    |p_41_i_i_fu_948_p2                 |    and   |      0|  0|   1|           1|           1|
    |qb_assign_1_fu_481_p2              |    and   |      0|  0|   1|           1|           1|
    |qb_assign_3_fu_591_p2              |    and   |      0|  0|   1|           1|           1|
    |qb_assign_5_fu_891_p2              |    and   |      0|  0|   1|           1|           1|
    |underflow_2_fu_1034_p2             |    and   |      0|  0|   1|           1|           1|
    |underflow_fu_795_p2                |    and   |      0|  0|   1|           1|           1|
    |Range1_all_ones_1_fu_930_p2        |   icmp   |      0|  0|   7|           7|           2|
    |Range1_all_zeros_fu_936_p2         |   icmp   |      0|  0|   7|           7|           1|
    |Range2_all_ones_fu_914_p2          |   icmp   |      0|  0|   6|           6|           2|
    |exitcond6_fu_391_p2                |   icmp   |      0|  0|   5|           5|           5|
    |exitcond7_fu_508_p2                |   icmp   |      0|  0|   5|           5|           5|
    |exitcond8_fu_654_p2                |   icmp   |      0|  0|   3|           2|           3|
    |exitcond_fu_705_p2                 |   icmp   |      0|  0|   5|           5|           5|
    |p_not38_i_fu_783_p2                |   icmp   |      0|  0|   9|           9|           2|
    |p_not_i4_fu_753_p2                 |   icmp   |      0|  0|   9|           9|           1|
    |r_1_fu_571_p2                      |   icmp   |      0|  0|  11|          10|           1|
    |r_2_fu_864_p2                      |   icmp   |      0|  0|  26|          21|           1|
    |r_fu_463_p2                        |   icmp   |      0|  0|  45|          36|           1|
    |brmerge39_i_fu_789_p2              |    or    |      0|  0|   1|           1|           1|
    |brmerge3_fu_1095_p2                |    or    |      0|  0|   1|           1|           1|
    |brmerge_i5_fu_637_p2               |    or    |      0|  0|   1|           1|           1|
    |brmerge_i_fu_759_p2                |    or    |      0|  0|   1|           1|           1|
    |brmerge_i_i3_fu_1086_p2            |    or    |      0|  0|   1|           1|           1|
    |brmerge_i_i4_fu_1003_p2            |    or    |      0|  0|   1|           1|           1|
    |brmerge_i_i_i_fu_1050_p2           |    or    |      0|  0|   1|           1|           1|
    |not_carry_fu_620_p2                |    or    |      0|  0|   1|           1|           1|
    |r_i_i1_fu_585_p2                   |    or    |      0|  0|   1|           1|           1|
    |r_i_i_fu_477_p2                    |    or    |      0|  0|   1|           1|           1|
    |r_i_i_i_fu_885_p2                  |    or    |      0|  0|   1|           1|           1|
    |tmp4_demorgan_fu_1023_p2           |    or    |      0|  0|   1|           1|           1|
    |tmp5_fu_1039_p2                    |    or    |      0|  0|   1|           1|           1|
    |underflow_14_not_fu_1045_p2        |    or    |      0|  0|   1|           1|           1|
    |deleted_zeros_fu_626_p2            |    xor   |      0|  0|   1|           1|           1|
    |newsignbit_0_not_i_fu_777_p2       |    xor   |      0|  0|   2|           1|           2|
    |p_Result_1_not_fu_615_p2           |    xor   |      0|  0|   2|           1|           2|
    |p_not_i_fu_631_p2                  |    xor   |      0|  0|   2|           1|           2|
    |p_not_i_i_fu_998_p2                |    xor   |      0|  0|   2|           1|           2|
    |tmp4_fu_1028_p2                    |    xor   |      0|  0|   2|           1|           2|
    |tmp_10_fu_970_p2                   |    xor   |      0|  0|   2|           1|           2|
    |tmp_13_fu_942_p2                   |    xor   |      0|  0|   2|           1|           2|
    |tmp_14_fu_1008_p2                  |    xor   |      0|  0|   2|           1|           2|
    |tmp_2_fu_765_p2                    |    xor   |      0|  0|   2|           1|           2|
    |underflow_15_not_fu_1090_p2        |    xor   |      0|  0|   2|           1|           2|
    +-----------------------------------+----------+-------+---+----+------------+------------+
    |Total                              |          |      0|  0| 869|         563|         741|
    +-----------------------------------+----------+-------+---+----+------------+------------+

    * Multiplexer: 
    +------------------+----+-----------+-----+-----------+
    |       Name       | LUT| Input Size| Bits| Total Bits|
    +------------------+----+-----------+-----+-----------+
    |Ep_V_address0     |   5|          3|    5|         15|
    |SxDx_V_address0   |   5|          3|    5|         15|
    |ap_NS_fsm         |  60|         34|    1|         34|
    |ap_return         |  27|          2|   27|         54|
    |i_1_reg_275       |   5|          2|    5|         10|
    |i_2_reg_310       |   2|          2|    2|          4|
    |i_reg_264         |   5|          2|    5|         10|
    |j_reg_334         |   5|          2|    5|         10|
    |p_Val2_2_reg_322  |  36|          2|   36|         72|
    +------------------+----+-----------+-----+-----------+
    |Total             | 150|         52|   91|        224|
    +------------------+----+-----------+-----+-----------+

    * Register: 
    +----------------------------------------------+----+----+-----+-----------+
    |                     Name                     | FF | LUT| Bits| Const Bits|
    +----------------------------------------------+----+----+-----+-----------+
    |Ep_V_load_reg_1382                            |  36|   0|   36|          0|
    |G_V_0_s_reg_286                               |  28|   0|   28|          0|
    |G_V_1_s_reg_298                               |  28|   0|   28|          0|
    |OP2_V_1_cast_reg_1164                         |  52|   0|   52|          0|
    |OP2_V_cast_reg_1159                           |  61|   0|   61|          0|
    |Range1_all_ones_1_reg_1433                    |   1|   0|    1|          0|
    |Range1_all_zeros_reg_1440                     |   1|   0|    1|          0|
    |Sx_0_load_reg_1198                            |  29|   0|   29|          0|
    |Sx_1_load_reg_1213                            |  22|   0|   22|          0|
    |ap_CS_fsm                                     |  33|   0|   33|          0|
    |ap_return_preg                                |  27|   0|   27|          0|
    |deleted_ones_reg_1467                         |   1|   0|    1|          0|
    |deleted_zeros_1_reg_1462                      |   1|   0|    1|          0|
    |g_V_load_reg_1377                             |  29|   0|   29|          0|
    |grp_Compult_pso_fu_346_ap_start_ap_start_reg  |   1|   0|    1|          0|
    |i_1_cast8_reg_1258                            |   5|   0|   32|         27|
    |i_1_reg_275                                   |   5|   0|    5|          0|
    |i_2_reg_310                                   |   2|   0|    2|          0|
    |i_3_reg_1178                                  |   5|   0|    5|          0|
    |i_4_reg_1330                                  |   2|   0|    2|          0|
    |i_5_reg_1266                                  |   5|   0|    5|          0|
    |i_cast9_reg_1169                              |   5|   0|   32|         27|
    |i_reg_264                                     |   5|   0|    5|          0|
    |j_1_reg_1343                                  |   5|   0|    5|          0|
    |j_reg_334                                     |   5|   0|    5|          0|
    |newsignbit_2_reg_1456                         |   1|   0|    1|          0|
    |newsignbit_reg_1312                           |   1|   0|    1|          0|
    |overflow_2_reg_1478                           |   1|   0|    1|          0|
    |overflow_3_reg_1358                           |   1|   0|    1|          0|
    |p_38_i_i_reg_1472                             |   1|   0|    1|          0|
    |p_41_i_i_reg_1445                             |   1|   0|    1|          0|
    |p_Result_1_not_reg_1317                       |   1|   0|    1|          0|
    |p_Val2_10_reg_1276                            |  40|   0|   40|          0|
    |p_Val2_13_reg_1307                            |  36|   0|   36|          0|
    |p_Val2_15_reg_1397                            |  65|   0|   65|          0|
    |p_Val2_17_reg_1418                            |  36|   0|   36|          0|
    |p_Val2_18_reg_1450                            |  36|   0|   36|          0|
    |p_Val2_1_reg_1228                             |  52|   0|   52|          0|
    |p_Val2_2_reg_322                              |  36|   0|   36|          0|
    |p_Val2_6_reg_1153                             |  31|   0|   31|          0|
    |p_Val2_7_reg_1223                             |  61|   0|   61|          0|
    |p_Val2_s_reg_1147                             |  31|   0|   31|          0|
    |p_addr_reg_1335                               |   5|   0|    7|          2|
    |p_not_i_reg_1322                              |   1|   0|    1|          0|
    |qb_assign_1_reg_1253                          |   1|   0|    1|          0|
    |qb_assign_3_reg_1302                          |   1|   0|    1|          0|
    |qb_assign_5_reg_1428                          |   1|   0|    1|          0|
    |qbit_1_reg_1292                               |   1|   0|    1|          0|
    |qbit_2_reg_1402                               |   1|   0|    1|          0|
    |qbit_reg_1238                                 |   1|   0|    1|          0|
    |r_i_i1_reg_1297                               |   1|   0|    1|          0|
    |r_reg_1243                                    |   1|   0|    1|          0|
    |signbit_1_reg_1412                            |   1|   0|    1|          0|
    |signbit_reg_1281                              |   1|   0|    1|          0|
    |tmp_12_cast_cast_reg_1193                     |  40|   0|   40|          0|
    |tmp_26_reg_1248                               |   1|   0|    1|          0|
    |tmp_29_reg_1287                               |  29|   0|   29|          0|
    |tmp_37_reg_1371                               |   1|   0|    1|          0|
    |tmp_40_reg_1407                               |  21|   0|   21|          0|
    |tmp_41_reg_1423                               |   1|   0|    1|          0|
    |tmp_7_cast_reg_1188                           |  40|   0|   40|          0|
    |tmp_reg_1233                                  |  24|   0|   24|          0|
    |underflow_14_not_reg_1489                     |   1|   0|    1|          0|
    |underflow_2_reg_1483                          |   1|   0|    1|          0|
    |underflow_reg_1364                            |   1|   0|    1|          0|
    +----------------------------------------------+----+----+-----+-----------+
    |Total                                         |1001|   0| 1057|         56|
    +----------------------------------------------+----+----+-----+-----------+



================================================================
== Interface
================================================================
* Summary: 
+-----------+-----+-----+------------+-----------------+--------------+
| RTL Ports | Dir | Bits|  Protocol  |  Source Object  |    C Type    |
+-----------+-----+-----+------------+-----------------+--------------+
|ap_clk     |  in |    1| ap_ctrl_hs | Compult_mpc_pso | return value |
|ap_rst     |  in |    1| ap_ctrl_hs | Compult_mpc_pso | return value |
|ap_start   |  in |    1| ap_ctrl_hs | Compult_mpc_pso | return value |
|ap_done    | out |    1| ap_ctrl_hs | Compult_mpc_pso | return value |
|ap_idle    | out |    1| ap_ctrl_hs | Compult_mpc_pso | return value |
|ap_ready   | out |    1| ap_ctrl_hs | Compult_mpc_pso | return value |
|ap_return  | out |   27| ap_ctrl_hs | Compult_mpc_pso | return value |
|dx1_in_V   |  in |   32|   ap_none  |     dx1_in_V    |    scalar    |
|dx2_in_V   |  in |   30|   ap_none  |     dx2_in_V    |    scalar    |
|y_in_V     |  in |   30|   ap_none  |      y_in_V     |    scalar    |
|u_in_V     |  in |   30|   ap_none  |      u_in_V     |    scalar    |
|ref_in_V   |  in |   30|   ap_none  |     ref_in_V    |    scalar    |
+-----------+-----+-----+------------+-----------------+--------------+

