

================================================================
== Vivado HLS Report for 'Compult_fitness_1'
================================================================
* Date:           Fri Jun 19 21:51:27 2015

* Version:        2014.4 (Build 1071461 on Tue Nov 18 16:42:57 PM 2014)
* Project:        mpc_pso
* Solution:       solution1
* Product family: zynq
* Target device:  xc7z010clg400-1


================================================================
== Performance Estimates
================================================================
+ Timing (ns): 
    * Summary: 
    +---------+-------+----------+------------+
    |  Clock  | Target| Estimated| Uncertainty|
    +---------+-------+----------+------------+
    |default  |   8.00|      6.88|        1.00|
    +---------+-------+----------+------------+

+ Latency (clock cycles): 
    * Summary: 
    +-----+-----+-----+-----+---------+
    |  Latency  |  Interval | Pipeline|
    | min | max | min | max |   Type  |
    +-----+-----+-----+-----+---------+
    |  144|  144|  144|  144|   none  |
    +-----+-----+-----+-----+---------+

    + Detail: 
        * Instance: 
        N/A

        * Loop: 
        +------------------+-----+-----+----------+-----------+-----------+------+----------+
        |                  |  Latency  | Iteration|  Initiation Interval  | Trip |          |
        |     Loop Name    | min | max |  Latency |  achieved |   target  | Count| Pipelined|
        +------------------+-----+-----+----------+-----------+-----------+------+----------+
        |- fitness_label5  |   56|   56|        14|          -|          -|     4|    no    |
        |- Loop 2          |   24|   24|        12|          -|          -|     2|    no    |
        |- Loop 3          |   24|   24|        12|          -|          -|     2|    no    |
        |- fitness_label7  |   24|   24|        12|          -|          -|     2|    no    |
        +------------------+-----+-----+----------+-----------+-----------+------+----------+



================================================================
== Utilization Estimates
================================================================
* Summary: 
+-----------------+---------+-------+-------+-------+
|       Name      | BRAM_18K| DSP48E|   FF  |  LUT  |
+-----------------+---------+-------+-------+-------+
|Expression       |        -|      -|      0|   3712|
|FIFO             |        -|      -|      -|      -|
|Instance         |        -|     22|      0|      0|
|Memory           |        -|      -|      -|      -|
|Multiplexer      |        -|      -|      -|    332|
|Register         |        -|      -|   2168|      -|
+-----------------+---------+-------+-------+-------+
|Total            |        0|     22|   2168|   4044|
+-----------------+---------+-------+-------+-------+
|Available        |      120|     80|  35200|  17600|
+-----------------+---------+-------+-------+-------+
|Utilization (%)  |        0|     27|      6|     22|
+-----------------+---------+-------+-------+-------+

+ Detail: 
    * Instance: 
    +------------------------------+---------------------------+---------+-------+---+----+
    |           Instance           |           Module          | BRAM_18K| DSP48E| FF| LUT|
    +------------------------------+---------------------------+---------+-------+---+----+
    |Compult_mul_19s_57s_75_6_U2   |Compult_mul_19s_57s_75_6   |        0|      4|  0|   0|
    |Compult_mul_19s_57s_75_6_U3   |Compult_mul_19s_57s_75_6   |        0|      4|  0|   0|
    |Compult_mul_27s_27s_54_6_U1   |Compult_mul_27s_27s_54_6   |        0|      4|  0|   0|
    |Compult_mul_29s_16ns_44_3_U4  |Compult_mul_29s_16ns_44_3  |        0|      2|  0|   0|
    |Compult_mul_29s_29s_56_6_U6   |Compult_mul_29s_29s_56_6   |        0|      4|  0|   0|
    |Compult_mul_32s_29s_61_6_U5   |Compult_mul_32s_29s_61_6   |        0|      4|  0|   0|
    +------------------------------+---------------------------+---------+-------+---+----+
    |Total                         |                           |        0|     22|  0|   0|
    +------------------------------+---------------------------+---------+-------+---+----+

    * Memory: 
    N/A

    * FIFO: 
    N/A

    * Expression: 
    +--------------------------------------+----------+-------+---+----+------------+------------+
    |             Variable Name            | Operation| DSP48E| FF| LUT| Bitwidth P0| Bitwidth P1|
    +--------------------------------------+----------+-------+---+----+------------+------------+
    |i_5_fu_3061_p2                        |     +    |      0|  0|   2|           2|           1|
    |j_2_1_fu_2808_p2                      |     +    |      0|  0|   2|           2|           1|
    |j_2_fu_2555_p2                        |     +    |      0|  0|   2|           2|           1|
    |k_1_fu_1870_p2                        |     +    |      0|  0|   3|           3|           1|
    |p_Val2_13_1_fu_1292_p2                |     +    |      0|  0|  23|          23|          23|
    |p_Val2_13_2_fu_1313_p2                |     +    |      0|  0|  23|          23|          23|
    |p_Val2_13_3_fu_1365_p2                |     +    |      0|  0|  23|          23|          23|
    |p_Val2_13_fu_1260_p2                  |     +    |      0|  0|  23|          23|          23|
    |p_Val2_15_fu_3616_p2                  |     +    |      0|  0|  35|          35|          35|
    |p_Val2_16_fu_3633_p2                  |     +    |      0|  0|  46|          46|          46|
    |p_Val2_19_fu_3175_p2                  |     +    |      0|  0|  61|          61|          61|
    |p_Val2_21_fu_3362_p2                  |     +    |      0|  0|  32|          32|          32|
    |p_Val2_22_fu_3703_p2                  |     +    |      0|  0|  32|          32|          32|
    |p_Val2_25_1_fu_2879_p2                |     +    |      0|  0|  82|          82|          82|
    |p_Val2_25_fu_2626_p2                  |     +    |      0|  0|  82|          82|          82|
    |p_Val2_30_fu_3303_p2                  |     +    |      0|  0|  57|          57|          57|
    |p_Val2_32_1_fu_2938_p2                |     +    |      0|  0|  32|          32|          32|
    |p_Val2_32_fu_3406_p2                  |     +    |      0|  0|  31|          31|          31|
    |p_Val2_34_fu_2311_p2                  |     +    |      0|  0|  55|          55|          55|
    |p_Val2_36_fu_2428_p2                  |     +    |      0|  0|  29|          29|          29|
    |p_Val2_s_94_fu_2685_p2                |     +    |      0|  0|  32|          32|          32|
    |p_addr1_fu_3071_p2                    |     +    |      0|  0|   7|           7|           7|
    |p_addr3_fu_2814_p2                    |     +    |      0|  0|   7|           7|           7|
    |p_addr5_fu_2561_p2                    |     +    |      0|  0|   7|           7|           7|
    |p_Val2_1_1_1_fu_628_p2                |     -    |      0|  0|  30|           1|          30|
    |p_Val2_1_fu_541_p2                    |     -    |      0|  0|  30|           1|          30|
    |p_Val2_9_1_fu_1001_p2                 |     -    |      0|  0|  32|          32|          32|
    |p_Val2_9_2_fu_1074_p2                 |     -    |      0|  0|  32|          32|          32|
    |p_Val2_9_3_fu_1159_p2                 |     -    |      0|  0|  32|          32|          32|
    |p_Val2_9_fu_883_p2                    |     -    |      0|  0|  32|          32|          32|
    |r_V_1_fu_3107_p2                      |     -    |      0|  0|  29|           1|          29|
    |G_V_load_phi_fu_3081_p3               |  Select  |      0|  0|  28|           1|          28|
    |Gx_V_fu_3568_p3                       |  Select  |      0|  0|  31|           1|          31|
    |OP2_V_4_1_cast_cast_fu_2828_p3        |  Select  |      0|  0|  18|           1|          18|
    |OP2_V_4_cast_cast_fu_2575_p3          |  Select  |      0|  0|  18|           1|          18|
    |aa_0_V_fu_1750_p3                     |  Select  |      0|  0|  23|           1|          23|
    |aa_1_V_fu_1808_p3                     |  Select  |      0|  0|  23|           1|          23|
    |aa_2_V_fu_1833_p3                     |  Select  |      0|  0|  23|           1|          23|
    |aa_3_V_fu_1857_p3                     |  Select  |      0|  0|  23|           1|          23|
    |ap_return                             |  Select  |      0|  0|  32|           1|          32|
    |deleted_ones_2_fu_3392_p3             |  Select  |      0|  0|   1|           1|           1|
    |deleted_ones_3_1_fu_2966_p3           |  Select  |      0|  0|   1|           1|           1|
    |deleted_ones_3_fu_2713_p3             |  Select  |      0|  0|   1|           1|           1|
    |deleted_ones_4_fu_2458_p3             |  Select  |      0|  0|   1|           1|           1|
    |deleted_ones_7_fu_1562_p3             |  Select  |      0|  0|   1|           1|           1|
    |deleted_ones_8_fu_1632_p3             |  Select  |      0|  0|   1|           1|           1|
    |deleted_ones_fu_1447_p3               |  Select  |      0|  0|   1|           1|           1|
    |deleted_ones_s_fu_1521_p3             |  Select  |      0|  0|   1|           1|           1|
    |deleted_zeros_2_fu_3386_p3            |  Select  |      0|  0|   1|           1|           1|
    |deleted_zeros_3_fu_2452_p3            |  Select  |      0|  0|   1|           1|           1|
    |deleted_zeros_7_fu_1557_p3            |  Select  |      0|  0|   1|           1|           1|
    |deleted_zeros_8_fu_1627_p3            |  Select  |      0|  0|   1|           1|           1|
    |deleted_zeros_fu_1429_p3              |  Select  |      0|  0|   1|           1|           1|
    |deleted_zeros_s_fu_1503_p3            |  Select  |      0|  0|   1|           1|           1|
    |min_0_V_fu_1996_p3                    |  Select  |      0|  0|  27|           1|          27|
    |min_3_V_35_fu_2067_p3                 |  Select  |      0|  0|  27|           1|          27|
    |min_3_V_36_fu_2075_p3                 |  Select  |      0|  0|  27|           1|           1|
    |min_3_V_37_fu_2086_p3                 |  Select  |      0|  0|  27|           1|          27|
    |min_3_V_38_fu_2098_p3                 |  Select  |      0|  0|  27|           1|          27|
    |min_3_V_39_fu_2180_p3                 |  Select  |      0|  0|  27|           1|          27|
    |min_3_V_40_fu_2189_p3                 |  Select  |      0|  0|  27|           1|          27|
    |min_3_V_41_fu_2110_p3                 |  Select  |      0|  0|  27|           1|          27|
    |min_3_V_42_fu_2116_p3                 |  Select  |      0|  0|  27|           1|          27|
    |min_3_V_43_fu_2124_p3                 |  Select  |      0|  0|  27|           1|          27|
    |min_3_V_44_fu_2131_p3                 |  Select  |      0|  0|  27|           1|           1|
    |min_3_V_45_fu_2139_p3                 |  Select  |      0|  0|  27|           1|          27|
    |min_3_V_46_fu_2196_p3                 |  Select  |      0|  0|  27|           1|          27|
    |min_3_V_47_fu_2201_p3                 |  Select  |      0|  0|  27|           1|          27|
    |min_3_V_48_fu_2147_p3                 |  Select  |      0|  0|  27|           1|          27|
    |min_3_V_49_fu_2154_p3                 |  Select  |      0|  0|  27|           1|          27|
    |min_3_V_50_fu_2161_p3                 |  Select  |      0|  0|  27|           1|          27|
    |min_3_V_51_fu_2169_p3                 |  Select  |      0|  0|  27|           1|           1|
    |min_3_V_52_fu_2208_p3                 |  Select  |      0|  0|  27|           1|          27|
    |min_3_V_53_fu_2213_p3                 |  Select  |      0|  0|  27|           1|          27|
    |min_3_V_54_fu_2234_p3                 |  Select  |      0|  0|  27|           1|          27|
    |min_3_V_55_fu_2241_p3                 |  Select  |      0|  0|  27|           1|          27|
    |min_3_V_56_fu_2248_p3                 |  Select  |      0|  0|  27|           1|          27|
    |min_3_V_fu_2057_p3                    |  Select  |      0|  0|  27|           1|          27|
    |min_V_0_3_fu_2227_p3                  |  Select  |      0|  0|  27|           1|          27|
    |p_Val2_13_1_88_fu_1801_p3             |  Select  |      0|  0|  24|           1|          24|
    |p_Val2_13_2_89_fu_1827_p3             |  Select  |      0|  0|  24|           1|          24|
    |p_Val2_13_3_90_fu_1851_p3             |  Select  |      0|  0|  24|           1|          24|
    |p_Val2_13_mux_1_fu_1794_p3            |  Select  |      0|  0|  23|           1|          22|
    |p_Val2_13_mux_2_fu_1820_p3            |  Select  |      0|  0|  23|           1|          22|
    |p_Val2_13_mux_3_fu_1844_p3            |  Select  |      0|  0|  23|           1|          22|
    |p_Val2_13_mux_fu_1736_p3              |  Select  |      0|  0|  23|           1|          22|
    |p_Val2_21_mux_fu_3580_p3              |  Select  |      0|  0|  32|           1|          31|
    |p_Val2_31_mux_fu_2525_p3              |  Select  |      0|  0|  29|           1|          28|
    |p_Val2_32_1_97_fu_3038_p3             |  Select  |      0|  0|  33|           1|          33|
    |p_Val2_32_mux_1_fu_3031_p3            |  Select  |      0|  0|  32|           1|          31|
    |p_Val2_32_mux_fu_2778_p3              |  Select  |      0|  0|  32|           1|          31|
    |p_Val2_37_mux_fu_3554_p3              |  Select  |      0|  0|  31|           1|          30|
    |p_Val2_3_1_1_fu_982_p3                |  Select  |      0|  0|  30|           1|          30|
    |p_Val2_3_2_fu_750_p3                  |  Select  |      0|  0|  30|           1|          30|
    |p_Val2_3_3_1_fu_803_p3                |  Select  |      0|  0|  30|           1|          30|
    |p_Val2_3_fu_864_p3                    |  Select  |      0|  0|  30|           1|          30|
    |p_Val2_3_mux_1_1_fu_974_p3            |  Select  |      0|  0|  29|           1|          28|
    |p_Val2_3_mux_2_fu_742_p3              |  Select  |      0|  0|  29|           1|          28|
    |p_Val2_3_mux_3_1_fu_795_p3            |  Select  |      0|  0|  29|           1|          28|
    |p_Val2_3_mux_fu_856_p3                |  Select  |      0|  0|  29|           1|          28|
    |p_Val2_4_91_fu_1988_p3                |  Select  |      0|  0|  28|           1|          28|
    |p_Val2_4_mux_fu_1980_p3               |  Select  |      0|  0|  27|           1|          26|
    |p_Val2_5_fu_1743_p3                   |  Select  |      0|  0|  24|           1|          24|
    |p_Val2_6_fu_2785_p3                   |  Select  |      0|  0|  33|           1|          33|
    |p_Val2_7_fu_2532_p3                   |  Select  |      0|  0|  30|           1|          30|
    |p_Val2_8_fu_3561_p3                   |  Select  |      0|  0|  32|           1|          32|
    |p_Val2_9_100_fu_3587_p3               |  Select  |      0|  0|  33|           1|          33|
    |p_Val2_s_102_fu_3806_p3               |  Select  |      0|  0|  33|           1|          33|
    |p_Val2_s_fu_1911_p3                   |  Select  |      0|  0|  23|           1|          23|
    |result_V_fu_3799_p3                   |  Select  |      0|  0|  32|           1|          31|
    |sel_tmp1_fu_1886_p3                   |  Select  |      0|  0|  23|           1|          23|
    |sel_tmp25_fu_2220_p3                  |  Select  |      0|  0|  27|           1|           1|
    |sel_tmp3_fu_1898_p3                   |  Select  |      0|  0|  23|           1|          23|
    |sum_V_fu_2538_p3                      |  Select  |      0|  0|  29|           1|          29|
    |this_assign_1_1_1_fu_989_p3           |  Select  |      0|  0|  29|           1|          29|
    |this_assign_1_2_fu_758_p3             |  Select  |      0|  0|  29|           1|          29|
    |this_assign_1_3_1_fu_811_p3           |  Select  |      0|  0|  29|           1|          29|
    |this_assign_1_fu_871_p3               |  Select  |      0|  0|  29|           1|          29|
    |xH_0_V_fu_2791_p3                     |  Select  |      0|  0|  32|           1|          32|
    |xH_1_V_fu_3044_p3                     |  Select  |      0|  0|  32|           1|          32|
    |xH_V_load_phi_fu_3097_p3              |  Select  |      0|  0|  32|           1|          32|
    |xHx_V_fu_3593_p3                      |  Select  |      0|  0|  32|           1|          32|
    |brmerge40_demorgan_i1_fu_3754_p2      |    and   |      0|  0|   1|           1|           1|
    |brmerge40_demorgan_i_1_fu_1546_p2     |    and   |      0|  0|   1|           1|           1|
    |brmerge40_demorgan_i_2_fu_1593_p2     |    and   |      0|  0|   1|           1|           1|
    |brmerge40_demorgan_i_3_fu_1663_p2     |    and   |      0|  0|   1|           1|           1|
    |brmerge40_demorgan_i_fu_1472_p2       |    and   |      0|  0|   1|           1|           1|
    |brmerge40_demorgan_i_i1_fu_3483_p2    |    and   |      0|  0|   1|           1|           1|
    |brmerge40_demorgan_i_i2_1_fu_2999_p2  |    and   |      0|  0|   1|           1|           1|
    |brmerge40_demorgan_i_i2_fu_2746_p2    |    and   |      0|  0|   1|           1|           1|
    |brmerge40_demorgan_i_i3_fu_3457_p2    |    and   |      0|  0|   1|           1|           1|
    |brmerge40_demorgan_i_i_fu_2490_p2     |    and   |      0|  0|   1|           1|           1|
    |carry_1_1_fu_1488_p2                  |    and   |      0|  0|   1|           1|           1|
    |carry_1_2_fu_1332_p2                  |    and   |      0|  0|   1|           1|           1|
    |carry_1_3_fu_1384_p2                  |    and   |      0|  0|   1|           1|           1|
    |carry_1_fu_1414_p2                    |    and   |      0|  0|   1|           1|           1|
    |carry_5_fu_3722_p2                    |    and   |      0|  0|   1|           1|           1|
    |carry_6_fu_3381_p2                    |    and   |      0|  0|   1|           1|           1|
    |carry_7_fu_3425_p2                    |    and   |      0|  0|   1|           1|           1|
    |carry_9_1_fu_2957_p2                  |    and   |      0|  0|   1|           1|           1|
    |carry_9_fu_2704_p2                    |    and   |      0|  0|   1|           1|           1|
    |carry_fu_2447_p2                      |    and   |      0|  0|   1|           1|           1|
    |overflow12_fu_595_p2                  |    and   |      0|  0|   1|           1|           1|
    |overflow_13_fu_3768_p2                |    and   |      0|  0|   1|           1|           1|
    |overflow_14_fu_3477_p2                |    and   |      0|  0|   1|           1|           1|
    |overflow_15_fu_3523_p2                |    and   |      0|  0|   1|           1|           1|
    |overflow_1_1_fu_682_p2                |    and   |      0|  0|   1|           1|           1|
    |overflow_3_1_fu_1763_p2               |    and   |      0|  0|   1|           1|           1|
    |overflow_3_2_fu_1587_p2               |    and   |      0|  0|   1|           1|           1|
    |overflow_3_3_fu_1657_p2               |    and   |      0|  0|   1|           1|           1|
    |overflow_3_fu_1705_p2                 |    and   |      0|  0|   1|           1|           1|
    |overflow_6_1_fu_2993_p2               |    and   |      0|  0|   1|           1|           1|
    |overflow_6_fu_2740_p2                 |    and   |      0|  0|   1|           1|           1|
    |overflow_fu_2484_p2                   |    and   |      0|  0|   1|           1|           1|
    |p_38_i1_fu_3743_p2                    |    and   |      0|  0|   1|           1|           1|
    |p_38_i_1_fu_1529_p2                   |    and   |      0|  0|   1|           1|           1|
    |p_38_i_2_fu_1567_p2                   |    and   |      0|  0|   1|           1|           1|
    |p_38_i_3_fu_1637_p2                   |    and   |      0|  0|   1|           1|           1|
    |p_38_i_fu_1455_p2                     |    and   |      0|  0|   1|           1|           1|
    |p_38_i_i1_fu_3398_p2                  |    and   |      0|  0|   1|           1|           1|
    |p_38_i_i2_fu_3446_p2                  |    and   |      0|  0|   1|           1|           1|
    |p_38_i_i_fu_2464_p2                   |    and   |      0|  0|   1|           1|           1|
    |p_41_i_1_fu_1516_p2                   |    and   |      0|  0|   1|           1|           1|
    |p_41_i_2_fu_1352_p2                   |    and   |      0|  0|   1|           1|           1|
    |p_41_i_3_fu_1404_p2                   |    and   |      0|  0|   1|           1|           1|
    |p_41_i_fu_1442_p2                     |    and   |      0|  0|   1|           1|           1|
    |p_41_i_i1_fu_3282_p2                  |    and   |      0|  0|   1|           1|           1|
    |p_41_i_i_fu_2419_p2                   |    and   |      0|  0|   1|           1|           1|
    |qb_assign_1_1_fu_1283_p2              |    and   |      0|  0|   1|           1|           1|
    |qb_assign_1_2_fu_1305_p2              |    and   |      0|  0|   1|           1|           1|
    |qb_assign_1_3_fu_1357_p2              |    and   |      0|  0|   1|           1|           1|
    |qb_assign_1_fu_1251_p2                |    and   |      0|  0|   1|           1|           1|
    |qb_assign_3_fu_3695_p2                |    and   |      0|  0|   1|           1|           1|
    |qb_assign_5_fu_3225_p2                |    and   |      0|  0|   1|           1|           1|
    |qb_assign_7_1_fu_2930_p2              |    and   |      0|  0|   1|           1|           1|
    |qb_assign_7_fu_2677_p2                |    and   |      0|  0|   1|           1|           1|
    |qb_assign_9_fu_2362_p2                |    and   |      0|  0|   1|           1|           1|
    |qb_assign_s_fu_3354_p2                |    and   |      0|  0|   1|           1|           1|
    |sel_tmp10_fu_2010_p2                  |    and   |      0|  0|   1|           1|           1|
    |sel_tmp14_fu_2063_p2                  |    and   |      0|  0|   1|           1|           1|
    |sel_tmp20_fu_2042_p2                  |    and   |      0|  0|   1|           1|           1|
    |sel_tmp21_fu_2082_p2                  |    and   |      0|  0|   1|           1|           1|
    |sel_tmp22_fu_2094_p2                  |    and   |      0|  0|   1|           1|           1|
    |sel_tmp23_fu_2106_p2                  |    and   |      0|  0|   1|           1|           1|
    |sel_tmp24_fu_2185_p2                  |    and   |      0|  0|   1|           1|           1|
    |tmp110_fu_2030_p2                     |    and   |      0|  0|   1|           1|           1|
    |tmp111_fu_2036_p2                     |    and   |      0|  0|   1|           1|           1|
    |underflow12_fu_619_p2                 |    and   |      0|  0|   1|           1|           1|
    |underflow_13_fu_2505_p2               |    and   |      0|  0|   1|           1|           1|
    |underflow_15_fu_3498_p2               |    and   |      0|  0|   1|           1|           1|
    |underflow_1_1_fu_706_p2               |    and   |      0|  0|   1|           1|           1|
    |underflow_2_fu_723_p2                 |    and   |      0|  0|   1|           1|           1|
    |underflow_354_1_fu_781_p2             |    and   |      0|  0|   1|           1|           1|
    |underflow_3_1_fu_1773_p2              |    and   |      0|  0|   1|           1|           1|
    |underflow_3_2_fu_1610_p2              |    and   |      0|  0|   1|           1|           1|
    |underflow_3_3_fu_1680_p2              |    and   |      0|  0|   1|           1|           1|
    |underflow_3_fu_1715_p2                |    and   |      0|  0|   1|           1|           1|
    |underflow_6_1_fu_3010_p2              |    and   |      0|  0|   1|           1|           1|
    |underflow_6_fu_2757_p2                |    and   |      0|  0|   1|           1|           1|
    |underflow_fu_1956_p2                  |    and   |      0|  0|   1|           1|           1|
    |Range1_all_ones_2_fu_3264_p2          |   icmp   |      0|  0|   3|           3|           2|
    |Range1_all_ones_3_fu_1389_p2          |   icmp   |      0|  0|   2|           2|           2|
    |Range1_all_ones_4_fu_2401_p2          |   icmp   |      0|  0|   3|           3|           2|
    |Range1_all_ones_7_fu_1337_p2          |   icmp   |      0|  0|   2|           2|           2|
    |Range1_all_ones_fu_1419_p2            |   icmp   |      0|  0|   2|           2|           2|
    |Range1_all_ones_s_fu_1493_p2          |   icmp   |      0|  0|   2|           2|           2|
    |Range1_all_zeros_2_fu_3270_p2         |   icmp   |      0|  0|   3|           3|           1|
    |Range1_all_zeros_3_fu_2407_p2         |   icmp   |      0|  0|   3|           3|           1|
    |Range1_all_zeros_7_fu_1342_p2         |   icmp   |      0|  0|   2|           2|           1|
    |Range1_all_zeros_8_fu_1394_p2         |   icmp   |      0|  0|   2|           2|           1|
    |Range1_all_zeros_fu_1424_p2           |   icmp   |      0|  0|   2|           2|           1|
    |Range1_all_zeros_s_fu_1498_p2         |   icmp   |      0|  0|   2|           2|           1|
    |Range2_all_ones_2_fu_3248_p2          |   icmp   |      0|  0|   2|           2|           2|
    |Range2_all_ones_3_fu_2385_p2          |   icmp   |      0|  0|   2|           2|           2|
    |exitcond2_fu_1864_p2                  |   icmp   |      0|  0|   4|           3|           4|
    |exitcond5_1_fu_2802_p2                |   icmp   |      0|  0|   3|           2|           3|
    |exitcond5_fu_2549_p2                  |   icmp   |      0|  0|   3|           2|           3|
    |exitcond_fu_3055_p2                   |   icmp   |      0|  0|   3|           2|           3|
    |p_not38_i_i_1_1_fu_694_p2             |   icmp   |      0|  0|   2|           2|           2|
    |p_not38_i_i_fu_607_p2                 |   icmp   |      0|  0|   2|           2|           2|
    |p_not_i_i_1_1_fu_664_p2               |   icmp   |      0|  0|   2|           2|           1|
    |p_not_i_i_fu_577_p2                   |   icmp   |      0|  0|   2|           2|           1|
    |r_1_fu_3327_p2                        |   icmp   |      0|  0|  30|          24|           1|
    |r_2_1_fu_2903_p2                      |   icmp   |      0|  0|  61|          48|           1|
    |r_2_fu_2650_p2                        |   icmp   |      0|  0|  61|          48|           1|
    |r_5_fu_2335_p2                        |   icmp   |      0|  0|  28|          22|           1|
    |r_6_fu_3685_p2                        |   icmp   |      0|  0|  14|          12|           1|
    |r_7_fu_1110_p2                        |   icmp   |      0|  0|   6|           6|           1|
    |r_8_fu_1195_p2                        |   icmp   |      0|  0|   6|           6|           1|
    |r_9_fu_3198_p2                        |   icmp   |      0|  0|  31|          25|           1|
    |r_fu_1241_p2                          |   icmp   |      0|  0|   6|           6|           1|
    |r_s_fu_1273_p2                        |   icmp   |      0|  0|   6|           6|           1|
    |sel_tmp17_fu_2015_p2                  |   icmp   |      0|  0|   2|           2|           1|
    |sel_tmp18_fu_2020_p2                  |   icmp   |      0|  0|   2|           2|           1|
    |sel_tmp19_fu_2025_p2                  |   icmp   |      0|  0|   3|           2|           3|
    |sel_tmp2_fu_1892_p2                   |   icmp   |      0|  0|   3|           2|           3|
    |sel_tmp4_fu_1905_p2                   |   icmp   |      0|  0|   2|           2|           1|
    |sel_tmp_fu_1880_p2                    |   icmp   |      0|  0|   2|           2|           1|
    |tmp_s_fu_1916_p2                      |   icmp   |      0|  0|  29|          23|           1|
    |brmerge1_fu_851_p2                    |    or    |      0|  0|   1|           1|           1|
    |brmerge39_i_i_1_1_fu_700_p2           |    or    |      0|  0|   1|           1|           1|
    |brmerge39_i_i_fu_613_p2               |    or    |      0|  0|   1|           1|           1|
    |brmerge8_fu_1974_p2                   |    or    |      0|  0|   1|           1|           1|
    |brmerge_1_1_fu_969_p2                 |    or    |      0|  0|   1|           1|           1|
    |brmerge_2_fu_737_p2                   |    or    |      0|  0|   1|           1|           1|
    |brmerge_i1_1_fu_1541_p2               |    or    |      0|  0|   1|           1|           1|
    |brmerge_i1_2_fu_1577_p2               |    or    |      0|  0|   1|           1|           1|
    |brmerge_i1_3_fu_1647_p2               |    or    |      0|  0|   1|           1|           1|
    |brmerge_i1_fu_1467_p2                 |    or    |      0|  0|   1|           1|           1|
    |brmerge_i2_fu_3764_p2                 |    or    |      0|  0|   1|           1|           1|
    |brmerge_i_i4_1_fu_1778_p2             |    or    |      0|  0|   1|           1|           1|
    |brmerge_i_i4_2_fu_1816_p2             |    or    |      0|  0|   1|           1|           1|
    |brmerge_i_i4_3_fu_1840_p2             |    or    |      0|  0|   1|           1|           1|
    |brmerge_i_i4_fu_1720_p2               |    or    |      0|  0|   1|           1|           1|
    |brmerge_i_i5_fu_3783_p2               |    or    |      0|  0|   1|           1|           1|
    |brmerge_i_i6_fu_3467_p2               |    or    |      0|  0|   1|           1|           1|
    |brmerge_i_i7_1_fu_2988_p2             |    or    |      0|  0|   1|           1|           1|
    |brmerge_i_i7_fu_2735_p2               |    or    |      0|  0|   1|           1|           1|
    |brmerge_i_i8_fu_2474_p2               |    or    |      0|  0|   1|           1|           1|
    |brmerge_i_i9_fu_3519_p2               |    or    |      0|  0|   1|           1|           1|
    |brmerge_i_i_1_1_fu_670_p2             |    or    |      0|  0|   1|           1|           1|
    |brmerge_i_i_fu_583_p2                 |    or    |      0|  0|   1|           1|           1|
    |brmerge_i_i_i2_fu_3576_p2             |    or    |      0|  0|   1|           1|           1|
    |brmerge_i_i_i3_1_fu_3027_p2           |    or    |      0|  0|   1|           1|           1|
    |brmerge_i_i_i3_fu_2774_p2             |    or    |      0|  0|   1|           1|           1|
    |brmerge_i_i_i4_fu_2521_p2             |    or    |      0|  0|   1|           1|           1|
    |brmerge_i_i_i5_fu_3538_p2             |    or    |      0|  0|   1|           1|           1|
    |brmerge_i_i_i_1_1_fu_960_p2           |    or    |      0|  0|   1|           1|           1|
    |brmerge_i_i_i_fu_842_p2               |    or    |      0|  0|   1|           1|           1|
    |not_carry_5_fu_3732_p2                |    or    |      0|  0|   1|           1|           1|
    |not_carry_7_fu_3435_p2                |    or    |      0|  0|   1|           1|           1|
    |r_i_i1_fu_3690_p2                     |    or    |      0|  0|   1|           1|           1|
    |r_i_i_1_fu_1278_p2                    |    or    |      0|  0|   1|           1|           1|
    |r_i_i_2_fu_1132_p2                    |    or    |      0|  0|   1|           1|           1|
    |r_i_i_3_fu_1217_p2                    |    or    |      0|  0|   1|           1|           1|
    |r_i_i_fu_1246_p2                      |    or    |      0|  0|   1|           1|           1|
    |r_i_i_i1_fu_3219_p2                   |    or    |      0|  0|   1|           1|           1|
    |r_i_i_i2_1_fu_2924_p2                 |    or    |      0|  0|   1|           1|           1|
    |r_i_i_i2_fu_2671_p2                   |    or    |      0|  0|   1|           1|           1|
    |r_i_i_i3_fu_3348_p2                   |    or    |      0|  0|   1|           1|           1|
    |r_i_i_i_fu_2356_p2                    |    or    |      0|  0|   1|           1|           1|
    |tmp100_fu_1784_p2                     |    or    |      0|  0|   1|           1|           1|
    |tmp103_fu_1615_p2                     |    or    |      0|  0|   1|           1|           1|
    |tmp106_fu_1685_p2                     |    or    |      0|  0|   1|           1|           1|
    |tmp113_fu_2510_p2                     |    or    |      0|  0|   1|           1|           1|
    |tmp115_fu_2762_p2                     |    or    |      0|  0|   1|           1|           1|
    |tmp117_fu_3015_p2                     |    or    |      0|  0|   1|           1|           1|
    |tmp118_fu_3789_p2                     |    or    |      0|  0|   1|           1|           1|
    |tmp120_fu_3503_p2                     |    or    |      0|  0|   1|           1|           1|
    |tmp121_fu_3544_p2                     |    or    |      0|  0|   1|           1|           1|
    |tmp184_demorgan_fu_1551_p2            |    or    |      0|  0|   1|           1|           1|
    |tmp186_demorgan_fu_1598_p2            |    or    |      0|  0|   1|           1|           1|
    |tmp188_demorgan_fu_1668_p2            |    or    |      0|  0|   1|           1|           1|
    |tmp193_demorgan_fu_2494_p2            |    or    |      0|  0|   1|           1|           1|
    |tmp199_demorgan_fu_3487_p2            |    or    |      0|  0|   1|           1|           1|
    |tmp201_demorgan_fu_3529_p2            |    or    |      0|  0|   1|           1|           1|
    |tmp203_demorgan_fu_3774_p2            |    or    |      0|  0|   1|           1|           1|
    |tmp93_fu_1726_p2                      |    or    |      0|  0|   1|           1|           1|
    |tmp_108_fu_2725_p2                    |    or    |      0|  0|   1|           1|           1|
    |tmp_115_1_fu_2978_p2                  |    or    |      0|  0|   1|           1|           1|
    |tmp_90_fu_490_p2                      |    or    |      0|  0|   8|           6|           1|
    |tmp_demorgan_fu_1477_p2               |    or    |      0|  0|   1|           1|           1|
    |underflow_3_not_1_fu_1789_p2          |    or    |      0|  0|   1|           1|           1|
    |underflow_3_not_2_fu_1621_p2          |    or    |      0|  0|   1|           1|           1|
    |underflow_3_not_3_fu_1691_p2          |    or    |      0|  0|   1|           1|           1|
    |underflow_3_not_fu_1731_p2            |    or    |      0|  0|   1|           1|           1|
    |underflow_5_not_fu_2516_p2            |    or    |      0|  0|   1|           1|           1|
    |underflow_6_not_1_fu_3021_p2          |    or    |      0|  0|   1|           1|           1|
    |underflow_6_not_fu_2768_p2            |    or    |      0|  0|   1|           1|           1|
    |underflow_7_not_fu_3509_p2            |    or    |      0|  0|   1|           1|           1|
    |underflow_8_not_fu_3549_p2            |    or    |      0|  0|   1|           1|           1|
    |underflow_9_not_fu_3794_p2            |    or    |      0|  0|   1|           1|           1|
    |underflow_not_3_1_fu_790_p2           |    or    |      0|  0|   1|           1|           1|
    |brmerge_i_i3_fu_1962_p2               |    xor   |      0|  0|   1|           1|           1|
    |brmerge_i_i_i_2_fu_728_p2             |    xor   |      0|  0|   1|           1|           1|
    |brmerge_i_i_i_3_1_fu_786_p2           |    xor   |      0|  0|   1|           1|           1|
    |deleted_zeros_1_fu_3738_p2            |    xor   |      0|  0|   1|           1|           1|
    |deleted_zeros_4_fu_3441_p2            |    xor   |      0|  0|   1|           1|           1|
    |isneg_5_not_fu_1968_p2                |    xor   |      0|  0|   2|           1|           2|
    |newsignbit_0_not_i_i_1_1_fu_688_p2    |    xor   |      0|  0|   2|           1|           2|
    |newsignbit_0_not_i_i_fu_601_p2        |    xor   |      0|  0|   2|           1|           2|
    |p_Result_25_2_0_not_fu_732_p2         |    xor   |      0|  0|   2|           1|           2|
    |p_Result_38_not_fu_3727_p2            |    xor   |      0|  0|   2|           1|           2|
    |p_Result_59_1_not_fu_2973_p2          |    xor   |      0|  0|   2|           1|           2|
    |p_Result_59_not_fu_2720_p2            |    xor   |      0|  0|   2|           1|           2|
    |p_Result_76_not_fu_3430_p2            |    xor   |      0|  0|   2|           1|           2|
    |p_not_i1_fu_3748_p2                   |    xor   |      0|  0|   2|           1|           2|
    |p_not_i_1_fu_1535_p2                  |    xor   |      0|  0|   2|           1|           2|
    |p_not_i_2_fu_1571_p2                  |    xor   |      0|  0|   2|           1|           2|
    |p_not_i_3_fu_1641_p2                  |    xor   |      0|  0|   2|           1|           2|
    |p_not_i_fu_1461_p2                    |    xor   |      0|  0|   2|           1|           2|
    |p_not_i_i2_fu_3462_p2                 |    xor   |      0|  0|   2|           1|           2|
    |p_not_i_i3_1_fu_2983_p2               |    xor   |      0|  0|   1|           1|           1|
    |p_not_i_i3_fu_2730_p2                 |    xor   |      0|  0|   1|           1|           1|
    |p_not_i_i4_fu_2469_p2                 |    xor   |      0|  0|   2|           1|           2|
    |p_not_i_i5_fu_3451_p2                 |    xor   |      0|  0|   2|           1|           2|
    |sel_tmp9_fu_2004_p2                   |    xor   |      0|  0|   2|           1|           2|
    |tmp102_fu_1604_p2                     |    xor   |      0|  0|   2|           1|           2|
    |tmp105_fu_1674_p2                     |    xor   |      0|  0|   2|           1|           2|
    |tmp112_fu_2499_p2                     |    xor   |      0|  0|   2|           1|           2|
    |tmp114_fu_2751_p2                     |    xor   |      0|  0|   1|           1|           1|
    |tmp116_fu_3004_p2                     |    xor   |      0|  0|   1|           1|           1|
    |tmp119_fu_3492_p2                     |    xor   |      0|  0|   2|           1|           2|
    |tmp99_fu_1768_p2                      |    xor   |      0|  0|   2|           1|           2|
    |tmp_102_fu_2441_p2                    |    xor   |      0|  0|   2|           1|           2|
    |tmp_103_fu_2413_p2                    |    xor   |      0|  0|   2|           1|           2|
    |tmp_104_fu_2479_p2                    |    xor   |      0|  0|   2|           1|           2|
    |tmp_105_fu_2698_p2                    |    xor   |      0|  0|   2|           1|           2|
    |tmp_106_fu_3472_p2                    |    xor   |      0|  0|   2|           1|           2|
    |tmp_107_fu_2708_p2                    |    xor   |      0|  0|   2|           1|           2|
    |tmp_108_1_fu_2951_p2                  |    xor   |      0|  0|   2|           1|           2|
    |tmp_112_1_fu_2961_p2                  |    xor   |      0|  0|   2|           1|           2|
    |tmp_113_fu_3419_p2                    |    xor   |      0|  0|   2|           1|           2|
    |tmp_114_fu_3514_p2                    |    xor   |      0|  0|   2|           1|           2|
    |tmp_2_fu_718_p2                       |    xor   |      0|  0|   2|           1|           2|
    |tmp_43_1_fu_1483_p2                   |    xor   |      0|  0|   2|           1|           2|
    |tmp_43_2_fu_1326_p2                   |    xor   |      0|  0|   2|           1|           2|
    |tmp_43_3_fu_1378_p2                   |    xor   |      0|  0|   2|           1|           2|
    |tmp_44_1_1_fu_676_p2                  |    xor   |      0|  0|   2|           1|           2|
    |tmp_44_3_1_fu_771_p2                  |    xor   |      0|  0|   2|           1|           2|
    |tmp_46_fu_1950_p2                     |    xor   |      0|  0|   2|           1|           2|
    |tmp_49_1_fu_1511_p2                   |    xor   |      0|  0|   2|           1|           2|
    |tmp_49_2_fu_1347_p2                   |    xor   |      0|  0|   2|           1|           2|
    |tmp_49_3_fu_1399_p2                   |    xor   |      0|  0|   2|           1|           2|
    |tmp_49_fu_1437_p2                     |    xor   |      0|  0|   2|           1|           2|
    |tmp_73_1_fu_1758_p2                   |    xor   |      0|  0|   2|           1|           2|
    |tmp_73_2_fu_1582_p2                   |    xor   |      0|  0|   2|           1|           2|
    |tmp_73_3_fu_1652_p2                   |    xor   |      0|  0|   2|           1|           2|
    |tmp_73_fu_1700_p2                     |    xor   |      0|  0|   2|           1|           2|
    |tmp_75_fu_3716_p2                     |    xor   |      0|  0|   2|           1|           2|
    |tmp_77_fu_3375_p2                     |    xor   |      0|  0|   2|           1|           2|
    |tmp_83_fu_3759_p2                     |    xor   |      0|  0|   2|           1|           2|
    |tmp_84_fu_3276_p2                     |    xor   |      0|  0|   2|           1|           2|
    |tmp_89_fu_589_p2                      |    xor   |      0|  0|   2|           1|           2|
    |tmp_91_fu_1409_p2                     |    xor   |      0|  0|   2|           1|           2|
    |tmp_99_fu_776_p2                      |    xor   |      0|  0|   2|           1|           2|
    |tmp_fu_1710_p2                        |    xor   |      0|  0|   2|           1|           2|
    |underflow_14_fu_3778_p2               |    xor   |      0|  0|   1|           1|           1|
    |underflow_16_fu_3533_p2               |    xor   |      0|  0|   1|           1|           1|
    |underflow_not_1_1_fu_964_p2           |    xor   |      0|  0|   2|           1|           2|
    |underflow_not_fu_846_p2               |    xor   |      0|  0|   2|           1|           2|
    +--------------------------------------+----------+-------+---+----+------------+------------+
    |Total                                 |          |      0|  0|3712|        1462|        3298|
    +--------------------------------------+----------+-------+---+----+------------+------------+

    * Multiplexer: 
    +-------------------+-----+-----------+-----+-----------+
    |        Name       | LUT | Input Size| Bits| Total Bits|
    +-------------------+-----+-----------+-----+-----------+
    |ap_NS_fsm          |  126|         64|    1|         64|
    |i_2_reg_460        |    2|          2|    2|          4|
    |j1_1_reg_425       |    2|          2|    2|          4|
    |j1_reg_402         |    2|          2|    2|          4|
    |k_reg_379          |    3|          2|    3|          6|
    |p_Val2_18_reg_448  |   32|          2|   32|         64|
    |p_Val2_28_reg_436  |   31|          2|   31|         62|
    |p_Val2_33_reg_367  |   29|          2|   29|         58|
    |reg_472            |   29|          2|   29|         58|
    |xH_V_1_reg_413     |   32|          2|   32|         64|
    |xH_V_reg_390       |   32|          2|   32|         64|
    |x_V_address0       |    6|          4|    6|         24|
    |x_V_address1       |    6|          3|    6|         18|
    +-------------------+-----+-----------+-----+-----------+
    |Total              |  332|         91|  207|        494|
    +-------------------+-----+-----------+-----+-----------+

    * Register: 
    +----------------------------------+----+----+-----+-----------+
    |               Name               | FF | LUT| Bits| Const Bits|
    +----------------------------------+----+----+-----+-----------+
    |G_V_load_phi_reg_4769             |  28|   0|   28|          0|
    |Gx_V_reg_4974                     |  31|   0|   31|          0|
    |OP2_V_4_1_cast_cast_reg_4663      |   7|   0|   75|         68|
    |OP2_V_4_cast_cast_reg_4557        |  10|   0|   75|         65|
    |Range1_all_ones_2_reg_4860        |   1|   0|    1|          0|
    |Range1_all_ones_3_reg_4183        |   1|   0|    1|          0|
    |Range1_all_ones_4_reg_4473        |   1|   0|    1|          0|
    |Range1_all_ones_7_reg_4147        |   1|   0|    1|          0|
    |Range1_all_zeros_2_reg_4867       |   1|   0|    1|          0|
    |Range1_all_zeros_3_reg_4480       |   1|   0|    1|          0|
    |Range1_all_zeros_7_reg_4154       |   1|   0|    1|          0|
    |Range1_all_zeros_8_reg_4190       |   1|   0|    1|          0|
    |aa_0_V_reg_4289                   |  23|   0|   23|          0|
    |aa_1_V_reg_4294                   |  23|   0|   23|          0|
    |aa_2_V_reg_4299                   |  23|   0|   23|          0|
    |aa_3_V_reg_4304                   |  23|   0|   23|          0|
    |ap_CS_fsm                         |  63|   0|   63|          0|
    |brmerge40_demorgan_i1_reg_5052    |   1|   0|    1|          0|
    |brmerge40_demorgan_i_1_reg_4230   |   1|   0|    1|          0|
    |brmerge40_demorgan_i_i3_reg_4953  |   1|   0|    1|          0|
    |brmerge40_demorgan_i_reg_4210     |   1|   0|    1|          0|
    |brmerge_i1_1_reg_4225             |   1|   0|    1|          0|
    |brmerge_i1_reg_4205               |   1|   0|    1|          0|
    |carry_1_2_reg_4140                |   1|   0|    1|          0|
    |carry_1_3_reg_4176                |   1|   0|    1|          0|
    |deleted_ones_2_reg_4919           |   1|   0|    1|          0|
    |deleted_ones_4_reg_4507           |   1|   0|    1|          0|
    |deleted_zeros_2_reg_4914          |   1|   0|    1|          0|
    |deleted_zeros_3_reg_4502          |   1|   0|    1|          0|
    |i_2_reg_460                       |   2|   0|    2|          0|
    |i_5_reg_4754                      |   2|   0|    2|          0|
    |j1_1_reg_425                      |   2|   0|    2|          0|
    |j1_reg_402                        |   2|   0|    2|          0|
    |j_2_1_reg_4648                    |   2|   0|    2|          0|
    |j_2_reg_4542                      |   2|   0|    2|          0|
    |k_1_reg_4312                      |   3|   0|    3|          0|
    |k_reg_379                         |   3|   0|    3|          0|
    |min_0_V_reg_4358                  |  27|   0|   27|          0|
    |min_3_V_31_fu_266                 |  27|   0|   27|          0|
    |min_3_V_32_fu_270                 |  27|   0|   27|          0|
    |min_3_V_33_fu_274                 |  27|   0|   27|          0|
    |min_3_V_38_reg_4403               |  27|   0|   27|          0|
    |min_3_V_45_reg_4416               |  27|   0|   27|          0|
    |min_3_V_51_reg_4421               |  27|   0|   27|          0|
    |min_3_V_56_reg_4426               |  27|   0|   27|          0|
    |min_V_fu_262                      |  27|   0|   27|          0|
    |newsignbit_13_reg_4496            |   1|   0|    1|          0|
    |newsignbit_14_reg_4908            |   1|   0|    1|          0|
    |newsignbit_15_reg_4936            |   1|   0|    1|          0|
    |newsignbit_16_reg_5035            |   1|   0|    1|          0|
    |overflow12_reg_3899               |   1|   0|    1|          0|
    |overflow_14_reg_4958              |   1|   0|    1|          0|
    |overflow_1_1_reg_3917             |   1|   0|    1|          0|
    |overflow_3_2_reg_4240             |   1|   0|    1|          0|
    |overflow_3_3_reg_4256             |   1|   0|    1|          0|
    |overflow_6_1_reg_4730             |   1|   0|    1|          0|
    |overflow_6_reg_4624               |   1|   0|    1|          0|
    |overflow_reg_4518                 |   1|   0|    1|          0|
    |p_38_i1_reg_5041                  |   1|   0|    1|          0|
    |p_38_i_1_reg_4220                 |   1|   0|    1|          0|
    |p_38_i_i1_reg_4924                |   1|   0|    1|          0|
    |p_38_i_i2_reg_4942                |   1|   0|    1|          0|
    |p_38_i_i_reg_4512                 |   1|   0|    1|          0|
    |p_38_i_reg_4200                   |   1|   0|    1|          0|
    |p_41_i_2_reg_4159                 |   1|   0|    1|          0|
    |p_41_i_3_reg_4195                 |   1|   0|    1|          0|
    |p_41_i_i1_reg_4872                |   1|   0|    1|          0|
    |p_41_i_i_reg_4485                 |   1|   0|    1|          0|
    |p_Val2_10_1_reg_3990              |  23|   0|   23|          0|
    |p_Val2_10_2_reg_4033              |  23|   0|   23|          0|
    |p_Val2_10_3_reg_4071              |  23|   0|   23|          0|
    |p_Val2_10_reg_3947                |  23|   0|   23|          0|
    |p_Val2_13_1_reg_4115              |  23|   0|   23|          0|
    |p_Val2_13_2_reg_4128              |  23|   0|   23|          0|
    |p_Val2_13_3_reg_4164              |  23|   0|   23|          0|
    |p_Val2_13_reg_4102                |  23|   0|   23|          0|
    |p_Val2_17_reg_4998                |  32|   0|   32|          0|
    |p_Val2_18_reg_448                 |  32|   0|   32|          0|
    |p_Val2_20_reg_4845                |  32|   0|   32|          0|
    |p_Val2_21_reg_4902                |  32|   0|   32|          0|
    |p_Val2_22_reg_5029                |  32|   0|   32|          0|
    |p_Val2_24_1_reg_4673              |  75|   0|   75|          0|
    |p_Val2_24_reg_4567                |  75|   0|   75|          0|
    |p_Val2_26_1_reg_4696              |  32|   0|   32|          0|
    |p_Val2_26_reg_4590                |  32|   0|   32|          0|
    |p_Val2_27_reg_4437                |  54|   0|   54|          0|
    |p_Val2_28_reg_436                 |  31|   0|   31|          0|
    |p_Val2_29_reg_4824                |  56|   0|   56|          0|
    |p_Val2_31_reg_4886                |  31|   0|   31|          0|
    |p_Val2_32_1_reg_4712              |  32|   0|   32|          0|
    |p_Val2_32_reg_4930                |  31|   0|   31|          0|
    |p_Val2_33_reg_367                 |  29|   0|   29|          0|
    |p_Val2_35_reg_4458                |  29|   0|   29|          0|
    |p_Val2_36_reg_4490                |  29|   0|   29|          0|
    |p_Val2_6_101_reg_4984             |  44|   0|   44|          0|
    |p_Val2_7_99_reg_4809              |  61|   0|   61|          0|
    |p_Val2_s_94_reg_4606              |  32|   0|   32|          0|
    |p_addr8_cast_reg_4282             |   5|   0|    7|          2|
    |p_not_i1_reg_5047                 |   1|   0|    1|          0|
    |p_not_i_i5_reg_4948               |   1|   0|    1|          0|
    |qb_assign_3_reg_5024              |   1|   0|    1|          0|
    |qb_assign_5_reg_4855              |   1|   0|    1|          0|
    |qb_assign_7_1_reg_4707            |   1|   0|    1|          0|
    |qb_assign_7_reg_4601              |   1|   0|    1|          0|
    |qb_assign_9_reg_4468              |   1|   0|    1|          0|
    |qb_assign_s_reg_4897              |   1|   0|    1|          0|
    |qbit_10_reg_4814                  |   1|   0|    1|          0|
    |qbit_11_reg_4829                  |   1|   0|    1|          0|
    |qbit_12_reg_5003                  |   1|   0|    1|          0|
    |qbit_reg_4442                     |   1|   0|    1|          0|
    |r_V_1_reg_4784                    |  29|   0|   29|          0|
    |r_i_i_2_reg_4048                  |   1|   0|    1|          0|
    |r_i_i_3_reg_4086                  |   1|   0|    1|          0|
    |reg_472                           |  29|   0|   29|          0|
    |sel_tmp10_reg_4372                |   1|   0|    1|          0|
    |sel_tmp20_reg_4378                |   1|   0|    1|          0|
    |sel_tmp23_reg_4408                |   1|   0|    1|          0|
    |sel_tmp2_reg_4331                 |   1|   0|    1|          0|
    |sel_tmp3_reg_4338                 |  23|   0|   23|          0|
    |sel_tmp4_reg_4343                 |   1|   0|    1|          0|
    |sel_tmp9_reg_4366                 |   1|   0|    1|          0|
    |sel_tmp_reg_4324                  |   1|   0|    1|          0|
    |signbit_7_reg_4839                |   1|   0|    1|          0|
    |signbit_8_reg_4877                |   1|   0|    1|          0|
    |signbit_9_reg_4989                |   1|   0|    1|          0|
    |signbit_reg_4452                  |   1|   0|    1|          0|
    |this_assign_1_2_reg_3930          |  29|   0|   29|          0|
    |this_assign_1_3_1_reg_3935        |  29|   0|   29|          0|
    |tmp184_demorgan_reg_4235          |   1|   0|    1|          0|
    |tmp_100_reg_4096                  |   2|   0|    2|          0|
    |tmp_105_reg_4619                  |   1|   0|    1|          0|
    |tmp_108_1_reg_4725                |   1|   0|    1|          0|
    |tmp_177_reg_3894                  |  28|   0|   28|          0|
    |tmp_180_reg_3940                  |   1|   0|    1|          0|
    |tmp_181_reg_3952                  |   1|   0|    1|          0|
    |tmp_182_reg_3957                  |   6|   0|    6|          0|
    |tmp_183_reg_3962                  |   1|   0|    1|          0|
    |tmp_184_reg_3967                  |   1|   0|    1|          0|
    |tmp_185_reg_4108                  |   1|   0|    1|          0|
    |tmp_186_reg_3972                  |   1|   0|    1|          0|
    |tmp_187_reg_3912                  |  28|   0|   28|          0|
    |tmp_190_reg_3983                  |   1|   0|    1|          0|
    |tmp_191_reg_3995                  |   1|   0|    1|          0|
    |tmp_192_reg_4000                  |   6|   0|    6|          0|
    |tmp_193_reg_4005                  |   1|   0|    1|          0|
    |tmp_194_reg_4010                  |   1|   0|    1|          0|
    |tmp_195_reg_4121                  |   1|   0|    1|          0|
    |tmp_196_reg_4015                  |   1|   0|    1|          0|
    |tmp_198_reg_3866                  |   1|   0|    1|          0|
    |tmp_199_reg_3873                  |   1|   0|    1|          0|
    |tmp_200_reg_4026                  |   1|   0|    1|          0|
    |tmp_201_reg_4038                  |   1|   0|    1|          0|
    |tmp_203_reg_4043                  |   1|   0|    1|          0|
    |tmp_205_reg_4134                  |   1|   0|    1|          0|
    |tmp_206_reg_4053                  |   1|   0|    1|          0|
    |tmp_208_reg_3880                  |   1|   0|    1|          0|
    |tmp_209_reg_3887                  |   1|   0|    1|          0|
    |tmp_210_reg_4064                  |   1|   0|    1|          0|
    |tmp_211_reg_4076                  |   1|   0|    1|          0|
    |tmp_213_reg_4081                  |   1|   0|    1|          0|
    |tmp_215_reg_4170                  |   1|   0|    1|          0|
    |tmp_216_reg_4091                  |   1|   0|    1|          0|
    |tmp_217_reg_4317                  |   2|   0|    2|          0|
    |tmp_223_reg_4447                  |  22|   0|   22|          0|
    |tmp_224_reg_4463                  |   1|   0|    1|          0|
    |tmp_228_reg_4552                  |   1|   0|    1|          0|
    |tmp_229_reg_4582                  |   1|   0|    1|          0|
    |tmp_230_reg_4572                  |   1|   0|    1|          0|
    |tmp_231_reg_4577                  |  48|   0|   48|          0|
    |tmp_232_reg_4595                  |   1|   0|    1|          0|
    |tmp_234_reg_4612                  |   1|   0|    1|          0|
    |tmp_235_reg_4658                  |   1|   0|    1|          0|
    |tmp_236_reg_4688                  |   1|   0|    1|          0|
    |tmp_237_reg_4678                  |   1|   0|    1|          0|
    |tmp_238_reg_4683                  |  48|   0|   48|          0|
    |tmp_239_reg_4701                  |   1|   0|    1|          0|
    |tmp_241_reg_4718                  |   1|   0|    1|          0|
    |tmp_244_reg_5008                  |  12|   0|   12|          0|
    |tmp_245_reg_5013                  |   1|   0|    1|          0|
    |tmp_246_reg_5019                  |   1|   0|    1|          0|
    |tmp_248_reg_4759                  |   1|   0|    1|          0|
    |tmp_251_reg_4819                  |  25|   0|   25|          0|
    |tmp_252_reg_4850                  |   1|   0|    1|          0|
    |tmp_258_reg_4834                  |  24|   0|   24|          0|
    |tmp_259_reg_4891                  |   1|   0|    1|          0|
    |tmp_85_reg_3845                   |   5|   0|    6|          1|
    |tmp_92_reg_3977                   |   2|   0|    2|          0|
    |tmp_97_reg_4020                   |   2|   0|    2|          0|
    |tmp_98_reg_4058                   |   2|   0|    2|          0|
    |tmp_demorgan_reg_4215             |   1|   0|    1|          0|
    |tmp_s_reg_4351                    |   1|   0|    1|          0|
    |underflow12_reg_3905              |   1|   0|    1|          0|
    |underflow_13_reg_4523             |   1|   0|    1|          0|
    |underflow_15_reg_4963             |   1|   0|    1|          0|
    |underflow_1_1_reg_3923            |   1|   0|    1|          0|
    |underflow_3_2_reg_4245            |   1|   0|    1|          0|
    |underflow_3_3_reg_4261            |   1|   0|    1|          0|
    |underflow_3_not_2_reg_4251        |   1|   0|    1|          0|
    |underflow_3_not_3_reg_4267        |   1|   0|    1|          0|
    |underflow_5_not_reg_4529          |   1|   0|    1|          0|
    |underflow_6_1_reg_4735            |   1|   0|    1|          0|
    |underflow_6_not_1_reg_4741        |   1|   0|    1|          0|
    |underflow_6_not_reg_4635          |   1|   0|    1|          0|
    |underflow_6_reg_4629              |   1|   0|    1|          0|
    |underflow_7_not_reg_4969          |   1|   0|    1|          0|
    |xH_V_1_reg_413                    |  32|   0|   32|          0|
    |xH_V_load_phi_reg_4779            |  32|   0|   32|          0|
    |xH_V_reg_390                      |  32|   0|   32|          0|
    |x_V_load_7_reg_3860               |  29|   0|   29|          0|
    +----------------------------------+----+----+-----+-----------+
    |Total                             |2168|   0| 2304|        136|
    +----------------------------------+----+----+-----+-----------+



================================================================
== Interface
================================================================
* Summary: 
+---------------+-----+-----+------------+-------------------+--------------+
|   RTL Ports   | Dir | Bits|  Protocol  |   Source Object   |    C Type    |
+---------------+-----+-----+------------+-------------------+--------------+
|ap_clk         |  in |    1| ap_ctrl_hs | Compult_fitness.1 | return value |
|ap_rst         |  in |    1| ap_ctrl_hs | Compult_fitness.1 | return value |
|ap_start       |  in |    1| ap_ctrl_hs | Compult_fitness.1 | return value |
|ap_done        | out |    1| ap_ctrl_hs | Compult_fitness.1 | return value |
|ap_idle        | out |    1| ap_ctrl_hs | Compult_fitness.1 | return value |
|ap_ready       | out |    1| ap_ctrl_hs | Compult_fitness.1 | return value |
|ap_return      | out |   32| ap_ctrl_hs | Compult_fitness.1 | return value |
|x_V_address0   | out |    6|  ap_memory |        x_V        |     array    |
|x_V_ce0        | out |    1|  ap_memory |        x_V        |     array    |
|x_V_q0         |  in |   29|  ap_memory |        x_V        |     array    |
|x_V_address1   | out |    6|  ap_memory |        x_V        |     array    |
|x_V_ce1        | out |    1|  ap_memory |        x_V        |     array    |
|x_V_q1         |  in |   29|  ap_memory |        x_V        |     array    |
|i_op_assign_8  |  in |    5|   ap_none  |   i_op_assign_8   |    scalar    |
|p_read         |  in |   28|   ap_none  |       p_read      |    scalar    |
|p_read1        |  in |   28|   ap_none  |      p_read1      |    scalar    |
|p_read2        |  in |   31|   ap_none  |      p_read2      |    scalar    |
|p_read3        |  in |   31|   ap_none  |      p_read3      |    scalar    |
|p_read4        |  in |   31|   ap_none  |      p_read4      |    scalar    |
|p_read5        |  in |   31|   ap_none  |      p_read5      |    scalar    |
+---------------+-----+-----+------------+-------------------+--------------+

